TN:
SF:src/lib/bundle/anonymous.ts
FN:2,__name
FN:19,anonymousCallExpressionHandler
FN:23,anonymous_2
FN:24,anonymous_3
FN:25,anonymous_4
FN:27,anonymous_5
FN:35,anonymous_6
FN:45,anonymous_7
FN:53,anonymous_8
FN:61,anonymous_9
FN:69,anonymousExportHandler
FN:72,anonymous_11
FN:75,anonymous_12
FN:76,anonymous_13
FN:83,anonymous_14
FN:272,anonymous_15
FN:280,anonymousImportHandler
FN:281,anonymous_17
FN:285,anonymous_18
FN:286,anonymous_19
FN:295,anonymous_20
FN:311,anonymous_21
FN:321,anonymous_22
FNDA:28,__name
FNDA:3,anonymousCallExpressionHandler
FNDA:4,anonymous_2
FNDA:4,anonymous_3
FNDA:78,anonymous_4
FNDA:2,anonymous_5
FNDA:4,anonymous_6
FNDA:0,anonymous_7
FNDA:0,anonymous_8
FNDA:4,anonymous_9
FNDA:3,anonymousExportHandler
FNDA:4,anonymous_11
FNDA:4,anonymous_12
FNDA:73,anonymous_13
FNDA:2,anonymous_14
FNDA:4,anonymous_15
FNDA:3,anonymousImportHandler
FNDA:4,anonymous_17
FNDA:4,anonymous_18
FNDA:76,anonymous_19
FNDA:3,anonymous_20
FNDA:4,anonymous_21
FNDA:9,anonymous_22
FNF:23
FNH:21
BRDA:1,0,0,1
BRDA:2,1,0,28
BRDA:19,2,0,3
BRDA:23,3,0,4
BRDA:24,4,0,4
BRDA:25,5,0,78
BRDA:25,6,0,5
BRDA:25,7,0,2
BRDA:27,8,0,1
BRDA:31,9,0,73
BRDA:33,10,0,4
BRDA:37,11,0,0
BRDA:41,12,0,69
BRDA:42,13,0,0
BRDA:50,14,0,0
BRDA:60,15,0,77
BRDA:27,16,0,2
BRDA:27,17,0,1
BRDA:35,18,0,4
BRDA:36,19,0,0
BRDA:61,20,0,4
BRDA:69,21,0,3
BRDA:72,22,0,4
BRDA:75,23,0,4
BRDA:76,24,0,73
BRDA:79,25,0,72
BRDA:81,26,0,1
BRDA:81,27,0,1
BRDA:98,28,0,0
BRDA:107,29,0,72
BRDA:107,30,0,0
BRDA:109,31,0,0
BRDA:269,32,0,72
BRDA:83,33,0,2
BRDA:87,34,0,1
BRDA:88,35,0,1
BRDA:272,36,0,4
BRDA:280,37,0,3
BRDA:281,38,0,4
BRDA:285,39,0,4
BRDA:286,40,0,76
BRDA:287,41,0,3
BRDA:296,42,0,1
BRDA:308,43,0,75
BRDA:295,44,0,3
BRDA:311,45,0,4
BRDA:321,46,0,3
BRDA:328,47,0,9
BRF:48
BRH:41
DA:1,1
DA:2,1
DA:3,1
DA:4,1
DA:5,1
DA:6,1
DA:7,1
DA:8,1
DA:9,1
DA:10,1
DA:11,1
DA:12,1
DA:13,1
DA:14,1
DA:15,1
DA:16,1
DA:17,1
DA:18,1
DA:19,1
DA:20,3
DA:21,3
DA:22,3
DA:23,3
DA:24,4
DA:25,78
DA:26,2
DA:27,2
DA:28,1
DA:29,1
DA:30,1
DA:31,78
DA:32,73
DA:33,73
DA:34,4
DA:35,4
DA:36,4
DA:37,4
DA:38,0
DA:39,0
DA:40,0
DA:41,73
DA:42,69
DA:43,0
DA:44,0
DA:45,0
DA:46,0
DA:47,0
DA:48,0
DA:49,69
DA:50,69
DA:51,0
DA:52,0
DA:53,0
DA:54,0
DA:55,0
DA:56,0
DA:57,0
DA:58,0
DA:59,0
DA:60,78
DA:61,4
DA:62,4
DA:63,4
DA:64,4
DA:65,4
DA:66,3
DA:67,1
DA:68,1
DA:69,1
DA:70,3
DA:71,3
DA:72,3
DA:73,4
DA:74,4
DA:75,4
DA:76,4
DA:77,73
DA:78,73
DA:79,73
DA:80,72
DA:81,73
DA:82,1
DA:83,1
DA:84,2
DA:85,2
DA:86,2
DA:87,2
DA:88,1
DA:89,1
DA:90,1
DA:91,1
DA:92,1
DA:93,1
DA:94,1
DA:95,1
DA:96,1
DA:97,1
DA:98,1
DA:99,0
DA:100,0
DA:101,0
DA:102,0
DA:103,0
DA:104,0
DA:105,0
DA:106,0
DA:107,73
DA:108,0
DA:109,72
DA:110,0
DA:111,0
DA:112,0
DA:113,0
DA:114,0
DA:115,0
DA:116,0
DA:117,0
DA:118,0
DA:119,0
DA:120,0
DA:121,0
DA:122,0
DA:123,0
DA:124,0
DA:125,0
DA:126,0
DA:127,0
DA:128,0
DA:129,0
DA:130,0
DA:131,0
DA:132,0
DA:133,0
DA:134,0
DA:135,0
DA:136,0
DA:137,0
DA:138,0
DA:139,0
DA:140,0
DA:141,0
DA:142,0
DA:143,0
DA:144,0
DA:145,0
DA:146,0
DA:147,0
DA:148,0
DA:149,0
DA:150,0
DA:151,0
DA:152,0
DA:153,0
DA:154,0
DA:155,0
DA:156,0
DA:157,0
DA:158,0
DA:159,0
DA:160,0
DA:161,0
DA:162,0
DA:163,0
DA:164,0
DA:165,0
DA:166,0
DA:167,0
DA:168,0
DA:169,0
DA:170,0
DA:171,0
DA:172,0
DA:173,0
DA:174,0
DA:175,0
DA:176,0
DA:177,0
DA:178,0
DA:179,0
DA:180,0
DA:181,0
DA:182,0
DA:183,0
DA:184,0
DA:185,0
DA:186,0
DA:187,0
DA:188,0
DA:189,0
DA:190,0
DA:191,0
DA:192,0
DA:193,0
DA:194,0
DA:195,0
DA:196,0
DA:197,0
DA:198,0
DA:199,0
DA:200,0
DA:201,0
DA:202,0
DA:203,0
DA:204,0
DA:205,0
DA:206,0
DA:207,0
DA:208,0
DA:209,0
DA:210,0
DA:211,0
DA:212,0
DA:213,0
DA:214,0
DA:215,0
DA:216,0
DA:217,0
DA:218,0
DA:219,0
DA:220,0
DA:221,0
DA:222,0
DA:223,0
DA:224,0
DA:225,0
DA:226,0
DA:227,0
DA:228,0
DA:229,0
DA:230,0
DA:231,0
DA:232,0
DA:233,0
DA:234,0
DA:235,0
DA:236,0
DA:237,0
DA:238,0
DA:239,0
DA:240,0
DA:241,0
DA:242,0
DA:243,0
DA:244,0
DA:245,0
DA:246,0
DA:247,0
DA:248,0
DA:249,0
DA:250,0
DA:251,0
DA:252,0
DA:253,0
DA:254,0
DA:255,0
DA:256,0
DA:257,0
DA:258,0
DA:259,0
DA:260,0
DA:261,0
DA:262,0
DA:263,0
DA:264,0
DA:265,0
DA:266,0
DA:267,0
DA:268,0
DA:269,73
DA:270,72
DA:271,4
DA:272,4
DA:273,4
DA:274,4
DA:275,4
DA:276,4
DA:277,4
DA:278,1
DA:279,1
DA:280,1
DA:281,3
DA:282,4
DA:283,4
DA:284,4
DA:285,4
DA:286,4
DA:287,76
DA:288,3
DA:289,3
DA:290,3
DA:291,3
DA:292,3
DA:293,3
DA:294,3
DA:295,3
DA:296,3
DA:297,1
DA:298,1
DA:299,1
DA:300,1
DA:301,1
DA:302,1
DA:303,1
DA:304,1
DA:305,1
DA:306,1
DA:307,1
DA:308,76
DA:309,75
DA:310,4
DA:311,4
DA:312,4
DA:313,4
DA:314,4
DA:315,4
DA:316,4
DA:317,4
DA:318,4
DA:319,1
DA:320,1
DA:321,1
DA:322,3
DA:323,3
DA:324,3
DA:325,3
DA:326,3
DA:327,3
DA:328,3
DA:329,1
DA:330,1
DA:331,1
DA:332,1
DA:333,1
DA:334,1
DA:335,1
DA:336,1
DA:337,1
DA:338,1
DA:339,1
DA:340,1
DA:341,1
DA:342,1
DA:343,1
DA:344,1
DA:345,1
DA:346,1
DA:347,1
DA:348,1
DA:349,1
DA:350,1
DA:351,1
DA:352,1
DA:353,1
DA:354,1
DA:355,1
DA:356,1
DA:357,1
DA:358,1
DA:359,1
DA:360,1
DA:361,1
DA:362,1
DA:363,1
DA:364,1
DA:365,1
DA:366,1
DA:367,1
DA:368,1
DA:369,1
DA:370,1
DA:371,1
DA:372,1
DA:373,1
DA:374,1
DA:375,1
DA:376,1
DA:377,1
DA:378,1
DA:379,1
DA:380,1
DA:381,1
DA:382,1
DA:383,1
DA:384,1
DA:385,1
DA:386,1
DA:387,1
DA:388,1
DA:389,1
DA:390,1
DA:391,1
DA:392,1
DA:393,1
DA:394,1
DA:395,1
DA:396,1
DA:397,1
DA:398,1
DA:399,1
DA:400,1
DA:401,1
DA:402,1
DA:403,1
DA:404,1
DA:405,1
DA:406,1
DA:407,1
DA:408,1
DA:409,1
DA:410,1
DA:411,1
DA:412,1
DA:413,1
DA:414,1
DA:415,1
DA:416,1
DA:417,1
DA:418,1
DA:419,1
DA:420,1
DA:421,1
DA:422,1
DA:423,1
DA:424,1
DA:425,1
DA:426,1
DA:427,1
DA:428,1
DA:429,1
DA:430,1
DA:431,1
DA:432,1
DA:433,1
DA:434,1
DA:435,1
DA:436,1
DA:437,1
DA:438,1
DA:439,1
DA:440,1
DA:441,1
DA:442,1
DA:443,1
DA:444,1
DA:445,1
DA:446,1
DA:447,1
DA:448,1
DA:449,1
DA:450,1
DA:451,1
DA:452,1
DA:453,1
DA:454,1
DA:455,1
DA:456,1
DA:457,1
DA:458,1
DA:459,1
DA:460,1
DA:461,1
DA:462,1
DA:463,1
DA:464,1
DA:465,1
DA:466,1
DA:467,1
DA:468,1
DA:469,1
DA:470,1
DA:471,1
DA:472,1
DA:473,1
DA:474,1
DA:475,1
DA:476,1
DA:477,1
DA:478,1
DA:479,1
DA:480,1
DA:481,1
DA:482,1
DA:483,1
DA:484,1
DA:485,1
DA:486,1
DA:487,1
DA:488,1
DA:489,1
DA:490,1
DA:491,1
DA:492,1
DA:493,1
DA:494,1
DA:495,1
DA:496,1
DA:497,1
DA:498,1
DA:499,1
DA:500,1
DA:501,1
DA:502,1
DA:503,1
DA:504,1
DA:505,1
DA:506,1
DA:507,1
DA:508,1
DA:509,1
DA:510,1
DA:511,1
DA:512,1
DA:513,1
DA:514,1
DA:515,1
DA:516,1
DA:517,1
DA:518,1
DA:519,1
DA:520,1
LH:334
LF:520
end_of_record
SF:src/lib/bundle/duplicate.ts
FN:1,__name
FN:10,duplicates
FN:62,anonymous_2
FN:64,anonymous_3
FN:79,anonymous_4
FN:109,anonymous_5
FN:146,anonymous_6
FNDA:4,__name
FNDA:7,duplicates
FNDA:1,anonymous_2
FNDA:13,anonymous_3
FNDA:39,anonymous_4
FNDA:0,anonymous_5
FNDA:1,anonymous_6
FNF:7
FNH:6
BRDA:1,0,0,1
BRDA:1,1,0,4
BRDA:10,2,0,1
BRDA:19,3,0,7
BRDA:23,4,0,3
BRDA:23,5,0,4
BRDA:23,6,0,3
BRDA:25,7,0,3
BRDA:26,8,0,2
BRDA:27,9,0,0
BRDA:46,10,0,2
BRDA:46,11,0,1
BRDA:53,12,0,2
BRDA:57,13,0,1
BRDA:62,14,0,1
BRDA:64,15,0,13
BRDA:65,16,0,0
BRDA:66,17,0,0
BRDA:68,18,0,2
BRDA:68,19,0,4
BRDA:69,20,0,5
BRDA:78,21,0,8
BRDA:79,22,0,39
BRDA:80,23,0,3
BRDA:81,24,0,3
BRDA:88,25,0,1
BRDA:96,26,0,0
BRDA:99,27,0,0
BRDA:107,28,0,0
BRDA:108,29,0,0
BRDA:123,30,0,1
BRDA:126,31,0,38
BRDA:126,32,0,13
BRDA:129,33,0,8
BRDA:131,34,0,4
BRDA:131,35,0,2
BRDA:131,36,0,6
BRDA:133,37,0,3
BRDA:133,38,0,2
BRDA:136,39,0,0
BRDA:141,40,0,0
BRDA:142,41,0,34
BRDA:146,42,0,1
BRF:43
BRH:34
DA:1,1
DA:2,4
DA:3,1
DA:4,1
DA:5,1
DA:6,1
DA:7,1
DA:8,1
DA:9,1
DA:10,1
DA:11,1
DA:12,1
DA:13,1
DA:14,1
DA:15,1
DA:16,1
DA:17,1
DA:18,1
DA:19,1
DA:20,7
DA:21,7
DA:22,7
DA:23,7
DA:24,3
DA:25,7
DA:26,3
DA:27,7
DA:28,0
DA:29,0
DA:30,0
DA:31,0
DA:32,0
DA:33,0
DA:34,0
DA:35,0
DA:36,0
DA:37,0
DA:38,0
DA:39,0
DA:40,0
DA:41,0
DA:42,1
DA:43,1
DA:44,1
DA:45,1
DA:46,1
DA:47,1
DA:48,1
DA:49,1
DA:50,1
DA:51,1
DA:52,1
DA:53,1
DA:54,2
DA:55,2
DA:56,2
DA:57,1
DA:58,1
DA:59,1
DA:60,1
DA:61,1
DA:62,1
DA:63,1
DA:64,1
DA:65,13
DA:66,13
DA:67,0
DA:68,13
DA:69,13
DA:70,5
DA:71,5
DA:72,5
DA:73,5
DA:74,5
DA:75,5
DA:76,5
DA:77,5
DA:78,1
DA:79,1
DA:80,39
DA:81,39
DA:82,3
DA:83,3
DA:84,3
DA:85,3
DA:86,3
DA:87,3
DA:88,3
DA:89,1
DA:90,1
DA:91,1
DA:92,1
DA:93,1
DA:94,1
DA:95,1
DA:96,3
DA:97,0
DA:98,0
DA:99,3
DA:100,0
DA:101,0
DA:102,0
DA:103,0
DA:104,0
DA:105,0
DA:106,0
DA:107,3
DA:108,3
DA:109,0
DA:110,0
DA:111,0
DA:112,0
DA:113,0
DA:114,0
DA:115,0
DA:116,0
DA:117,0
DA:118,0
DA:119,0
DA:120,0
DA:121,0
DA:122,3
DA:123,3
DA:124,1
DA:125,1
DA:126,39
DA:127,13
DA:128,13
DA:129,13
DA:130,8
DA:131,8
DA:132,6
DA:133,8
DA:134,2
DA:135,2
DA:136,2
DA:137,2
DA:138,2
DA:139,2
DA:140,2
DA:141,8
DA:142,34
DA:143,34
DA:144,34
DA:145,1
DA:146,1
DA:147,1
DA:148,1
DA:149,1
DA:150,1
DA:151,1
DA:152,1
DA:153,1
DA:154,1
DA:155,1
DA:156,1
DA:157,1
DA:158,1
DA:159,1
DA:160,1
DA:161,1
DA:162,1
DA:163,1
DA:164,1
DA:165,1
DA:166,1
DA:167,1
DA:168,1
DA:169,1
DA:170,1
DA:171,1
DA:172,1
DA:173,1
DA:174,1
DA:175,1
DA:176,1
DA:177,1
DA:178,1
DA:179,1
DA:180,1
DA:181,1
DA:182,1
DA:183,1
DA:184,1
DA:185,1
DA:186,1
DA:187,1
DA:188,1
DA:189,1
DA:190,1
DA:191,1
DA:192,1
DA:193,1
DA:194,1
DA:195,1
DA:196,1
DA:197,1
DA:198,1
DA:199,1
DA:200,1
DA:201,1
DA:202,1
DA:203,1
DA:204,1
DA:205,1
DA:206,1
DA:207,1
DA:208,1
DA:209,1
DA:210,1
DA:211,1
DA:212,1
DA:213,1
DA:214,1
DA:215,1
DA:216,1
DA:217,1
DA:218,1
DA:219,1
DA:220,1
DA:221,1
DA:222,1
DA:223,1
DA:224,1
DA:225,1
DA:226,1
DA:227,1
DA:228,1
DA:229,1
DA:230,1
DA:231,1
DA:232,1
DA:233,1
DA:234,1
DA:235,1
DA:236,1
DA:237,1
DA:238,1
DA:239,1
DA:240,1
DA:241,1
DA:242,1
DA:243,1
DA:244,1
DA:245,1
LH:208
LF:245
end_of_record
SF:src/lib/bundle/index.ts
FN:2,__name
FN:13,bundler
FN:33,anonymous_2
FN:39,anonymous_3
FN:42,anonymous_4
FN:59,bundle
FNDA:2,__name
FNDA:3,bundler
FNDA:4,anonymous_2
FNDA:1,anonymous_3
FNDA:3,anonymous_4
FNDA:3,bundle
FNF:6
FNH:6
BRDA:1,0,0,1
BRDA:2,1,0,2
BRDA:13,2,0,3
BRDA:15,3,0,1
BRDA:15,4,0,2
BRDA:48,5,0,1
BRDA:51,6,0,1
BRDA:52,7,0,2
BRDA:52,8,0,0
BRDA:53,9,0,1
BRDA:33,10,0,4
BRDA:39,11,0,1
BRDA:42,12,0,3
BRDA:59,13,0,2
BRDA:61,14,0,3
BRF:15
BRH:14
DA:1,1
DA:2,1
DA:3,1
DA:4,1
DA:5,1
DA:6,1
DA:7,1
DA:8,1
DA:9,1
DA:10,1
DA:11,1
DA:12,1
DA:13,3
DA:14,3
DA:15,3
DA:16,3
DA:17,3
DA:18,3
DA:19,3
DA:20,3
DA:21,3
DA:22,3
DA:23,3
DA:24,3
DA:25,3
DA:26,3
DA:27,3
DA:28,3
DA:29,3
DA:30,3
DA:31,3
DA:32,3
DA:33,3
DA:34,3
DA:35,3
DA:36,3
DA:37,3
DA:38,3
DA:39,3
DA:40,3
DA:41,3
DA:42,3
DA:43,3
DA:44,3
DA:45,3
DA:46,3
DA:47,3
DA:48,3
DA:49,1
DA:50,3
DA:51,3
DA:52,1
DA:53,2
DA:54,1
DA:55,3
DA:56,3
DA:57,3
DA:58,1
DA:59,1
DA:60,2
DA:61,2
DA:62,3
DA:63,3
DA:64,2
DA:65,2
DA:66,2
DA:67,1
DA:68,1
DA:69,1
DA:70,1
DA:71,1
DA:72,1
DA:73,1
DA:74,1
DA:75,1
DA:76,1
DA:77,1
DA:78,1
DA:79,1
DA:80,1
DA:81,1
DA:82,1
DA:83,1
DA:84,1
DA:85,1
DA:86,1
DA:87,1
DA:88,1
DA:89,1
DA:90,1
DA:91,1
DA:92,1
DA:93,1
DA:94,1
DA:95,1
DA:96,1
DA:97,1
DA:98,1
DA:99,1
DA:100,1
DA:101,1
DA:102,1
DA:103,1
DA:104,1
DA:105,1
DA:106,1
DA:107,1
DA:108,1
DA:109,1
DA:110,1
DA:111,1
DA:112,1
DA:113,1
DA:114,1
LH:114
LF:114
end_of_record
SF:src/lib/bundle/mergeImports.ts
FN:2,__name
FN:3,mergeImportsStatement
FN:24,anonymous_2
FN:25,anonymous_3
FNDA:1,__name
FNDA:3,mergeImportsStatement
FNDA:0,anonymous_2
FNDA:0,anonymous_3
FNF:4
FNH:2
BRDA:1,0,0,1
BRDA:2,1,0,1
BRDA:3,2,0,3
BRDA:7,3,0,0
BRDA:11,4,0,0
BRDA:19,5,0,0
BRDA:28,6,0,0
BRDA:33,7,0,0
BRDA:41,8,0,0
BRDA:51,9,0,0
BRDA:61,10,0,0
BRDA:68,11,0,0
BRDA:74,12,0,0
BRF:13
BRH:3
DA:1,1
DA:2,1
DA:3,1
DA:4,3
DA:5,3
DA:6,3
DA:7,3
DA:8,3
DA:9,3
DA:10,3
DA:11,3
DA:12,0
DA:13,0
DA:14,0
DA:15,0
DA:16,0
DA:17,0
DA:18,3
DA:19,3
DA:20,0
DA:21,0
DA:22,0
DA:23,0
DA:24,0
DA:25,0
DA:26,0
DA:27,0
DA:28,3
DA:29,0
DA:30,0
DA:31,0
DA:32,0
DA:33,3
DA:34,3
DA:35,3
DA:36,3
DA:37,3
DA:38,3
DA:39,3
DA:40,3
DA:41,3
DA:42,0
DA:43,0
DA:44,0
DA:45,0
DA:46,0
DA:47,0
DA:48,0
DA:49,0
DA:50,3
DA:51,3
DA:52,0
DA:53,0
DA:54,0
DA:55,3
DA:56,3
DA:57,3
DA:58,3
DA:59,3
DA:60,3
DA:61,3
DA:62,3
DA:63,3
DA:64,3
DA:65,3
DA:66,3
DA:67,3
DA:68,3
DA:69,0
DA:70,0
DA:71,0
DA:72,3
DA:73,3
DA:74,3
DA:75,0
DA:76,0
DA:77,3
DA:78,1
DA:79,1
DA:80,1
DA:81,1
DA:82,1
DA:83,1
DA:84,1
DA:85,1
DA:86,1
DA:87,1
DA:88,1
DA:89,1
DA:90,1
DA:91,1
DA:92,1
DA:93,1
DA:94,1
DA:95,1
DA:96,1
DA:97,1
DA:98,1
DA:99,1
DA:100,1
DA:101,1
DA:102,1
DA:103,1
DA:104,1
DA:105,1
DA:106,1
DA:107,1
DA:108,1
DA:109,1
DA:110,1
DA:111,1
DA:112,1
DA:113,1
DA:114,1
DA:115,1
DA:116,1
DA:117,1
DA:118,1
DA:119,1
DA:120,1
DA:121,1
DA:122,1
DA:123,1
DA:124,1
DA:125,1
DA:126,1
DA:127,1
DA:128,1
DA:129,1
DA:130,1
DA:131,1
DA:132,1
DA:133,1
DA:134,1
DA:135,1
LH:101
LF:135
end_of_record
SF:src/lib/bundle/removes.ts
FN:2,__name
FN:11,esmExportRemoveHandler
FN:13,anonymous_2
FN:15,anonymous_3
FN:15,anonymous_4
FN:20,anonymous_5
FN:54,anonymous_6
FN:62,findProperty
FN:69,anonymous_8
FN:73,importAllRemoveHandler
FN:76,anonymous_10
FN:92,anonymous_11
FN:95,anonymous_12
FN:190,anonymous_13
FN:197,anonymous_14
FNDA:14,__name
FNDA:3,esmExportRemoveHandler
FNDA:1,anonymous_2
FNDA:1,anonymous_3
FNDA:4,anonymous_4
FNDA:3,anonymous_5
FNDA:1,anonymous_6
FNDA:127,findProperty
FNDA:63,anonymous_8
FNDA:3,importAllRemoveHandler
FNDA:12,anonymous_10
FNDA:4,anonymous_11
FNDA:64,anonymous_12
FNDA:4,anonymous_13
FNDA:3,anonymous_14
FNF:15
FNH:15
BRDA:1,0,0,1
BRDA:2,1,0,14
BRDA:11,2,0,3
BRDA:13,3,0,1
BRDA:15,4,0,1
BRDA:15,5,0,4
BRDA:17,6,0,3
BRDA:20,7,0,2
BRDA:25,8,0,1
BRDA:32,9,0,0
BRDA:35,10,0,1
BRDA:36,11,0,0
BRDA:39,12,0,1
BRDA:40,13,0,0
BRDA:42,14,0,1
BRDA:43,15,0,0
BRDA:46,16,0,1
BRDA:49,17,0,2
BRDA:50,18,0,0
BRDA:51,19,0,2
BRDA:52,20,0,0
BRDA:53,21,0,2
BRDA:20,22,0,3
BRDA:22,23,0,1
BRDA:54,24,0,1
BRDA:62,25,0,127
BRDA:67,26,0,11
BRDA:68,27,0,11
BRDA:69,28,0,63
BRDA:73,29,0,3
BRDA:76,30,0,4
BRDA:82,31,0,12
BRDA:84,32,0,0
BRDA:84,33,0,0
BRDA:92,34,0,4
BRDA:95,35,0,64
BRDA:104,36,0,0
BRDA:107,37,0,0
BRDA:121,38,0,3
BRDA:123,39,0,61
BRDA:124,40,0,0
BRDA:158,41,0,61
BRDA:159,42,0,5
BRDA:164,43,0,2
BRDA:165,44,0,1
BRDA:171,45,0,0
BRDA:172,46,0,0
BRDA:181,47,0,0
BRDA:184,48,0,0
BRDA:184,49,0,0
BRDA:188,50,0,60
BRDA:190,51,0,4
BRDA:197,52,0,3
BRF:53
BRH:37
DA:1,1
DA:2,14
DA:3,1
DA:4,1
DA:5,1
DA:6,1
DA:7,1
DA:8,1
DA:9,1
DA:10,1
DA:11,3
DA:12,3
DA:13,3
DA:14,1
DA:15,1
DA:16,4
DA:17,4
DA:18,3
DA:19,3
DA:20,4
DA:21,3
DA:22,3
DA:23,2
DA:24,2
DA:25,2
DA:26,1
DA:27,1
DA:28,1
DA:29,1
DA:30,1
DA:31,1
DA:32,2
DA:33,0
DA:34,0
DA:35,2
DA:36,2
DA:37,0
DA:38,0
DA:39,2
DA:40,2
DA:41,0
DA:42,2
DA:43,2
DA:44,0
DA:45,0
DA:46,2
DA:47,1
DA:48,1
DA:49,4
DA:50,2
DA:51,4
DA:52,4
DA:53,1
DA:54,1
DA:55,1
DA:56,1
DA:57,1
DA:58,1
DA:59,1
DA:60,1
DA:61,1
DA:62,1
DA:63,127
DA:64,127
DA:65,127
DA:66,127
DA:67,127
DA:68,127
DA:69,127
DA:70,127
DA:71,1
DA:72,1
DA:73,1
DA:74,3
DA:75,3
DA:76,3
DA:77,4
DA:78,4
DA:79,4
DA:80,4
DA:81,4
DA:82,4
DA:83,12
DA:84,12
DA:85,0
DA:86,0
DA:87,0
DA:88,0
DA:89,0
DA:90,0
DA:91,4
DA:92,4
DA:93,4
DA:94,4
DA:95,4
DA:96,64
DA:97,64
DA:98,64
DA:99,64
DA:100,64
DA:101,64
DA:102,64
DA:103,64
DA:104,64
DA:105,0
DA:106,0
DA:107,64
DA:108,0
DA:109,0
DA:110,0
DA:111,0
DA:112,0
DA:113,0
DA:114,0
DA:115,0
DA:116,0
DA:117,0
DA:118,0
DA:119,0
DA:120,64
DA:121,3
DA:122,3
DA:123,64
DA:124,64
DA:125,0
DA:126,0
DA:127,0
DA:128,0
DA:129,0
DA:130,0
DA:131,0
DA:132,0
DA:133,0
DA:134,0
DA:135,0
DA:136,0
DA:137,0
DA:138,0
DA:139,0
DA:140,0
DA:141,0
DA:142,0
DA:143,0
DA:144,0
DA:145,0
DA:146,0
DA:147,0
DA:148,0
DA:149,0
DA:150,0
DA:151,0
DA:152,0
DA:153,0
DA:154,0
DA:155,0
DA:156,0
DA:157,0
DA:158,64
DA:159,64
DA:160,5
DA:161,5
DA:162,5
DA:163,5
DA:164,5
DA:165,5
DA:166,1
DA:167,1
DA:168,1
DA:169,1
DA:170,1
DA:171,1
DA:172,1
DA:173,0
DA:174,0
DA:175,0
DA:176,0
DA:177,0
DA:178,0
DA:179,0
DA:180,1
DA:181,1
DA:182,1
DA:183,1
DA:184,1
DA:185,1
DA:186,1
DA:187,1
DA:188,64
DA:189,4
DA:190,4
DA:191,4
DA:192,4
DA:193,4
DA:194,4
DA:195,4
DA:196,1
DA:197,1
DA:198,3
DA:199,3
DA:200,3
DA:201,3
DA:202,3
DA:203,3
DA:204,1
DA:205,1
DA:206,1
DA:207,1
DA:208,1
DA:209,1
DA:210,1
DA:211,1
DA:212,1
DA:213,1
DA:214,1
DA:215,1
DA:216,1
DA:217,1
DA:218,1
DA:219,1
DA:220,1
DA:221,1
DA:222,1
DA:223,1
DA:224,1
DA:225,1
DA:226,1
DA:227,1
DA:228,1
DA:229,1
DA:230,1
DA:231,1
DA:232,1
DA:233,1
DA:234,1
DA:235,1
DA:236,1
DA:237,1
DA:238,1
DA:239,1
DA:240,1
DA:241,1
DA:242,1
DA:243,1
DA:244,1
DA:245,1
DA:246,1
DA:247,1
DA:248,1
DA:249,1
DA:250,1
DA:251,1
DA:252,1
DA:253,1
DA:254,1
DA:255,1
DA:256,1
DA:257,1
DA:258,1
DA:259,1
DA:260,1
DA:261,1
DA:262,1
DA:263,1
DA:264,1
DA:265,1
DA:266,1
DA:267,1
DA:268,1
DA:269,1
DA:270,1
DA:271,1
DA:272,1
DA:273,1
DA:274,1
DA:275,1
DA:276,1
DA:277,1
DA:278,1
DA:279,1
DA:280,1
DA:281,1
DA:282,1
DA:283,1
DA:284,1
DA:285,1
DA:286,1
DA:287,1
DA:288,1
DA:289,1
DA:290,1
DA:291,1
DA:292,1
DA:293,1
DA:294,1
DA:295,1
DA:296,1
DA:297,1
DA:298,1
DA:299,1
DA:300,1
DA:301,1
DA:302,1
DA:303,1
DA:304,1
DA:305,1
DA:306,1
DA:307,1
DA:308,1
DA:309,1
DA:310,1
DA:311,1
DA:312,1
DA:313,1
DA:314,1
DA:315,1
DA:316,1
DA:317,1
DA:318,1
DA:319,1
DA:320,1
DA:321,1
DA:322,1
DA:323,1
DA:324,1
DA:325,1
DA:326,1
DA:327,1
DA:328,1
DA:329,1
DA:330,1
DA:331,1
DA:332,1
DA:333,1
DA:334,1
DA:335,1
DA:336,1
DA:337,1
DA:338,1
DA:339,1
DA:340,1
DA:341,1
DA:342,1
DA:343,1
DA:344,1
DA:345,1
DA:346,1
DA:347,1
DA:348,1
DA:349,1
DA:350,1
DA:351,1
DA:352,1
DA:353,1
DA:354,1
DA:355,1
DA:356,1
DA:357,1
DA:358,1
DA:359,1
DA:360,1
DA:361,1
DA:362,1
DA:363,1
DA:364,1
DA:365,1
DA:366,1
DA:367,1
DA:368,1
DA:369,1
DA:370,1
DA:371,1
DA:372,1
DA:373,1
DA:374,1
DA:375,1
DA:376,1
DA:377,1
DA:378,1
DA:379,1
DA:380,1
DA:381,1
DA:382,1
DA:383,1
DA:384,1
DA:385,1
DA:386,1
DA:387,1
DA:388,1
LH:321
LF:388
end_of_record
SF:src/lib/bundle/uniqueName.ts
FN:2,__name
FN:3,uniqueName
FN:4,setPrefix
FN:9,getName
FN:17,getPrefix
FNDA:1,__name
FNDA:2,uniqueName
FNDA:2,setPrefix
FNDA:2,getName
FNDA:0,getPrefix
FNF:5
FNH:4
BRDA:1,0,0,1
BRDA:2,1,0,1
BRDA:3,2,0,2
BRDA:4,3,0,2
BRDA:5,4,0,0
BRDA:9,5,0,2
BRDA:12,6,0,0
BRDA:13,7,0,0
BRDA:13,8,0,0
BRDA:15,9,0,0
BRDA:17,10,0,0
BRF:11
BRH:5
DA:1,1
DA:2,1
DA:3,1
DA:4,2
DA:5,2
DA:6,0
DA:7,0
DA:8,0
DA:9,2
DA:10,2
DA:11,2
DA:12,2
DA:13,2
DA:14,2
DA:15,2
DA:16,2
DA:17,2
DA:18,0
DA:19,0
DA:20,2
DA:21,1
DA:22,1
DA:23,1
DA:24,1
DA:25,1
DA:26,1
DA:27,1
DA:28,1
DA:29,1
DA:30,1
DA:31,1
DA:32,1
DA:33,1
DA:34,1
DA:35,1
DA:36,1
DA:37,1
LH:32
LF:37
end_of_record
SF:src/lib/bundle/unusedCode.ts
FN:1,__name
FN:6,collectBindingNames
FN:11,anonymous_2
FN:13,clearUnusedCode
FN:21,anonymous_4
FN:24,anonymous_5
FN:32,anonymous_6
FN:47,anonymous_7
FN:50,anonymous_8
FN:52,anonymous_9
FN:55,anonymous_10
FN:60,anonymous_11
FN:82,anonymous_12
FN:88,anonymous_13
FN:88,anonymous_14
FN:99,anonymous_15
FN:108,anonymous_16
FN:141,anonymous_17
FN:143,anonymous_18
FN:147,anonymous_19
FNDA:14,__name
FNDA:12,collectBindingNames
FNDA:0,anonymous_2
FNDA:3,clearUnusedCode
FNDA:8,anonymous_4
FNDA:73,anonymous_5
FNDA:0,anonymous_6
FNDA:2,anonymous_7
FNDA:4,anonymous_8
FNDA:4,anonymous_9
FNDA:0,anonymous_10
FNDA:0,anonymous_11
FNDA:8,anonymous_12
FNDA:3,anonymous_13
FNDA:36,anonymous_14
FNDA:0,anonymous_15
FNDA:0,anonymous_16
FNDA:4,anonymous_17
FNDA:4,anonymous_18
FNDA:3,anonymous_19
FNF:20
FNH:14
BRDA:1,0,0,1
BRDA:1,1,0,14
BRDA:6,2,0,12
BRDA:9,3,0,0
BRDA:13,4,0,3
BRDA:21,5,0,8
BRDA:22,6,0,0
BRDA:24,7,0,73
BRDA:24,8,0,3
BRDA:24,9,0,3
BRDA:30,10,0,0
BRDA:43,11,0,70
BRDA:44,12,0,0
BRDA:44,13,0,0
BRDA:47,14,0,4
BRDA:47,15,0,2
BRDA:48,16,0,2
BRDA:52,17,0,66
BRDA:53,18,0,1
BRDA:54,19,0,1
BRDA:55,20,0,0
BRDA:56,21,0,65
BRDA:57,22,0,0
BRDA:59,23,0,0
BRDA:63,24,0,22
BRDA:68,25,0,4
BRDA:69,26,0,18
BRDA:70,27,0,1
BRDA:71,28,0,17
BRDA:71,29,0,0
BRDA:72,30,0,17
BRDA:73,31,0,3
BRDA:73,32,0,14
BRDA:73,33,0,0
BRDA:75,34,0,14
BRDA:75,35,0,0
BRDA:76,36,0,14
BRDA:76,37,0,0
BRDA:77,38,0,14
BRDA:78,39,0,0
BRDA:79,40,0,14
BRDA:47,41,0,2
BRDA:50,42,0,4
BRDA:52,43,0,4
BRDA:82,44,0,8
BRDA:83,45,0,6
BRDA:83,46,0,2
BRDA:85,47,0,0
BRDA:85,48,0,2
BRDA:88,49,0,3
BRDA:88,50,0,36
BRDA:89,51,0,3
BRDA:90,52,0,3
BRDA:94,53,0,0
BRDA:97,54,0,0
BRDA:106,55,0,0
BRDA:107,56,0,0
BRDA:109,57,0,1
BRDA:110,58,0,1
BRDA:110,59,0,2
BRDA:111,60,0,0
BRDA:111,61,0,2
BRDA:111,62,0,0
BRDA:112,63,0,2
BRDA:113,64,0,0
BRDA:135,65,0,2
BRDA:135,66,0,33
BRDA:135,67,0,32
BRDA:136,68,0,1
BRDA:136,69,0,1
BRDA:137,70,0,0
BRDA:138,71,0,32
BRDA:141,72,0,4
BRDA:143,73,0,1
BRDA:146,74,0,3
BRDA:146,75,0,28
BRDA:141,76,0,4
BRDA:143,77,0,4
BRDA:147,78,0,3
BRF:79
BRH:57
DA:1,1
DA:2,14
DA:3,14
DA:4,1
DA:5,1
DA:6,1
DA:7,12
DA:8,12
DA:9,12
DA:10,0
DA:11,0
DA:12,0
DA:13,1
DA:14,3
DA:15,3
DA:16,3
DA:17,3
DA:18,3
DA:19,3
DA:20,3
DA:21,3
DA:22,3
DA:23,3
DA:24,3
DA:25,3
DA:26,3
DA:27,3
DA:28,3
DA:29,3
DA:30,3
DA:31,0
DA:32,0
DA:33,0
DA:34,0
DA:35,0
DA:36,0
DA:37,0
DA:38,0
DA:39,0
DA:40,0
DA:41,0
DA:42,0
DA:43,73
DA:44,70
DA:45,0
DA:46,0
DA:47,70
DA:48,4
DA:49,4
DA:50,4
DA:51,4
DA:52,70
DA:53,66
DA:54,66
DA:55,1
DA:56,66
DA:57,65
DA:58,0
DA:59,65
DA:60,0
DA:61,0
DA:62,0
DA:63,73
DA:64,22
DA:65,22
DA:66,22
DA:67,22
DA:68,22
DA:69,18
DA:70,18
DA:71,22
DA:72,22
DA:73,22
DA:74,0
DA:75,22
DA:76,22
DA:77,22
DA:78,22
DA:79,3
DA:80,3
DA:81,3
DA:82,3
DA:83,8
DA:84,2
DA:85,8
DA:86,2
DA:87,3
DA:88,3
DA:89,36
DA:90,36
DA:91,3
DA:92,3
DA:93,3
DA:94,3
DA:95,3
DA:96,3
DA:97,3
DA:98,0
DA:99,0
DA:100,0
DA:101,0
DA:102,0
DA:103,0
DA:104,0
DA:105,0
DA:106,3
DA:107,3
DA:108,3
DA:109,3
DA:110,3
DA:111,3
DA:112,3
DA:113,3
DA:114,0
DA:115,0
DA:116,0
DA:117,0
DA:118,0
DA:119,0
DA:120,0
DA:121,0
DA:122,0
DA:123,0
DA:124,0
DA:125,0
DA:126,0
DA:127,0
DA:128,0
DA:129,0
DA:130,0
DA:131,0
DA:132,0
DA:133,0
DA:134,0
DA:135,36
DA:136,36
DA:137,1
DA:138,36
DA:139,32
DA:140,32
DA:141,36
DA:142,4
DA:143,4
DA:144,1
DA:145,1
DA:146,36
DA:147,3
DA:148,3
DA:149,3
DA:150,3
DA:151,1
DA:152,1
DA:153,1
DA:154,1
DA:155,1
DA:156,1
DA:157,1
DA:158,1
DA:159,1
DA:160,1
DA:161,1
DA:162,1
DA:163,1
DA:164,1
DA:165,1
DA:166,1
DA:167,1
DA:168,1
DA:169,1
DA:170,1
DA:171,1
DA:172,1
DA:173,1
DA:174,1
DA:175,1
DA:176,1
DA:177,1
DA:178,1
DA:179,1
DA:180,1
DA:181,1
DA:182,1
DA:183,1
DA:184,1
DA:185,1
DA:186,1
DA:187,1
DA:188,1
DA:189,1
DA:190,1
DA:191,1
DA:192,1
DA:193,1
DA:194,1
DA:195,1
DA:196,1
DA:197,1
DA:198,1
DA:199,1
DA:200,1
DA:201,1
DA:202,1
DA:203,1
DA:204,1
DA:205,1
DA:206,1
DA:207,1
DA:208,1
DA:209,1
DA:210,1
DA:211,1
DA:212,1
DA:213,1
DA:214,1
DA:215,1
DA:216,1
DA:217,1
DA:218,1
DA:219,1
DA:220,1
DA:221,1
DA:222,1
DA:223,1
DA:224,1
DA:225,1
DA:226,1
DA:227,1
DA:228,1
DA:229,1
DA:230,1
DA:231,1
DA:232,1
DA:233,1
DA:234,1
DA:235,1
DA:236,1
DA:237,1
DA:238,1
DA:239,1
DA:240,1
DA:241,1
DA:242,1
DA:243,1
LH:192
LF:243
end_of_record
SF:src/lib/compile/host.ts
FN:4,__name
FN:5,createHost
FN:6,anonymous_2
FN:9,anonymous_3
FN:10,anonymous_4
FN:16,anonymous_5
FN:19,anonymous_6
FN:20,anonymous_7
FN:21,anonymous_8
FN:23,anonymous_9
FN:26,anonymous_10
FN:28,anonymous_11
FNDA:41,__name
FNDA:4,createHost
FNDA:8,anonymous_2
FNDA:8,anonymous_3
FNDA:4,anonymous_4
FNDA:4,anonymous_5
FNDA:0,anonymous_6
FNDA:40,anonymous_7
FNDA:0,anonymous_8
FNDA:160,anonymous_9
FNDA:20,anonymous_10
FNDA:0,anonymous_11
FNF:12
FNH:9
BRDA:1,0,0,1
BRDA:4,1,0,41
BRDA:5,2,0,4
BRDA:6,3,0,8
BRDA:7,4,0,4
BRDA:9,5,0,8
BRDA:10,6,0,4
BRDA:16,7,0,4
BRDA:20,8,0,40
BRDA:23,9,0,160
BRDA:26,10,0,20
BRF:11
BRH:11
DA:1,1
DA:2,1
DA:3,1
DA:4,1
DA:5,1
DA:6,4
DA:7,8
DA:8,4
DA:9,4
DA:10,4
DA:11,4
DA:12,4
DA:13,4
DA:14,4
DA:15,4
DA:16,4
DA:17,4
DA:18,4
DA:19,4
DA:20,4
DA:21,4
DA:22,4
DA:23,4
DA:24,4
DA:25,4
DA:26,4
DA:27,4
DA:28,4
DA:29,4
DA:30,1
DA:31,1
DA:32,1
DA:33,1
DA:34,1
DA:35,1
DA:36,1
DA:37,1
DA:38,1
DA:39,1
DA:40,1
DA:41,1
DA:42,1
LH:42
LF:42
end_of_record
SF:src/lib/compile/index.ts
FN:2,__name
FN:8,<static_initializer>
FN:11,Compiler
FN:17,_isUpdate
FN:19,_commonjs
FN:39,anonymous_5
FN:72,_esm
FN:91,anonymous_7
FN:118,compile
FNDA:1,__name
FNDA:1,<static_initializer>
FNDA:2,Compiler
FNDA:11,_isUpdate
FNDA:2,_commonjs
FNDA:4,anonymous_5
FNDA:2,_esm
FNDA:4,anonymous_7
FNDA:3,compile
FNF:9
FNH:9
BRDA:1,0,0,1
BRDA:2,1,0,1
BRDA:8,2,0,1
BRDA:11,3,0,2
BRDA:17,4,0,11
BRDA:19,5,0,2
BRDA:23,6,0,1
BRDA:39,7,0,4
BRDA:42,8,0,2
BRDA:43,9,0,4
BRDA:44,10,0,2
BRDA:46,11,0,2
BRDA:50,12,0,2
BRDA:50,13,0,1
BRDA:52,14,0,1
BRDA:54,15,0,0
BRDA:55,16,0,1
BRDA:62,17,0,2
BRDA:72,18,0,2
BRDA:75,19,0,1
BRDA:91,20,0,4
BRDA:93,21,0,2
BRDA:94,22,0,4
BRDA:96,23,0,2
BRDA:98,24,0,2
BRDA:100,25,0,2
BRDA:103,26,0,1
BRDA:104,27,0,1
BRDA:105,28,0,1
BRDA:118,29,0,2
BRDA:120,30,0,3
BRDA:122,31,0,1
BRDA:124,32,0,0
BRDA:124,33,0,1
BRDA:126,34,0,0
BRDA:127,35,0,1
BRF:36
BRH:33
DA:1,1
DA:2,1
DA:3,1
DA:4,1
DA:5,1
DA:6,1
DA:7,1
DA:8,1
DA:9,1
DA:10,1
DA:11,1
DA:12,2
DA:13,2
DA:14,2
DA:15,2
DA:16,2
DA:17,1
DA:18,11
DA:19,1
DA:20,2
DA:21,2
DA:22,2
DA:23,2
DA:24,1
DA:25,1
DA:26,2
DA:27,2
DA:28,2
DA:29,2
DA:30,2
DA:31,2
DA:32,2
DA:33,2
DA:34,2
DA:35,2
DA:36,2
DA:37,2
DA:38,2
DA:39,2
DA:40,4
DA:41,4
DA:42,4
DA:43,2
DA:44,4
DA:45,4
DA:46,4
DA:47,2
DA:48,2
DA:49,4
DA:50,4
DA:51,2
DA:52,2
DA:53,2
DA:54,2
DA:55,2
DA:56,2
DA:57,2
DA:58,4
DA:59,4
DA:60,4
DA:61,4
DA:62,4
DA:63,4
DA:64,4
DA:65,2
DA:66,2
DA:67,2
DA:68,2
DA:69,2
DA:70,2
DA:71,2
DA:72,1
DA:73,2
DA:74,2
DA:75,2
DA:76,2
DA:77,2
DA:78,2
DA:79,2
DA:80,2
DA:81,2
DA:82,2
DA:83,2
DA:84,2
DA:85,2
DA:86,2
DA:87,2
DA:88,2
DA:89,2
DA:90,2
DA:91,2
DA:92,4
DA:93,4
DA:94,2
DA:95,4
DA:96,4
DA:97,4
DA:98,4
DA:99,4
DA:100,4
DA:101,2
DA:102,2
DA:103,2
DA:104,2
DA:105,2
DA:106,1
DA:107,4
DA:108,4
DA:109,4
DA:110,4
DA:111,4
DA:112,4
DA:113,4
DA:114,2
DA:115,2
DA:116,2
DA:117,2
DA:118,1
DA:119,2
DA:120,2
DA:121,3
DA:122,3
DA:123,1
DA:124,3
DA:125,1
DA:126,1
DA:127,3
DA:128,1
DA:129,1
DA:130,1
DA:131,3
DA:132,1
DA:133,1
DA:134,1
DA:135,1
DA:136,1
DA:137,1
DA:138,1
DA:139,1
DA:140,1
DA:141,1
DA:142,1
DA:143,1
DA:144,1
DA:145,1
DA:146,1
DA:147,1
DA:148,1
DA:149,1
DA:150,1
DA:151,1
DA:152,1
DA:153,1
DA:154,1
DA:155,1
DA:156,1
DA:157,1
DA:158,1
DA:159,1
DA:160,1
DA:161,1
DA:162,1
DA:163,1
DA:164,1
DA:165,1
DA:166,1
DA:167,1
DA:168,1
DA:169,1
DA:170,1
DA:171,1
DA:172,1
DA:173,1
DA:174,1
DA:175,1
DA:176,1
DA:177,1
DA:178,1
DA:179,1
DA:180,1
DA:181,1
DA:182,1
DA:183,1
DA:184,1
DA:185,1
DA:186,1
DA:187,1
DA:188,1
DA:189,1
DA:190,1
DA:191,1
DA:192,1
DA:193,1
DA:194,1
DA:195,1
DA:196,1
DA:197,1
DA:198,1
DA:199,1
DA:200,1
DA:201,1
DA:202,1
DA:203,1
DA:204,1
DA:205,1
DA:206,1
DA:207,1
DA:208,1
DA:209,1
DA:210,1
LH:210
LF:210
end_of_record
SF:src/lib/compile/package.ts
FN:2,__name
FN:7,anonymous_1
FN:9,anonymous_2
FN:11,getExports
FN:26,writePackage
FNDA:4,__name
FNDA:1,anonymous_1
FNDA:1,anonymous_2
FNDA:1,getExports
FNDA:1,writePackage
FNF:5
FNH:5
BRDA:1,0,0,1
BRDA:2,1,0,4
BRDA:7,2,0,1
BRDA:9,3,0,1
BRDA:11,4,0,1
BRDA:17,5,0,0
BRDA:26,6,0,1
BRDA:27,7,0,0
BRDA:40,8,0,0
BRDA:42,9,0,0
BRDA:46,10,0,0
BRDA:48,11,0,0
BRF:12
BRH:6
DA:1,1
DA:2,1
DA:3,4
DA:4,1
DA:5,1
DA:6,1
DA:7,1
DA:8,1
DA:9,1
DA:10,1
DA:11,1
DA:12,1
DA:13,1
DA:14,1
DA:15,1
DA:16,1
DA:17,1
DA:18,0
DA:19,0
DA:20,0
DA:21,0
DA:22,0
DA:23,0
DA:24,0
DA:25,0
DA:26,1
DA:27,1
DA:28,1
DA:29,1
DA:30,1
DA:31,1
DA:32,1
DA:33,1
DA:34,1
DA:35,1
DA:36,1
DA:37,1
DA:38,1
DA:39,1
DA:40,1
DA:41,1
DA:42,1
DA:43,1
DA:44,1
DA:45,1
DA:46,1
DA:47,1
DA:48,1
DA:49,0
DA:50,0
DA:51,0
DA:52,0
DA:53,0
DA:54,0
DA:55,0
DA:56,0
DA:57,0
DA:58,0
DA:59,1
DA:60,1
DA:61,1
DA:62,1
DA:63,1
DA:64,1
DA:65,1
DA:66,1
DA:67,1
DA:68,1
DA:69,1
DA:70,1
DA:71,1
DA:72,1
DA:73,1
DA:74,1
DA:75,1
DA:76,1
DA:77,1
DA:78,1
DA:79,1
DA:80,1
DA:81,1
DA:82,1
DA:83,1
DA:84,1
DA:85,1
DA:86,1
DA:87,1
DA:88,1
DA:89,1
DA:90,1
DA:91,1
DA:92,1
DA:93,1
DA:94,1
DA:95,1
DA:96,1
DA:97,1
DA:98,1
DA:99,1
DA:100,1
DA:101,1
DA:102,1
DA:103,1
DA:104,1
DA:105,1
DA:106,1
DA:107,1
DA:108,1
DA:109,1
DA:110,1
DA:111,1
DA:112,1
DA:113,1
DA:114,1
DA:115,1
DA:116,1
DA:117,1
DA:118,1
DA:119,1
DA:120,1
DA:121,1
DA:122,1
DA:123,1
DA:124,1
DA:125,1
DA:126,1
DA:127,1
DA:128,1
DA:129,1
DA:130,1
DA:131,1
DA:132,1
DA:133,1
DA:134,1
LH:116
LF:134
end_of_record
SF:src/lib/initialization/compilerOptions.ts
FN:2,__name
FN:7,<static_initializer>
FN:9,CompilerOptions
FN:12,__init
FN:20,__init2
FN:30,get commonjs
FN:36,get esm
FN:41,get default
FN:42,compilerOptions
FNDA:4,__name
FNDA:2,<static_initializer>
FNDA:6,CompilerOptions
FNDA:24,__init
FNDA:24,__init2
FNDA:9,get commonjs
FNDA:11,get esm
FNDA:4,get default
FNDA:6,compilerOptions
FNF:9
FNH:9
BRDA:1,0,0,2
BRDA:2,1,0,4
BRDA:7,2,0,2
BRDA:9,3,0,6
BRDA:12,4,0,24
BRDA:20,5,0,24
BRDA:24,6,0,0
BRDA:25,7,0,0
BRDA:27,8,0,0
BRDA:30,9,0,9
BRDA:36,10,0,11
BRDA:41,11,0,4
BRDA:42,12,0,6
BRF:13
BRH:10
DA:1,2
DA:2,2
DA:3,2
DA:4,2
DA:5,2
DA:6,2
DA:7,2
DA:8,2
DA:9,2
DA:10,6
DA:11,6
DA:12,2
DA:13,24
DA:14,24
DA:15,24
DA:16,24
DA:17,24
DA:18,24
DA:19,24
DA:20,2
DA:21,24
DA:22,24
DA:23,24
DA:24,24
DA:25,24
DA:26,24
DA:27,24
DA:28,24
DA:29,24
DA:30,9
DA:31,9
DA:32,9
DA:33,9
DA:34,9
DA:35,9
DA:36,2
DA:37,11
DA:38,11
DA:39,11
DA:40,11
DA:41,2
DA:42,2
DA:43,2
DA:44,2
DA:45,2
DA:46,2
DA:47,2
DA:48,2
DA:49,2
DA:50,2
DA:51,2
DA:52,2
DA:53,2
DA:54,2
DA:55,2
DA:56,2
DA:57,2
DA:58,2
DA:59,2
DA:60,2
DA:61,2
DA:62,2
DA:63,2
DA:64,2
DA:65,2
DA:66,2
DA:67,2
LH:67
LF:67
end_of_record
SF:src/lib/initialization/dependencies.ts
FN:2,__name
FN:13,fileSizes
FN:17,anonymous_2
FN:24,generateDependencies
FNDA:6,__name
FNDA:6,fileSizes
FNDA:6,anonymous_2
FNDA:6,generateDependencies
FNF:4
FNH:4
BRDA:1,0,0,2
BRDA:2,1,0,6
BRDA:13,2,0,6
BRDA:16,3,0,0
BRDA:17,4,0,6
BRDA:22,5,0,3
BRDA:22,6,0,1
BRDA:23,7,0,2
BRDA:24,8,0,6
BRDA:44,9,0,1
BRDA:44,10,0,3
BRF:11
BRH:10
DA:1,2
DA:2,2
DA:3,6
DA:4,6
DA:5,2
DA:6,2
DA:7,2
DA:8,2
DA:9,2
DA:10,2
DA:11,2
DA:12,2
DA:13,2
DA:14,6
DA:15,6
DA:16,2
DA:17,2
DA:18,6
DA:19,6
DA:20,6
DA:21,6
DA:22,6
DA:23,6
DA:24,2
DA:25,6
DA:26,6
DA:27,6
DA:28,6
DA:29,6
DA:30,6
DA:31,6
DA:32,6
DA:33,6
DA:34,6
DA:35,6
DA:36,6
DA:37,6
DA:38,6
DA:39,6
DA:40,6
DA:41,6
DA:42,6
DA:43,6
DA:44,6
DA:45,6
DA:46,6
DA:47,6
DA:48,6
DA:49,6
DA:50,6
DA:51,6
DA:52,6
DA:53,6
DA:54,6
DA:55,6
DA:56,6
DA:57,2
DA:58,2
DA:59,2
DA:60,2
DA:61,2
DA:62,2
DA:63,2
DA:64,2
DA:65,2
DA:66,2
DA:67,2
DA:68,2
DA:69,2
DA:70,2
DA:71,2
DA:72,2
DA:73,2
DA:74,2
LH:74
LF:74
end_of_record
SF:src/lib/initialization/index.ts
FN:2,__name
FN:13,initializer
FNDA:1,__name
FNDA:2,initializer
FNF:2
FNH:2
BRDA:1,0,0,1
BRDA:2,1,0,1
BRDA:13,2,0,2
BRDA:29,3,0,0
BRDA:30,4,0,1
BRDA:32,5,0,2
BRDA:34,6,0,0
BRDA:36,7,0,1
BRF:8
BRH:6
DA:1,1
DA:2,1
DA:3,1
DA:4,1
DA:5,1
DA:6,1
DA:7,1
DA:8,1
DA:9,1
DA:10,1
DA:11,1
DA:12,1
DA:13,1
DA:14,2
DA:15,2
DA:16,2
DA:17,2
DA:18,2
DA:19,2
DA:20,2
DA:21,2
DA:22,2
DA:23,2
DA:24,2
DA:25,2
DA:26,2
DA:27,2
DA:28,2
DA:29,2
DA:30,2
DA:31,1
DA:32,2
DA:33,2
DA:34,2
DA:35,2
DA:36,2
DA:37,1
DA:38,2
DA:39,2
DA:40,2
DA:41,2
DA:42,2
DA:43,2
DA:44,2
DA:45,2
DA:46,2
DA:47,2
DA:48,2
DA:49,1
DA:50,1
DA:51,1
DA:52,1
DA:53,1
DA:54,1
DA:55,1
DA:56,1
DA:57,1
DA:58,1
DA:59,1
DA:60,1
DA:61,1
DA:62,1
DA:63,1
DA:64,1
DA:65,1
DA:66,1
DA:67,1
DA:68,1
DA:69,1
DA:70,1
DA:71,1
DA:72,1
DA:73,1
DA:74,1
DA:75,1
DA:76,1
DA:77,1
DA:78,1
DA:79,1
DA:80,1
DA:81,1
DA:82,1
DA:83,1
DA:84,1
DA:85,1
DA:86,1
LH:86
LF:86
end_of_record
SF:src/lib/initialization/suseeConfig.ts
FN:2,__name
FN:8,anonymous_1
FN:17,checkEntries
FN:42,finalSuseeConfig
FN:44,anonymous_4
FNDA:21,__name
FNDA:9,anonymous_1
FNDA:8,checkEntries
FNDA:9,finalSuseeConfig
FNDA:8,anonymous_4
FNF:5
FNH:5
BRDA:1,0,0,7
BRDA:2,1,0,21
BRDA:8,2,0,9
BRDA:12,3,0,3
BRDA:17,4,0,8
BRDA:24,5,0,8
BRDA:31,6,0,6
BRDA:32,7,0,1
BRDA:24,8,0,1
BRDA:42,9,0,9
BRDA:57,10,0,1
BRDA:65,11,0,1
BRDA:69,12,0,1
BRDA:52,13,0,4
BRDA:58,14,0,3
BRDA:61,15,0,2
BRDA:44,16,0,8
BRDA:45,17,0,0
BRF:18
BRH:17
DA:1,7
DA:2,21
DA:3,7
DA:4,7
DA:5,7
DA:6,7
DA:7,7
DA:8,9
DA:9,9
DA:10,9
DA:11,9
DA:12,9
DA:13,3
DA:14,3
DA:15,3
DA:16,7
DA:17,7
DA:18,8
DA:19,8
DA:20,8
DA:21,8
DA:22,8
DA:23,8
DA:24,8
DA:25,1
DA:26,8
DA:27,8
DA:28,8
DA:29,8
DA:30,8
DA:31,8
DA:32,6
DA:33,1
DA:34,1
DA:35,1
DA:36,1
DA:37,7
DA:38,7
DA:39,7
DA:40,7
DA:41,7
DA:42,7
DA:43,9
DA:44,9
DA:45,9
DA:46,9
DA:47,9
DA:48,9
DA:49,9
DA:50,9
DA:51,9
DA:52,9
DA:53,4
DA:54,4
DA:55,4
DA:56,4
DA:57,4
DA:58,4
DA:59,4
DA:60,4
DA:61,4
DA:62,2
DA:63,4
DA:64,9
DA:65,9
DA:66,9
DA:67,9
DA:68,9
DA:69,9
DA:70,7
DA:71,7
DA:72,7
DA:73,7
DA:74,7
DA:75,7
DA:76,7
DA:77,7
DA:78,7
DA:79,7
DA:80,7
DA:81,7
DA:82,7
DA:83,7
DA:84,7
DA:85,7
DA:86,7
DA:87,7
DA:88,7
DA:89,7
DA:90,7
DA:91,7
DA:92,7
DA:93,7
DA:94,7
DA:95,7
DA:96,7
DA:97,7
DA:98,7
DA:99,7
DA:100,7
DA:101,7
DA:102,7
DA:103,7
DA:104,7
DA:105,7
DA:106,7
DA:107,7
DA:108,7
DA:109,7
DA:110,7
DA:111,7
DA:112,7
DA:113,7
DA:114,7
DA:115,7
DA:116,7
DA:117,7
DA:118,7
DA:119,7
DA:120,7
DA:121,7
DA:122,7
DA:123,7
DA:124,7
DA:125,7
DA:126,7
DA:127,7
DA:128,7
DA:129,7
DA:130,7
LH:130
LF:130
end_of_record
SF:src/lib/initialization/typeCheck.ts
FN:2,__name
FN:8,_typesCheck
FN:11,anonymous_2
FN:25,anonymous_3
FN:26,anonymous_4
FN:30,anonymous_5
FN:35,typeCheck
FNDA:2,__name
FNDA:2,_typesCheck
FNDA:2,anonymous_2
FNDA:0,anonymous_3
FNDA:0,anonymous_4
FNDA:0,anonymous_5
FNDA:2,typeCheck
FNF:7
FNH:4
BRDA:1,0,0,1
BRDA:2,1,0,2
BRDA:8,2,0,2
BRDA:15,3,0,0
BRDA:24,4,0,0
BRDA:32,5,0,0
BRDA:11,6,0,2
BRDA:35,7,0,2
BRF:8
BRH:5
DA:1,1
DA:2,2
DA:3,1
DA:4,1
DA:5,1
DA:6,1
DA:7,1
DA:8,1
DA:9,2
DA:10,2
DA:11,2
DA:12,2
DA:13,2
DA:14,2
DA:15,2
DA:16,0
DA:17,2
DA:18,2
DA:19,2
DA:20,2
DA:21,2
DA:22,2
DA:23,2
DA:24,2
DA:25,0
DA:26,0
DA:27,0
DA:28,0
DA:29,0
DA:30,0
DA:31,0
DA:32,2
DA:33,1
DA:34,1
DA:35,1
DA:36,2
DA:37,2
DA:38,2
DA:39,2
DA:40,2
DA:41,2
DA:42,2
DA:43,2
DA:44,1
DA:45,1
DA:46,1
DA:47,1
DA:48,1
DA:49,1
DA:50,1
DA:51,1
DA:52,1
DA:53,1
DA:54,1
DA:55,1
DA:56,1
DA:57,1
DA:58,1
LH:50
LF:58
end_of_record
SF:src/lib/utils.ts
FN:2,__name
FN:9,anonymous_1
FN:9,splitCamelCase
FN:18,anonymous_3
FN:21,anonymous_4
FN:22,anonymous_5
FN:64,isJsxContent
FN:84,writeCompileFile
FN:100,anonymous_8
FN:105,clearFolder
FN:23,walk2
FN:33,anonymous_11
FN:72,visitor
FN:14,anonymous_13
FN:15,anonymous_14
FNDA:82,__name
FNDA:10,anonymous_1
FNDA:4,splitCamelCase
FNDA:5,anonymous_3
FNDA:5,anonymous_4
FNDA:6,anonymous_5
FNDA:6,isJsxContent
FNDA:0,writeCompileFile
FNDA:0,anonymous_8
FNDA:0,clearFolder
FNDA:52,walk2
FNDA:3,anonymous_11
FNDA:46,visitor
FNDA:0,anonymous_13
FNDA:4,anonymous_14
FNF:15
FNH:11
BRDA:1,0,0,10
BRDA:2,1,0,82
BRDA:9,2,0,10
BRDA:9,3,0,4
BRDA:18,4,0,5
BRDA:21,5,0,5
BRDA:22,6,0,6
BRDA:50,7,0,3
BRDA:51,8,0,3
BRDA:51,9,0,1
BRDA:57,10,0,0
BRDA:61,11,0,0
BRDA:64,12,0,6
BRDA:23,13,0,52
BRDA:29,14,0,48
BRDA:32,15,0,4
BRDA:33,16,0,3
BRDA:29,17,0,2
BRDA:32,18,0,1
BRDA:35,19,0,0
BRDA:42,20,0,1
BRDA:33,21,0,3
BRDA:72,22,0,46
BRDA:73,23,0,29
BRDA:75,24,0,1
BRDA:76,25,0,29
BRDA:15,26,0,4
BRF:27
BRH:24
DA:1,10
DA:2,10
DA:3,82
DA:4,10
DA:5,10
DA:6,10
DA:7,10
DA:8,10
DA:9,10
DA:10,4
DA:11,4
DA:12,4
DA:13,4
DA:14,4
DA:15,4
DA:16,10
DA:17,10
DA:18,10
DA:19,5
DA:20,5
DA:21,10
DA:22,10
DA:23,6
DA:24,52
DA:25,52
DA:26,52
DA:27,52
DA:28,52
DA:29,52
DA:30,48
DA:31,48
DA:32,52
DA:33,52
DA:34,3
DA:35,52
DA:36,0
DA:37,0
DA:38,0
DA:39,0
DA:40,0
DA:41,52
DA:42,52
DA:43,1
DA:44,1
DA:45,1
DA:46,52
DA:47,6
DA:48,6
DA:49,6
DA:50,6
DA:51,6
DA:52,1
DA:53,1
DA:54,1
DA:55,1
DA:56,1
DA:57,6
DA:58,0
DA:59,0
DA:60,6
DA:61,6
DA:62,0
DA:63,6
DA:64,10
DA:65,6
DA:66,6
DA:67,6
DA:68,6
DA:69,6
DA:70,6
DA:71,6
DA:72,6
DA:73,46
DA:74,29
DA:75,46
DA:76,46
DA:77,6
DA:78,6
DA:79,6
DA:80,10
DA:81,10
DA:82,10
DA:83,10
DA:84,10
DA:85,0
DA:86,0
DA:87,0
DA:88,0
DA:89,0
DA:90,0
DA:91,0
DA:92,0
DA:93,0
DA:94,0
DA:95,10
DA:96,10
DA:97,10
DA:98,10
DA:99,10
DA:100,10
DA:101,0
DA:102,0
DA:103,0
DA:104,0
DA:105,10
DA:106,0
DA:107,0
DA:108,0
DA:109,0
DA:110,0
DA:111,0
DA:112,0
DA:113,0
DA:114,0
DA:115,0
DA:116,0
DA:117,0
DA:118,0
DA:119,0
DA:120,0
DA:121,0
DA:122,10
DA:123,10
DA:124,10
DA:125,10
DA:126,10
DA:127,10
DA:128,10
DA:129,10
DA:130,10
DA:131,10
DA:132,10
DA:133,10
DA:134,10
DA:135,10
DA:136,10
DA:137,10
DA:138,10
DA:139,10
DA:140,10
DA:141,10
DA:142,10
DA:143,10
DA:144,10
DA:145,10
DA:146,10
DA:147,10
DA:148,10
DA:149,10
DA:150,10
DA:151,10
DA:152,10
DA:153,10
DA:154,10
DA:155,10
DA:156,10
DA:157,10
DA:158,10
DA:159,10
DA:160,10
DA:161,10
DA:162,10
DA:163,10
DA:164,10
DA:165,10
DA:166,10
DA:167,10
DA:168,10
DA:169,10
DA:170,10
DA:171,10
DA:172,10
DA:173,10
DA:174,10
DA:175,10
DA:176,10
DA:177,10
DA:178,10
DA:179,10
DA:180,10
DA:181,10
DA:182,10
DA:183,10
DA:184,10
DA:185,10
DA:186,10
DA:187,10
DA:188,10
DA:189,10
DA:190,10
DA:191,10
DA:192,10
DA:193,10
DA:194,10
DA:195,10
DA:196,10
DA:197,10
DA:198,10
DA:199,10
DA:200,10
DA:201,10
DA:202,10
DA:203,10
DA:204,10
DA:205,10
DA:206,10
DA:207,10
DA:208,10
LH:170
LF:208
end_of_record
SF:tests/bundle/index.test.ts
FN:2,__name
FN:10,createDepFile
FN:22,anonymous_2
FN:25,anonymous_3
FN:55,func
FN:57,func
FN:93,anonymous_6
FN:93,anonymous_7
FN:108,anonymous_8
FNDA:2,__name
FNDA:4,createDepFile
FNDA:1,anonymous_2
FNDA:1,anonymous_3
FNDA:1,func
FNDA:1,func
FNDA:2,anonymous_6
FNDA:2,anonymous_7
FNDA:2,anonymous_8
FNF:9
FNH:9
BRDA:1,0,0,1
BRDA:2,1,0,2
BRDA:10,2,0,4
BRDA:22,3,0,1
BRDA:25,4,0,1
BRDA:55,5,0,1
BRDA:57,6,0,1
BRDA:93,7,0,1
BRDA:111,8,0,2
BRDA:93,9,0,2
BRDA:108,10,0,2
BRF:11
BRH:11
DA:1,1
DA:2,1
DA:3,2
DA:4,1
DA:5,1
DA:6,1
DA:7,1
DA:8,1
DA:9,1
DA:10,4
DA:11,4
DA:12,4
DA:13,4
DA:14,4
DA:15,4
DA:16,4
DA:17,4
DA:18,4
DA:19,4
DA:20,4
DA:21,1
DA:22,1
DA:23,1
DA:24,1
DA:25,1
DA:26,1
DA:27,1
DA:28,1
DA:29,1
DA:30,1
DA:31,1
DA:32,1
DA:33,1
DA:34,1
DA:35,1
DA:36,1
DA:37,1
DA:38,1
DA:39,1
DA:40,1
DA:41,1
DA:42,1
DA:43,1
DA:44,1
DA:45,1
DA:46,1
DA:47,1
DA:48,1
DA:49,1
DA:50,1
DA:51,1
DA:52,1
DA:53,1
DA:54,1
DA:55,1
DA:56,1
DA:57,1
DA:58,1
DA:59,1
DA:60,1
DA:61,1
DA:62,1
DA:63,1
DA:64,1
DA:65,1
DA:66,1
DA:67,1
DA:68,1
DA:69,1
DA:70,1
DA:71,1
DA:72,1
DA:73,1
DA:74,1
DA:75,1
DA:76,1
DA:77,1
DA:78,1
DA:79,1
DA:80,1
DA:81,1
DA:82,1
DA:83,1
DA:84,1
DA:85,1
DA:86,1
DA:87,1
DA:88,1
DA:89,1
DA:90,1
DA:91,1
DA:92,1
DA:93,1
DA:94,2
DA:95,2
DA:96,2
DA:97,2
DA:98,2
DA:99,2
DA:100,2
DA:101,2
DA:102,1
DA:103,1
DA:104,1
DA:105,1
DA:106,1
DA:107,1
DA:108,1
DA:109,1
DA:110,1
DA:111,1
DA:112,2
DA:113,1
DA:114,1
DA:115,1
DA:116,1
DA:117,1
DA:118,1
DA:119,1
DA:120,1
DA:121,1
DA:122,1
DA:123,1
DA:124,1
DA:125,1
DA:126,1
DA:127,1
DA:128,1
DA:129,1
DA:130,1
DA:131,1
DA:132,1
DA:133,1
DA:134,1
DA:135,1
DA:136,1
DA:137,1
DA:138,1
DA:139,1
DA:140,1
DA:141,1
DA:142,1
DA:143,1
DA:144,1
DA:145,1
LH:145
LF:145
end_of_record
SF:tests/compile/compiler.test.ts
FN:2,__name
FN:11,createPoint
FN:31,func
FN:34,plugins
FN:35,func
FN:43,flushAsyncWork
FN:48,anonymous_6
FN:52,anonymous_7
FN:56,anonymous_8
FN:63,utils.wait
FN:64,utils.clearFolder
FN:71,utils.writeCompileFile
FN:78,anonymous_12
FN:78,anonymous_13
FN:81,anonymous_14
FN:85,anonymous_15
FN:86,anonymous_16
FN:89,anonymous_17
FN:90,anonymous_18
FN:103,anonymous_19
FN:111,utils.wait
FN:112,utils.clearFolder
FN:114,utils.writeCompileFile
FN:124,anonymous_23
FN:125,anonymous_24
FN:129,anonymous_25
FN:129,anonymous_26
FNDA:2,__name
FNDA:3,createPoint
FNDA:4,func
FNDA:4,plugins
FNDA:4,func
FNDA:2,flushAsyncWork
FNDA:2,anonymous_6
FNDA:1,anonymous_7
FNDA:1,anonymous_8
FNDA:9,utils.wait
FNDA:2,utils.clearFolder
FNDA:5,utils.writeCompileFile
FNDA:5,anonymous_12
FNDA:2,anonymous_13
FNDA:4,anonymous_14
FNDA:1,anonymous_15
FNDA:3,anonymous_16
FNDA:5,anonymous_17
FNDA:2,anonymous_18
FNDA:1,anonymous_19
FNDA:8,utils.wait
FNDA:4,utils.clearFolder
FNDA:4,utils.writeCompileFile
FNDA:4,anonymous_23
FNDA:2,anonymous_24
FNDA:4,anonymous_25
FNDA:4,anonymous_26
FNF:27
FNH:27
BRDA:1,0,0,1
BRDA:2,1,0,2
BRDA:11,2,0,3
BRDA:31,3,0,4
BRDA:34,4,0,4
BRDA:35,5,0,4
BRDA:43,6,0,2
BRDA:48,7,0,2
BRDA:52,8,0,1
BRDA:56,9,0,1
BRDA:94,10,0,0
BRDA:63,11,0,9
BRDA:64,12,0,2
BRDA:71,13,0,5
BRDA:78,14,0,5
BRDA:78,15,0,2
BRDA:81,16,0,4
BRDA:85,17,0,1
BRDA:86,18,0,3
BRDA:89,19,0,5
BRDA:90,20,0,2
BRDA:103,21,0,1
BRDA:111,22,0,8
BRDA:112,23,0,4
BRDA:114,24,0,4
BRDA:124,25,0,4
BRDA:125,26,0,2
BRDA:129,27,0,4
BRDA:129,28,0,4
BRF:29
BRH:28
DA:1,1
DA:2,1
DA:3,2
DA:4,1
DA:5,1
DA:6,1
DA:7,1
DA:8,1
DA:9,1
DA:10,1
DA:11,1
DA:12,3
DA:13,3
DA:14,3
DA:15,3
DA:16,3
DA:17,3
DA:18,3
DA:19,3
DA:20,3
DA:21,3
DA:22,3
DA:23,3
DA:24,3
DA:25,3
DA:26,3
DA:27,3
DA:28,3
DA:29,3
DA:30,3
DA:31,3
DA:32,4
DA:33,4
DA:34,3
DA:35,4
DA:36,4
DA:37,3
DA:38,3
DA:39,3
DA:40,3
DA:41,3
DA:42,1
DA:43,1
DA:44,2
DA:45,2
DA:46,2
DA:47,2
DA:48,2
DA:49,2
DA:50,1
DA:51,1
DA:52,1
DA:53,1
DA:54,1
DA:55,1
DA:56,1
DA:57,1
DA:58,1
DA:59,1
DA:60,1
DA:61,1
DA:62,1
DA:63,1
DA:64,1
DA:65,2
DA:66,2
DA:67,2
DA:68,2
DA:69,2
DA:70,1
DA:71,1
DA:72,5
DA:73,5
DA:74,1
DA:75,1
DA:76,1
DA:77,1
DA:78,1
DA:79,2
DA:80,1
DA:81,1
DA:82,1
DA:83,1
DA:84,1
DA:85,1
DA:86,1
DA:87,3
DA:88,3
DA:89,1
DA:90,1
DA:91,2
DA:92,2
DA:93,1
DA:94,1
DA:95,1
DA:96,1
DA:97,1
DA:98,1
DA:99,1
DA:100,1
DA:101,1
DA:102,1
DA:103,1
DA:104,1
DA:105,1
DA:106,1
DA:107,1
DA:108,1
DA:109,1
DA:110,1
DA:111,1
DA:112,1
DA:113,1
DA:114,1
DA:115,4
DA:116,4
DA:117,1
DA:118,1
DA:119,1
DA:120,1
DA:121,1
DA:122,1
DA:123,1
DA:124,1
DA:125,1
DA:126,1
DA:127,1
DA:128,1
DA:129,1
DA:130,1
DA:131,1
DA:132,1
DA:133,1
DA:134,1
DA:135,1
DA:136,1
DA:137,1
DA:138,1
DA:139,1
DA:140,1
DA:141,1
DA:142,1
DA:143,1
DA:144,1
DA:145,1
DA:146,1
DA:147,1
DA:148,1
DA:149,1
DA:150,1
DA:151,1
DA:152,1
DA:153,1
DA:154,1
DA:155,1
DA:156,1
DA:157,1
DA:158,1
DA:159,1
DA:160,1
DA:161,1
DA:162,1
DA:163,1
DA:164,1
DA:165,1
DA:166,1
DA:167,1
DA:168,1
DA:169,1
DA:170,1
DA:171,1
DA:172,1
DA:173,1
DA:174,1
DA:175,1
LH:175
LF:175
end_of_record
SF:tests/initialization/compilerOptions.test.ts
FN:9,anonymous_0
FN:9,anonymous_1
FN:27,anonymous_2
FNDA:1,anonymous_0
FNDA:1,anonymous_1
FNDA:1,anonymous_2
FNF:3
FNH:3
BRDA:1,0,0,1
BRDA:9,1,0,1
BRDA:9,2,0,1
BRDA:27,3,0,1
BRF:4
BRH:4
DA:1,1
DA:2,1
DA:3,1
DA:4,1
DA:5,1
DA:6,1
DA:7,1
DA:8,1
DA:9,1
DA:10,1
DA:11,1
DA:12,1
DA:13,1
DA:14,1
DA:15,1
DA:16,1
DA:17,1
DA:18,1
DA:19,1
DA:20,1
DA:21,1
DA:22,1
DA:23,1
DA:24,1
DA:25,1
DA:26,1
DA:27,1
DA:28,1
DA:29,1
DA:30,1
DA:31,1
DA:32,1
DA:33,1
DA:34,1
DA:35,1
DA:36,1
DA:37,1
DA:38,1
DA:39,1
DA:40,1
DA:41,1
DA:42,1
DA:43,1
DA:44,1
DA:45,1
DA:46,1
DA:47,1
DA:48,1
DA:49,1
DA:50,1
DA:51,1
DA:52,1
DA:53,1
DA:54,1
DA:55,1
DA:56,1
DA:57,1
DA:58,1
DA:59,1
DA:60,1
DA:61,1
DA:62,1
DA:63,1
DA:64,1
LH:64
LF:64
end_of_record
SF:tests/initialization/dependencies.test.ts
FN:8,anonymous_0
FN:9,anonymous_1
FN:29,anonymous_2
FN:47,anonymous_3
FN:62,anonymous_4
FNDA:1,anonymous_0
FNDA:1,anonymous_1
FNDA:1,anonymous_2
FNDA:1,anonymous_3
FNDA:1,anonymous_4
FNF:5
FNH:5
BRDA:1,0,0,1
BRDA:8,1,0,1
BRDA:9,2,0,1
BRDA:29,3,0,1
BRDA:47,4,0,1
BRDA:62,5,0,1
BRF:6
BRH:6
DA:1,1
DA:2,1
DA:3,1
DA:4,1
DA:5,1
DA:6,1
DA:7,1
DA:8,1
DA:9,1
DA:10,1
DA:11,1
DA:12,1
DA:13,1
DA:14,1
DA:15,1
DA:16,1
DA:17,1
DA:18,1
DA:19,1
DA:20,1
DA:21,1
DA:22,1
DA:23,1
DA:24,1
DA:25,1
DA:26,1
DA:27,1
DA:28,1
DA:29,1
DA:30,1
DA:31,1
DA:32,1
DA:33,1
DA:34,1
DA:35,1
DA:36,1
DA:37,1
DA:38,1
DA:39,1
DA:40,1
DA:41,1
DA:42,1
DA:43,1
DA:44,1
DA:45,1
DA:46,1
DA:47,1
DA:48,1
DA:49,1
DA:50,1
DA:51,1
DA:52,1
DA:53,1
DA:54,1
DA:55,1
DA:56,1
DA:57,1
DA:58,1
DA:59,1
DA:60,1
DA:61,1
DA:62,1
DA:63,1
DA:64,1
DA:65,1
DA:66,1
DA:67,1
DA:68,1
DA:69,1
DA:70,1
DA:71,1
DA:72,1
DA:73,1
DA:74,1
DA:75,1
DA:76,1
DA:77,1
DA:78,1
DA:79,1
DA:80,1
DA:81,1
DA:82,1
DA:83,1
DA:84,1
DA:85,1
DA:86,1
DA:87,1
DA:88,1
DA:89,1
DA:90,1
DA:91,1
LH:91
LF:91
end_of_record
SF:tests/initialization/get_config/duplicate/lib/get_config.ts
FNF:0
FNH:0
BRDA:1,0,0,1
BRDA:3,1,0,0
BRF:2
BRH:1
DA:1,1
DA:2,1
DA:3,1
LH:3
LF:3
end_of_record
SF:tests/initialization/get_config/duplicate/susee.config.ts
FNF:0
FNH:0
BRDA:1,0,0,1
BRF:1
BRH:1
DA:1,1
DA:2,1
DA:3,1
DA:4,1
DA:5,1
DA:6,1
DA:7,1
DA:8,1
DA:9,1
DA:10,1
DA:11,1
DA:12,1
DA:13,1
DA:14,1
DA:15,1
DA:16,1
LH:16
LF:16
end_of_record
SF:tests/initialization/get_config/empty_entries/lib/get_config.ts
FNF:0
FNH:0
BRDA:1,0,0,1
BRDA:3,1,0,0
BRF:2
BRH:1
DA:1,1
DA:2,1
DA:3,1
LH:3
LF:3
end_of_record
SF:tests/initialization/get_config/empty_entries/susee.config.ts
FNF:0
FNH:0
BRDA:1,0,0,1
BRF:1
BRH:1
DA:1,1
DA:2,1
DA:3,1
DA:4,1
DA:5,1
LH:5
LF:5
end_of_record
SF:tests/initialization/get_config/entry_not_found/lib/get_config.ts
FNF:0
FNH:0
BRDA:1,0,0,1
BRDA:3,1,0,0
BRF:2
BRH:1
DA:1,1
DA:2,1
DA:3,1
LH:3
LF:3
end_of_record
SF:tests/initialization/get_config/entry_not_found/susee.config.ts
FNF:0
FNH:0
BRDA:1,0,0,1
BRF:1
BRH:1
DA:1,1
DA:2,1
DA:3,1
DA:4,1
DA:5,1
DA:6,1
DA:7,1
DA:8,1
DA:9,1
DA:10,1
DA:11,1
DA:12,1
DA:13,1
DA:14,1
DA:15,1
DA:16,1
LH:16
LF:16
end_of_record
SF:tests/initialization/get_config/not_found/lib/get_config.ts
FNF:0
FNH:0
BRDA:1,0,0,1
BRDA:3,1,0,0
BRF:2
BRH:1
DA:1,1
DA:2,1
DA:3,1
LH:3
LF:3
end_of_record
SF:tests/initialization/get_config/ok/susee.config.ts
FNF:0
FNH:0
BRDA:1,0,0,2
BRF:1
BRH:1
DA:1,2
DA:2,2
DA:3,2
DA:4,2
DA:5,2
DA:6,2
DA:7,2
DA:8,2
DA:9,2
DA:10,2
DA:11,2
LH:11
LF:11
end_of_record
SF:tests/initialization/initializer.test.ts
FN:6,anonymous_0
FN:7,anonymous_1
FN:29,anonymous_2
FNDA:1,anonymous_0
FNDA:1,anonymous_1
FNDA:1,anonymous_2
FNF:3
FNH:3
BRDA:1,0,0,1
BRDA:6,1,0,1
BRDA:7,2,0,1
BRDA:29,3,0,1
BRF:4
BRH:4
DA:1,1
DA:2,1
DA:3,1
DA:4,1
DA:5,1
DA:6,1
DA:7,1
DA:8,1
DA:9,1
DA:10,1
DA:11,1
DA:12,1
DA:13,1
DA:14,1
DA:15,1
DA:16,1
DA:17,1
DA:18,1
DA:19,1
DA:20,1
DA:21,1
DA:22,1
DA:23,1
DA:24,1
DA:25,1
DA:26,1
DA:27,1
DA:28,1
DA:29,1
DA:30,1
DA:31,1
DA:32,1
DA:33,1
DA:34,1
DA:35,1
DA:36,1
DA:37,1
DA:38,1
DA:39,1
DA:40,1
DA:41,1
DA:42,1
DA:43,1
DA:44,1
DA:45,1
DA:46,1
DA:47,1
DA:48,1
DA:49,1
DA:50,1
DA:51,1
DA:52,1
DA:53,1
DA:54,1
DA:55,1
DA:56,1
LH:56
LF:56
end_of_record
SF:tests/initialization/initializer/plugins/susee.config.ts
FN:6,func
FN:9,func
FNDA:1,func
FNDA:1,func
FNF:2
FNH:2
BRDA:1,0,0,1
BRDA:6,1,0,1
BRDA:9,2,0,1
BRF:3
BRH:3
DA:1,1
DA:2,1
DA:3,1
DA:4,1
DA:5,1
DA:6,1
DA:7,1
DA:8,1
DA:9,1
DA:10,1
DA:11,1
DA:12,1
DA:13,1
DA:14,1
DA:15,1
DA:16,1
DA:17,1
DA:18,1
DA:19,1
DA:20,1
DA:21,1
DA:22,1
DA:23,1
DA:24,1
LH:24
LF:24
end_of_record
SF:tests/initialization/suseeConfig.test.ts
FN:7,anonymous_0
FN:10,anonymous_1
FN:24,anonymous_2
FN:39,anonymous_3
FN:55,anonymous_4
FN:65,anonymous_5
FNDA:1,anonymous_0
FNDA:1,anonymous_1
FNDA:1,anonymous_2
FNDA:1,anonymous_3
FNDA:1,anonymous_4
FNDA:1,anonymous_5
FNF:6
FNH:6
BRDA:1,0,0,1
BRDA:7,1,0,1
BRDA:10,2,0,1
BRDA:24,3,0,1
BRDA:39,4,0,1
BRDA:55,5,0,1
BRDA:65,6,0,1
BRF:7
BRH:7
DA:1,1
DA:2,1
DA:3,1
DA:4,1
DA:5,1
DA:6,1
DA:7,1
DA:8,1
DA:9,1
DA:10,1
DA:11,1
DA:12,1
DA:13,1
DA:14,1
DA:15,1
DA:16,1
DA:17,1
DA:18,1
DA:19,1
DA:20,1
DA:21,1
DA:22,1
DA:23,1
DA:24,1
DA:25,1
DA:26,1
DA:27,1
DA:28,1
DA:29,1
DA:30,1
DA:31,1
DA:32,1
DA:33,1
DA:34,1
DA:35,1
DA:36,1
DA:37,1
DA:38,1
DA:39,1
DA:40,1
DA:41,1
DA:42,1
DA:43,1
DA:44,1
DA:45,1
DA:46,1
DA:47,1
DA:48,1
DA:49,1
DA:50,1
DA:51,1
DA:52,1
DA:53,1
DA:54,1
DA:55,1
DA:56,1
DA:57,1
DA:58,1
DA:59,1
DA:60,1
DA:61,1
DA:62,1
DA:63,1
DA:64,1
DA:65,1
DA:66,1
DA:67,1
DA:68,1
DA:69,1
DA:70,1
DA:71,1
DA:72,1
DA:73,1
DA:74,1
DA:75,1
DA:76,1
DA:77,1
DA:78,1
DA:79,1
DA:80,1
DA:81,1
DA:82,1
DA:83,1
DA:84,1
DA:85,1
DA:86,1
DA:87,1
DA:88,1
DA:89,1
DA:90,1
DA:91,1
DA:92,1
DA:93,1
DA:94,1
DA:95,1
DA:96,1
DA:97,1
DA:98,1
DA:99,1
DA:100,1
DA:101,1
DA:102,1
DA:103,1
DA:104,1
DA:105,1
DA:106,1
DA:107,1
DA:108,1
LH:108
LF:108
end_of_record
SF:tests/initialization/ts_config/correct_options/susee.config.ts
FNF:0
FNH:0
BRDA:1,0,0,1
BRF:1
BRH:1
DA:1,1
DA:2,1
DA:3,1
DA:4,1
DA:5,1
DA:6,1
DA:7,1
DA:8,1
DA:9,1
DA:10,1
DA:11,1
DA:12,1
DA:13,1
DA:14,1
DA:15,1
DA:16,1
DA:17,1
DA:18,1
LH:18
LF:18
end_of_record
SF:tests/initialization/ts_config/custom_path/susee.config.ts
FNF:0
FNH:0
BRDA:1,0,0,1
BRF:1
BRH:1
DA:1,1
DA:2,1
DA:3,1
DA:4,1
DA:5,1
DA:6,1
DA:7,1
DA:8,1
DA:9,1
DA:10,1
DA:11,1
DA:12,1
DA:13,1
DA:14,1
DA:15,1
DA:16,1
DA:17,1
DA:18,1
DA:19,1
LH:19
LF:19
end_of_record
SF:tests/lib/test_helpers.ts
FN:2,__name
FN:8,setupTempDir
FN:15,readJson
FN:23,fileExists
FN:28,anonymous_4
FN:29,expect
FN:45,exitWithCodeOneAndMessage
FN:47,anonymous_7
FN:64,exitWithCodeZeroAndMessage
FN:78,sortObject
FN:79,anonymous_10
FNDA:16,__name
FNDA:4,setupTempDir
FNDA:0,readJson
FNDA:0,fileExists
FNDA:0,anonymous_4
FNDA:0,expect
FNDA:4,exitWithCodeOneAndMessage
FNDA:4,anonymous_7
FNDA:0,exitWithCodeZeroAndMessage
FNDA:2,sortObject
FNDA:14,anonymous_10
FNF:11
FNH:6
BRDA:1,0,0,2
BRDA:2,1,0,16
BRDA:8,2,0,4
BRDA:45,3,0,4
BRDA:47,4,0,4
BRDA:61,5,0,0
BRDA:78,6,0,2
BRDA:79,7,0,14
BRF:8
BRH:7
DA:1,2
DA:2,2
DA:3,16
DA:4,2
DA:5,2
DA:6,2
DA:7,2
DA:8,2
DA:9,4
DA:10,4
DA:11,4
DA:12,4
DA:13,4
DA:14,2
DA:15,2
DA:16,0
DA:17,0
DA:18,0
DA:19,0
DA:20,0
DA:21,2
DA:22,2
DA:23,2
DA:24,0
DA:25,0
DA:26,0
DA:27,2
DA:28,2
DA:29,2
DA:30,0
DA:31,0
DA:32,0
DA:33,0
DA:34,0
DA:35,0
DA:36,0
DA:37,0
DA:38,0
DA:39,0
DA:40,0
DA:41,0
DA:42,0
DA:43,0
DA:44,2
DA:45,2
DA:46,4
DA:47,4
DA:48,4
DA:49,4
DA:50,4
DA:51,4
DA:52,4
DA:53,4
DA:54,4
DA:55,4
DA:56,4
DA:57,4
DA:58,4
DA:59,4
DA:60,4
DA:61,4
DA:62,2
DA:63,2
DA:64,2
DA:65,0
DA:66,0
DA:67,0
DA:68,0
DA:69,0
DA:70,0
DA:71,0
DA:72,0
DA:73,0
DA:74,2
DA:75,2
DA:76,2
DA:77,2
DA:78,2
DA:79,2
DA:80,14
DA:81,14
DA:82,2
DA:83,2
DA:84,2
DA:85,2
DA:86,2
DA:87,2
DA:88,2
DA:89,2
DA:90,2
DA:91,2
DA:92,2
DA:93,2
DA:94,2
DA:95,2
DA:96,2
DA:97,2
DA:98,2
DA:99,2
DA:100,2
DA:101,2
DA:102,2
DA:103,2
DA:104,2
DA:105,2
DA:106,2
DA:107,2
DA:108,2
DA:109,2
DA:110,2
DA:111,2
DA:112,2
DA:113,2
DA:114,2
DA:115,2
DA:116,2
DA:117,2
DA:118,2
DA:119,2
DA:120,2
DA:121,2
DA:122,2
DA:123,2
DA:124,2
DA:125,2
DA:126,2
DA:127,2
DA:128,2
DA:129,2
DA:130,2
DA:131,2
DA:132,2
LH:101
LF:132
end_of_record
