TN:
SF:src/lib/bundle/handlers/duplicate.ts
FN:2,__name
FN:11,__uniqueName
FN:13,setPrefix
FN:19,getName
FN:28,getPrefix
FN:36,anonymous_5
FN:50,anonymous_6
FN:54,anonymous_7
FN:68,resetDuplicateState
FN:78,anonymous_9
FN:78,anonymous_10
FN:83,anonymous_11
FN:84,anonymous_12
FN:86,anonymous_13
FN:88,anonymous_14
FN:95,anonymous_15
FN:124,anonymous_16
FN:168,anonymous_17
FN:179,anonymous_18
FN:180,anonymous_19
FN:182,anonymous_20
FN:184,anonymous_21
FN:190,anonymous_22
FN:192,anonymous_23
FN:213,anonymous_24
FN:218,anonymous_25
FN:226,anonymous_26
FN:235,anonymous_27
FN:237,anonymous_28
FN:239,anonymous_29
FN:240,anonymous_30
FN:246,anonymous_31
FN:251,anonymous_32
FN:274,anonymous_33
FN:275,anonymous_34
FN:298,anonymous_35
FN:307,anonymous_36
FN:308,anonymous_37
FN:309,anonymous_38
FN:309,visitor
FN:311,anonymous_40
FN:334,anonymous_41
FN:336,anonymous_42
FN:337,anonymous_43
FN:340,anonymous_44
FN:350,anonymous_45
FN:352,anonymous_46
FN:354,anonymous_47
FN:356,anonymous_48
FN:359,anonymous_49
FN:407,anonymous_50
FN:420,anonymous_51
FN:429,anonymous_52
FNDA:69,__name
FNDA:3,__uniqueName
FNDA:3,setPrefix
FNDA:0,getName
FNDA:0,getPrefix
FNDA:1,anonymous_5
FNDA:0,anonymous_6
FNDA:3,anonymous_7
FNDA:2,resetDuplicateState
FNDA:4,anonymous_9
FNDA:6,anonymous_10
FNDA:6,anonymous_11
FNDA:22,anonymous_12
FNDA:0,anonymous_13
FNDA:0,anonymous_14
FNDA:26,anonymous_15
FNDA:94,anonymous_16
FNDA:6,anonymous_17
FNDA:4,anonymous_18
FNDA:6,anonymous_19
FNDA:6,anonymous_20
FNDA:94,anonymous_21
FNDA:0,anonymous_22
FNDA:0,anonymous_23
FNDA:0,anonymous_24
FNDA:0,anonymous_25
FNDA:6,anonymous_26
FNDA:2,anonymous_27
FNDA:3,anonymous_28
FNDA:3,anonymous_29
FNDA:42,anonymous_30
FNDA:1,anonymous_31
FNDA:0,anonymous_32
FNDA:1,anonymous_33
FNDA:0,anonymous_34
FNDA:3,anonymous_35
FNDA:2,anonymous_36
FNDA:3,anonymous_37
FNDA:3,anonymous_38
FNDA:47,visitor
FNDA:3,anonymous_40
FNDA:0,anonymous_41
FNDA:0,anonymous_42
FNDA:44,anonymous_43
FNDA:3,anonymous_44
FNDA:2,anonymous_45
FNDA:3,anonymous_46
FNDA:3,anonymous_47
FNDA:20,anonymous_48
FNDA:3,anonymous_49
FNDA:3,anonymous_50
FNDA:14,anonymous_51
FNDA:0,anonymous_52
FNF:53
FNH:39
BRDA:1,0,0,1
BRDA:2,1,0,69
BRDA:11,2,0,3
BRDA:13,3,0,3
BRDA:16,4,0,0
BRDA:36,5,0,1
BRDA:42,6,0,0
BRDA:54,7,0,3
BRDA:57,8,0,0
BRDA:63,9,0,2
BRDA:63,10,0,1
BRDA:67,11,0,2
BRDA:68,12,0,2
BRDA:78,13,0,4
BRDA:78,14,0,6
BRDA:83,15,0,6
BRDA:84,16,0,22
BRDA:90,17,0,0
BRDA:94,18,0,0
BRDA:95,19,0,26
BRDA:96,20,0,0
BRDA:96,21,0,6
BRDA:96,22,0,20
BRDA:103,23,0,16
BRDA:107,24,0,14
BRDA:111,25,0,6
BRDA:112,26,0,12
BRDA:114,27,0,14
BRDA:117,28,0,0
BRDA:118,29,0,0
BRDA:118,30,0,14
BRDA:124,31,0,94
BRDA:125,32,0,8
BRDA:127,33,0,0
BRDA:130,34,0,86
BRDA:131,35,0,0
BRDA:137,36,0,0
BRDA:152,37,0,26
BRDA:153,38,0,14
BRDA:154,39,0,0
BRDA:155,40,0,0
BRDA:156,41,0,0
BRDA:156,42,0,0
BRDA:158,43,0,0
BRDA:168,44,0,6
BRDA:179,45,0,4
BRDA:180,46,0,6
BRDA:182,47,0,6
BRDA:184,48,0,94
BRDA:185,49,0,0
BRDA:210,50,0,0
BRDA:226,51,0,6
BRDA:235,52,0,2
BRDA:237,53,0,3
BRDA:239,54,0,3
BRDA:240,55,0,42
BRDA:241,56,0,3
BRDA:243,57,0,1
BRDA:245,58,0,1
BRDA:247,59,0,2
BRDA:248,60,0,2
BRDA:252,61,0,0
BRDA:266,62,0,1
BRDA:270,63,0,1
BRDA:295,64,0,41
BRDA:246,65,0,1
BRDA:274,66,0,1
BRDA:277,67,0,0
BRDA:298,68,0,3
BRDA:307,69,0,2
BRDA:308,70,0,3
BRDA:309,71,0,3
BRDA:309,72,0,47
BRDA:310,73,0,3
BRDA:319,74,0,44
BRDA:324,75,0,0
BRDA:331,76,0,0
BRDA:339,77,0,0
BRDA:311,78,0,3
BRDA:316,79,0,0
BRDA:337,80,0,44
BRDA:340,81,0,3
BRDA:350,82,0,2
BRDA:352,83,0,3
BRDA:354,84,0,3
BRDA:356,85,0,20
BRDA:358,86,0,3
BRDA:378,87,0,17
BRDA:379,88,0,0
BRDA:392,89,0,0
BRDA:405,90,0,17
BRDA:359,91,0,3
BRDA:362,92,0,0
BRDA:407,93,0,3
BRDA:420,94,0,2
BRDA:428,95,0,14
BRF:96
BRH:69
DA:1,1
DA:2,1
DA:3,69
DA:4,1
DA:5,1
DA:6,1
DA:7,1
DA:8,1
DA:9,1
DA:10,1
DA:11,1
DA:12,3
DA:13,3
DA:14,3
DA:15,3
DA:16,3
DA:17,0
DA:18,0
DA:19,3
DA:20,0
DA:21,0
DA:22,0
DA:23,0
DA:24,0
DA:25,3
DA:26,3
DA:27,3
DA:28,3
DA:29,0
DA:30,3
DA:31,1
DA:32,1
DA:33,1
DA:34,1
DA:35,1
DA:36,1
DA:37,1
DA:38,1
DA:39,1
DA:40,1
DA:41,1
DA:42,1
DA:43,1
DA:44,1
DA:45,1
DA:46,1
DA:47,1
DA:48,1
DA:49,1
DA:50,0
DA:51,1
DA:52,1
DA:53,1
DA:54,1
DA:55,3
DA:56,3
DA:57,3
DA:58,0
DA:59,0
DA:60,0
DA:61,0
DA:62,3
DA:63,3
DA:64,1
DA:65,1
DA:66,1
DA:67,1
DA:68,1
DA:69,2
DA:70,2
DA:71,2
DA:72,2
DA:73,2
DA:74,2
DA:75,2
DA:76,1
DA:77,1
DA:78,1
DA:79,6
DA:80,6
DA:81,6
DA:82,6
DA:83,6
DA:84,6
DA:85,22
DA:86,22
DA:87,22
DA:88,22
DA:89,22
DA:90,22
DA:91,22
DA:92,22
DA:93,22
DA:94,6
DA:95,6
DA:96,26
DA:97,20
DA:98,20
DA:99,20
DA:100,20
DA:101,20
DA:102,20
DA:103,20
DA:104,16
DA:105,16
DA:106,16
DA:107,20
DA:108,14
DA:109,14
DA:110,14
DA:111,20
DA:112,12
DA:113,12
DA:114,26
DA:115,14
DA:116,14
DA:117,26
DA:118,26
DA:119,14
DA:120,6
DA:121,6
DA:122,6
DA:123,6
DA:124,6
DA:125,94
DA:126,8
DA:127,8
DA:128,0
DA:129,0
DA:130,94
DA:131,86
DA:132,0
DA:133,0
DA:134,0
DA:135,0
DA:136,0
DA:137,86
DA:138,0
DA:139,0
DA:140,0
DA:141,0
DA:142,0
DA:143,0
DA:144,0
DA:145,0
DA:146,0
DA:147,0
DA:148,86
DA:149,86
DA:150,86
DA:151,86
DA:152,86
DA:153,86
DA:154,14
DA:155,14
DA:156,14
DA:157,14
DA:158,14
DA:159,0
DA:160,0
DA:161,0
DA:162,0
DA:163,0
DA:164,0
DA:165,0
DA:166,0
DA:167,94
DA:168,6
DA:169,6
DA:170,6
DA:171,6
DA:172,6
DA:173,6
DA:174,6
DA:175,6
DA:176,6
DA:177,6
DA:178,1
DA:179,1
DA:180,4
DA:181,6
DA:182,6
DA:183,6
DA:184,6
DA:185,94
DA:186,0
DA:187,0
DA:188,0
DA:189,0
DA:190,0
DA:191,0
DA:192,0
DA:193,0
DA:194,0
DA:195,0
DA:196,0
DA:197,0
DA:198,0
DA:199,0
DA:200,0
DA:201,0
DA:202,0
DA:203,0
DA:204,0
DA:205,0
DA:206,0
DA:207,0
DA:208,94
DA:209,94
DA:210,94
DA:211,0
DA:212,0
DA:213,0
DA:214,0
DA:215,0
DA:216,0
DA:217,0
DA:218,0
DA:219,0
DA:220,0
DA:221,0
DA:222,0
DA:223,0
DA:224,94
DA:225,94
DA:226,6
DA:227,6
DA:228,6
DA:229,6
DA:230,6
DA:231,6
DA:232,6
DA:233,1
DA:234,1
DA:235,1
DA:236,2
DA:237,2
DA:238,3
DA:239,3
DA:240,3
DA:241,42
DA:242,3
DA:243,3
DA:244,1
DA:245,3
DA:246,1
DA:247,3
DA:248,3
DA:249,2
DA:250,2
DA:251,2
DA:252,2
DA:253,0
DA:254,0
DA:255,0
DA:256,0
DA:257,0
DA:258,0
DA:259,0
DA:260,0
DA:261,0
DA:262,0
DA:263,0
DA:264,0
DA:265,3
DA:266,3
DA:267,1
DA:268,1
DA:269,1
DA:270,3
DA:271,1
DA:272,1
DA:273,1
DA:274,1
DA:275,1
DA:276,1
DA:277,1
DA:278,0
DA:279,0
DA:280,0
DA:281,0
DA:282,1
DA:283,1
DA:284,1
DA:285,1
DA:286,1
DA:287,1
DA:288,1
DA:289,1
DA:290,1
DA:291,1
DA:292,1
DA:293,1
DA:294,1
DA:295,42
DA:296,41
DA:297,3
DA:298,3
DA:299,3
DA:300,3
DA:301,3
DA:302,3
DA:303,3
DA:304,3
DA:305,3
DA:306,3
DA:307,1
DA:308,2
DA:309,3
DA:310,47
DA:311,3
DA:312,3
DA:313,3
DA:314,3
DA:315,3
DA:316,3
DA:317,0
DA:318,0
DA:319,47
DA:320,44
DA:321,44
DA:322,44
DA:323,44
DA:324,44
DA:325,0
DA:326,0
DA:327,47
DA:328,47
DA:329,47
DA:330,47
DA:331,47
DA:332,0
DA:333,0
DA:334,0
DA:335,0
DA:336,0
DA:337,47
DA:338,44
DA:339,3
DA:340,3
DA:341,3
DA:342,3
DA:343,3
DA:344,3
DA:345,3
DA:346,3
DA:347,3
DA:348,3
DA:349,1
DA:350,1
DA:351,2
DA:352,2
DA:353,3
DA:354,3
DA:355,3
DA:356,3
DA:357,20
DA:358,20
DA:359,3
DA:360,3
DA:361,3
DA:362,3
DA:363,0
DA:364,0
DA:365,0
DA:366,0
DA:367,0
DA:368,0
DA:369,0
DA:370,0
DA:371,3
DA:372,3
DA:373,3
DA:374,3
DA:375,3
DA:376,3
DA:377,3
DA:378,20
DA:379,17
DA:380,0
DA:381,0
DA:382,0
DA:383,0
DA:384,0
DA:385,0
DA:386,0
DA:387,0
DA:388,0
DA:389,0
DA:390,0
DA:391,17
DA:392,17
DA:393,0
DA:394,0
DA:395,0
DA:396,0
DA:397,0
DA:398,0
DA:399,0
DA:400,0
DA:401,0
DA:402,0
DA:403,0
DA:404,0
DA:405,20
DA:406,3
DA:407,3
DA:408,3
DA:409,3
DA:410,3
DA:411,3
DA:412,3
DA:413,3
DA:414,3
DA:415,3
DA:416,3
DA:417,3
DA:418,1
DA:419,1
DA:420,1
DA:421,2
DA:422,2
DA:423,2
DA:424,2
DA:425,2
DA:426,2
DA:427,2
DA:428,2
DA:429,1
DA:430,0
DA:431,0
DA:432,0
DA:433,0
DA:434,0
DA:435,0
DA:436,0
DA:437,0
DA:438,0
DA:439,0
DA:440,0
DA:441,0
DA:442,0
DA:443,0
DA:444,1
DA:445,1
DA:446,1
DA:447,1
DA:448,1
DA:449,1
DA:450,1
DA:451,1
DA:452,1
DA:453,1
DA:454,1
DA:455,1
DA:456,1
DA:457,1
DA:458,1
DA:459,1
DA:460,1
DA:461,1
DA:462,1
DA:463,1
DA:464,1
DA:465,1
DA:466,1
DA:467,1
DA:468,1
DA:469,1
DA:470,1
DA:471,1
DA:472,1
DA:473,1
DA:474,1
DA:475,1
DA:476,1
DA:477,1
DA:478,1
DA:479,1
DA:480,1
DA:481,1
DA:482,1
DA:483,1
DA:484,1
DA:485,1
DA:486,1
DA:487,1
DA:488,1
DA:489,1
DA:490,1
DA:491,1
DA:492,1
DA:493,1
DA:494,1
DA:495,1
DA:496,1
DA:497,1
DA:498,1
DA:499,1
DA:500,1
DA:501,1
DA:502,1
DA:503,1
DA:504,1
DA:505,1
DA:506,1
DA:507,1
DA:508,1
DA:509,1
DA:510,1
DA:511,1
DA:512,1
DA:513,1
DA:514,1
DA:515,1
DA:516,1
DA:517,1
DA:518,1
DA:519,1
DA:520,1
DA:521,1
DA:522,1
DA:523,1
DA:524,1
DA:525,1
DA:526,1
DA:527,1
DA:528,1
DA:529,1
DA:530,1
DA:531,1
DA:532,1
DA:533,1
DA:534,1
DA:535,1
DA:536,1
DA:537,1
DA:538,1
DA:539,1
DA:540,1
DA:541,1
DA:542,1
DA:543,1
DA:544,1
DA:545,1
DA:546,1
DA:547,1
DA:548,1
DA:549,1
DA:550,1
DA:551,1
DA:552,1
DA:553,1
DA:554,1
DA:555,1
DA:556,1
DA:557,1
DA:558,1
DA:559,1
DA:560,1
DA:561,1
DA:562,1
DA:563,1
DA:564,1
DA:565,1
DA:566,1
DA:567,1
DA:568,1
DA:569,1
DA:570,1
DA:571,1
DA:572,1
DA:573,1
DA:574,1
DA:575,1
DA:576,1
DA:577,1
DA:578,1
DA:579,1
DA:580,1
DA:581,1
DA:582,1
DA:583,1
DA:584,1
DA:585,1
DA:586,1
DA:587,1
DA:588,1
DA:589,1
DA:590,1
DA:591,1
DA:592,1
DA:593,1
DA:594,1
DA:595,1
DA:596,1
DA:597,1
DA:598,1
DA:599,1
DA:600,1
DA:601,1
DA:602,1
DA:603,1
DA:604,1
DA:605,1
DA:606,1
DA:607,1
DA:608,1
DA:609,1
DA:610,1
DA:611,1
DA:612,1
DA:613,1
DA:614,1
DA:615,1
DA:616,1
DA:617,1
DA:618,1
DA:619,1
DA:620,1
DA:621,1
DA:622,1
DA:623,1
DA:624,1
DA:625,1
DA:626,1
DA:627,1
DA:628,1
DA:629,1
DA:630,1
DA:631,1
DA:632,1
DA:633,1
DA:634,1
DA:635,1
DA:636,1
DA:637,1
DA:638,1
DA:639,1
DA:640,1
DA:641,1
DA:642,1
DA:643,1
DA:644,1
DA:645,1
DA:646,1
DA:647,1
DA:648,1
DA:649,1
DA:650,1
DA:651,1
DA:652,1
DA:653,1
DA:654,1
DA:655,1
DA:656,1
DA:657,1
DA:658,1
DA:659,1
DA:660,1
DA:661,1
DA:662,1
DA:663,1
DA:664,1
DA:665,1
DA:666,1
DA:667,1
DA:668,1
DA:669,1
DA:670,1
DA:671,1
DA:672,1
DA:673,1
DA:674,1
DA:675,1
DA:676,1
LH:533
LF:676
end_of_record
SF:src/lib/bundle/handlers/exportDefault.ts
FN:2,__name
FN:14,anonymous_1
FN:22,resetEdState
FN:28,edExportHandler
FN:29,anonymous_4
FN:30,anonymous_5
FN:30,visitor
FN:34,anonymous_7
FN:228,anonymous_8
FN:237,edUpdater
FN:240,anonymous_10
FN:240,anonymous_11
FN:242,visitor
FN:249,anonymous_13
FN:276,anonymous_14
FN:286,edImportHandler
FN:288,anonymous_16
FN:290,anonymous_17
FN:292,visitor
FN:303,anonymous_19
FN:324,anonymous_20
FN:329,edCallExpressionHandler
FN:330,anonymous_22
FN:331,anonymous_23
FN:332,visitor
FN:338,anonymous_25
FN:347,anonymous_26
FN:357,anonymous_27
FN:368,anonymous_28
FN:378,anonymous_29
FN:388,anonymous_30
FNDA:31,__name
FNDA:3,anonymous_1
FNDA:2,resetEdState
FNDA:2,edExportHandler
FNDA:3,anonymous_4
FNDA:3,anonymous_5
FNDA:47,visitor
FNDA:0,anonymous_7
FNDA:3,anonymous_8
FNDA:2,edUpdater
FNDA:3,anonymous_10
FNDA:3,anonymous_11
FNDA:47,visitor
FNDA:0,anonymous_13
FNDA:3,anonymous_14
FNDA:2,edImportHandler
FNDA:3,anonymous_16
FNDA:3,anonymous_17
FNDA:47,visitor
FNDA:0,anonymous_19
FNDA:3,anonymous_20
FNDA:2,edCallExpressionHandler
FNDA:3,anonymous_22
FNDA:3,anonymous_23
FNDA:47,visitor
FNDA:0,anonymous_25
FNDA:0,anonymous_26
FNDA:0,anonymous_27
FNDA:0,anonymous_28
FNDA:3,anonymous_29
FNDA:8,anonymous_30
FNF:31
FNH:24
BRDA:1,0,0,1
BRDA:2,1,0,31
BRDA:14,2,0,3
BRDA:22,3,0,2
BRDA:28,4,0,2
BRDA:29,5,0,3
BRDA:30,6,0,3
BRDA:30,7,0,47
BRDA:33,8,0,0
BRDA:57,9,0,0
BRDA:58,10,0,0
BRDA:228,11,0,3
BRDA:237,12,0,2
BRDA:240,13,0,3
BRDA:240,14,0,3
BRDA:242,15,0,47
BRDA:246,16,0,0
BRDA:276,17,0,3
BRDA:286,18,0,2
BRDA:288,19,0,3
BRDA:290,20,0,3
BRDA:292,21,0,47
BRDA:296,22,0,3
BRDA:300,23,0,2
BRDA:301,24,0,2
BRDA:306,25,0,0
BRDA:324,26,0,3
BRDA:329,27,0,2
BRDA:330,28,0,3
BRDA:331,29,0,3
BRDA:332,30,0,47
BRDA:334,31,0,4
BRDA:339,32,0,0
BRDA:342,33,0,43
BRDA:344,34,0,0
BRDA:353,35,0,0
BRDA:365,36,0,0
BRDA:378,37,0,3
BRDA:388,38,0,2
BRDA:397,39,0,8
BRF:40
BRH:31
DA:1,1
DA:2,1
DA:3,1
DA:4,1
DA:5,1
DA:6,1
DA:7,1
DA:8,1
DA:9,1
DA:10,1
DA:11,1
DA:12,1
DA:13,1
DA:14,1
DA:15,3
DA:16,3
DA:17,1
DA:18,1
DA:19,1
DA:20,1
DA:21,1
DA:22,1
DA:23,2
DA:24,2
DA:25,1
DA:26,1
DA:27,1
DA:28,1
DA:29,2
DA:30,3
DA:31,47
DA:32,47
DA:33,47
DA:34,0
DA:35,0
DA:36,0
DA:37,0
DA:38,0
DA:39,0
DA:40,0
DA:41,0
DA:42,0
DA:43,0
DA:44,0
DA:45,0
DA:46,0
DA:47,0
DA:48,0
DA:49,0
DA:50,0
DA:51,0
DA:52,0
DA:53,0
DA:54,0
DA:55,0
DA:56,47
DA:57,47
DA:58,47
DA:59,0
DA:60,0
DA:61,0
DA:62,0
DA:63,0
DA:64,0
DA:65,0
DA:66,0
DA:67,0
DA:68,0
DA:69,0
DA:70,0
DA:71,0
DA:72,0
DA:73,0
DA:74,0
DA:75,0
DA:76,0
DA:77,0
DA:78,0
DA:79,0
DA:80,0
DA:81,0
DA:82,0
DA:83,0
DA:84,0
DA:85,0
DA:86,0
DA:87,0
DA:88,0
DA:89,0
DA:90,0
DA:91,0
DA:92,0
DA:93,0
DA:94,0
DA:95,0
DA:96,0
DA:97,0
DA:98,0
DA:99,0
DA:100,0
DA:101,0
DA:102,0
DA:103,0
DA:104,0
DA:105,0
DA:106,0
DA:107,0
DA:108,0
DA:109,0
DA:110,0
DA:111,0
DA:112,0
DA:113,0
DA:114,0
DA:115,0
DA:116,0
DA:117,0
DA:118,0
DA:119,0
DA:120,0
DA:121,0
DA:122,0
DA:123,0
DA:124,0
DA:125,0
DA:126,0
DA:127,0
DA:128,0
DA:129,0
DA:130,0
DA:131,0
DA:132,0
DA:133,0
DA:134,0
DA:135,0
DA:136,0
DA:137,0
DA:138,0
DA:139,0
DA:140,0
DA:141,0
DA:142,0
DA:143,0
DA:144,0
DA:145,0
DA:146,0
DA:147,0
DA:148,0
DA:149,0
DA:150,0
DA:151,0
DA:152,0
DA:153,0
DA:154,0
DA:155,0
DA:156,0
DA:157,0
DA:158,0
DA:159,0
DA:160,0
DA:161,0
DA:162,0
DA:163,0
DA:164,0
DA:165,0
DA:166,0
DA:167,0
DA:168,0
DA:169,0
DA:170,0
DA:171,0
DA:172,0
DA:173,0
DA:174,0
DA:175,0
DA:176,0
DA:177,0
DA:178,0
DA:179,0
DA:180,0
DA:181,0
DA:182,0
DA:183,0
DA:184,0
DA:185,0
DA:186,0
DA:187,0
DA:188,0
DA:189,0
DA:190,0
DA:191,0
DA:192,0
DA:193,0
DA:194,0
DA:195,0
DA:196,0
DA:197,0
DA:198,0
DA:199,0
DA:200,0
DA:201,0
DA:202,0
DA:203,0
DA:204,0
DA:205,0
DA:206,0
DA:207,0
DA:208,0
DA:209,0
DA:210,0
DA:211,0
DA:212,0
DA:213,0
DA:214,0
DA:215,0
DA:216,0
DA:217,0
DA:218,0
DA:219,0
DA:220,0
DA:221,0
DA:222,0
DA:223,0
DA:224,0
DA:225,47
DA:226,3
DA:227,3
DA:228,3
DA:229,3
DA:230,3
DA:231,3
DA:232,3
DA:233,3
DA:234,3
DA:235,1
DA:236,1
DA:237,1
DA:238,2
DA:239,2
DA:240,2
DA:241,3
DA:242,3
DA:243,47
DA:244,47
DA:245,47
DA:246,47
DA:247,0
DA:248,0
DA:249,0
DA:250,0
DA:251,0
DA:252,0
DA:253,0
DA:254,0
DA:255,0
DA:256,0
DA:257,0
DA:258,0
DA:259,0
DA:260,0
DA:261,0
DA:262,0
DA:263,0
DA:264,0
DA:265,0
DA:266,0
DA:267,0
DA:268,0
DA:269,0
DA:270,0
DA:271,0
DA:272,0
DA:273,0
DA:274,0
DA:275,47
DA:276,3
DA:277,3
DA:278,3
DA:279,3
DA:280,3
DA:281,3
DA:282,3
DA:283,3
DA:284,3
DA:285,1
DA:286,1
DA:287,2
DA:288,2
DA:289,3
DA:290,3
DA:291,3
DA:292,3
DA:293,47
DA:294,47
DA:295,47
DA:296,3
DA:297,3
DA:298,3
DA:299,3
DA:300,3
DA:301,3
DA:302,2
DA:303,2
DA:304,0
DA:305,2
DA:306,2
DA:307,0
DA:308,0
DA:309,0
DA:310,0
DA:311,0
DA:312,0
DA:313,0
DA:314,0
DA:315,0
DA:316,0
DA:317,0
DA:318,0
DA:319,0
DA:320,0
DA:321,3
DA:322,3
DA:323,3
DA:324,3
DA:325,3
DA:326,3
DA:327,3
DA:328,3
DA:329,1
DA:330,2
DA:331,3
DA:332,3
DA:333,47
DA:334,47
DA:335,4
DA:336,4
DA:337,4
DA:338,4
DA:339,4
DA:340,0
DA:341,0
DA:342,47
DA:343,43
DA:344,43
DA:345,0
DA:346,0
DA:347,0
DA:348,0
DA:349,0
DA:350,0
DA:351,0
DA:352,0
DA:353,43
DA:354,0
DA:355,0
DA:356,0
DA:357,0
DA:358,0
DA:359,0
DA:360,0
DA:361,0
DA:362,0
DA:363,0
DA:364,0
DA:365,43
DA:366,0
DA:367,0
DA:368,0
DA:369,0
DA:370,0
DA:371,0
DA:372,0
DA:373,0
DA:374,0
DA:375,0
DA:376,47
DA:377,47
DA:378,3
DA:379,3
DA:380,3
DA:381,3
DA:382,3
DA:383,3
DA:384,3
DA:385,1
DA:386,1
DA:387,1
DA:388,1
DA:389,2
DA:390,2
DA:391,2
DA:392,2
DA:393,2
DA:394,2
DA:395,2
DA:396,2
DA:397,1
DA:398,1
DA:399,1
DA:400,1
DA:401,1
DA:402,1
DA:403,1
DA:404,1
DA:405,1
DA:406,1
DA:407,1
DA:408,1
DA:409,1
DA:410,1
DA:411,1
DA:412,1
DA:413,1
DA:414,1
DA:415,1
DA:416,1
DA:417,1
DA:418,1
DA:419,1
DA:420,1
DA:421,1
DA:422,1
DA:423,1
DA:424,1
DA:425,1
DA:426,1
DA:427,1
DA:428,1
DA:429,1
DA:430,1
DA:431,1
DA:432,1
DA:433,1
DA:434,1
DA:435,1
DA:436,1
DA:437,1
DA:438,1
DA:439,1
DA:440,1
DA:441,1
DA:442,1
DA:443,1
DA:444,1
DA:445,1
DA:446,1
DA:447,1
DA:448,1
DA:449,1
DA:450,1
DA:451,1
DA:452,1
DA:453,1
DA:454,1
DA:455,1
DA:456,1
DA:457,1
DA:458,1
DA:459,1
DA:460,1
DA:461,1
DA:462,1
DA:463,1
DA:464,1
DA:465,1
DA:466,1
DA:467,1
DA:468,1
DA:469,1
DA:470,1
DA:471,1
DA:472,1
DA:473,1
DA:474,1
DA:475,1
DA:476,1
DA:477,1
DA:478,1
DA:479,1
DA:480,1
DA:481,1
DA:482,1
DA:483,1
DA:484,1
DA:485,1
DA:486,1
DA:487,1
DA:488,1
DA:489,1
DA:490,1
DA:491,1
DA:492,1
DA:493,1
DA:494,1
DA:495,1
DA:496,1
DA:497,1
DA:498,1
DA:499,1
DA:500,1
DA:501,1
DA:502,1
DA:503,1
DA:504,1
DA:505,1
DA:506,1
DA:507,1
DA:508,1
DA:509,1
DA:510,1
DA:511,1
DA:512,1
DA:513,1
DA:514,1
DA:515,1
DA:516,1
DA:517,1
DA:518,1
DA:519,1
DA:520,1
DA:521,1
DA:522,1
DA:523,1
DA:524,1
DA:525,1
DA:526,1
DA:527,1
DA:528,1
DA:529,1
DA:530,1
DA:531,1
DA:532,1
DA:533,1
DA:534,1
DA:535,1
DA:536,1
DA:537,1
DA:538,1
DA:539,1
DA:540,1
DA:541,1
DA:542,1
DA:543,1
DA:544,1
DA:545,1
DA:546,1
DA:547,1
DA:548,1
DA:549,1
DA:550,1
DA:551,1
DA:552,1
DA:553,1
DA:554,1
DA:555,1
DA:556,1
DA:557,1
DA:558,1
LH:296
LF:558
end_of_record
SF:src/lib/bundle/handlers/remove.ts
FN:2,__name
FN:9,findProperty
FN:14,anonymous_2
FN:18,anonymous_3
FN:18,anonymous_4
FN:19,anonymous_5
FN:22,anonymous_6
FN:30,anonymous_7
FN:64,anonymous_8
FN:76,anonymous_9
FN:78,anonymous_10
FN:80,anonymous_11
FN:94,anonymous_12
FN:188,anonymous_13
FN:194,anonymous_14
FNDA:12,__name
FNDA:73,findProperty
FNDA:37,anonymous_2
FNDA:2,anonymous_3
FNDA:1,anonymous_4
FNDA:1,anonymous_5
FNDA:3,anonymous_6
FNDA:1,anonymous_7
FNDA:1,anonymous_8
FNDA:2,anonymous_9
FNDA:3,anonymous_10
FNDA:6,anonymous_11
FNDA:36,anonymous_12
FNDA:3,anonymous_13
FNDA:2,anonymous_14
FNF:15
FNH:15
BRDA:1,0,0,1
BRDA:2,1,0,12
BRDA:9,2,0,73
BRDA:13,3,0,0
BRDA:13,4,0,0
BRDA:14,5,0,37
BRDA:18,6,0,2
BRDA:18,7,0,1
BRDA:19,8,0,1
BRDA:22,9,0,3
BRDA:29,10,0,1
BRDA:33,11,0,0
BRDA:38,12,0,0
BRDA:44,13,0,0
BRDA:48,14,0,0
BRDA:49,15,0,0
BRDA:53,16,0,2
BRDA:55,17,0,0
BRDA:56,18,0,2
BRDA:57,19,0,0
BRDA:62,20,0,2
BRDA:30,21,0,1
BRDA:31,22,0,0
BRDA:64,23,0,1
BRDA:76,24,0,2
BRDA:78,25,0,3
BRDA:80,26,0,3
BRDA:83,27,0,6
BRDA:84,28,0,0
BRDA:85,29,0,0
BRDA:94,30,0,36
BRDA:103,31,0,0
BRDA:110,32,0,0
BRDA:119,33,0,3
BRDA:123,34,0,33
BRDA:123,35,0,0
BRDA:152,36,0,33
BRDA:153,37,0,3
BRDA:156,38,0,0
BRDA:159,39,0,0
BRDA:186,40,0,33
BRDA:188,41,0,3
BRDA:194,42,0,2
BRF:43
BRH:26
DA:1,1
DA:2,12
DA:3,1
DA:4,1
DA:5,1
DA:6,1
DA:7,1
DA:8,1
DA:9,1
DA:10,73
DA:11,73
DA:12,73
DA:13,73
DA:14,73
DA:15,37
DA:16,1
DA:17,1
DA:18,1
DA:19,1
DA:20,1
DA:21,1
DA:22,1
DA:23,3
DA:24,3
DA:25,3
DA:26,3
DA:27,3
DA:28,3
DA:29,3
DA:30,1
DA:31,1
DA:32,1
DA:33,1
DA:34,0
DA:35,0
DA:36,0
DA:37,0
DA:38,1
DA:39,0
DA:40,0
DA:41,0
DA:42,1
DA:43,1
DA:44,1
DA:45,0
DA:46,0
DA:47,1
DA:48,1
DA:49,1
DA:50,1
DA:51,1
DA:52,1
DA:53,3
DA:54,2
DA:55,3
DA:56,3
DA:57,3
DA:58,0
DA:59,0
DA:60,0
DA:61,0
DA:62,3
DA:63,1
DA:64,1
DA:65,1
DA:66,1
DA:67,1
DA:68,1
DA:69,1
DA:70,1
DA:71,1
DA:72,1
DA:73,1
DA:74,1
DA:75,1
DA:76,1
DA:77,2
DA:78,2
DA:79,3
DA:80,3
DA:81,3
DA:82,3
DA:83,3
DA:84,6
DA:85,6
DA:86,0
DA:87,0
DA:88,0
DA:89,0
DA:90,0
DA:91,0
DA:92,0
DA:93,3
DA:94,3
DA:95,36
DA:96,36
DA:97,36
DA:98,36
DA:99,36
DA:100,36
DA:101,36
DA:102,36
DA:103,36
DA:104,0
DA:105,0
DA:106,0
DA:107,0
DA:108,0
DA:109,0
DA:110,36
DA:111,0
DA:112,0
DA:113,0
DA:114,0
DA:115,0
DA:116,0
DA:117,0
DA:118,36
DA:119,36
DA:120,3
DA:121,3
DA:122,3
DA:123,36
DA:124,0
DA:125,0
DA:126,0
DA:127,0
DA:128,0
DA:129,0
DA:130,0
DA:131,0
DA:132,0
DA:133,0
DA:134,0
DA:135,0
DA:136,0
DA:137,0
DA:138,0
DA:139,0
DA:140,0
DA:141,0
DA:142,0
DA:143,0
DA:144,0
DA:145,0
DA:146,0
DA:147,0
DA:148,0
DA:149,0
DA:150,0
DA:151,0
DA:152,36
DA:153,3
DA:154,3
DA:155,3
DA:156,3
DA:157,0
DA:158,0
DA:159,3
DA:160,0
DA:161,0
DA:162,0
DA:163,0
DA:164,0
DA:165,0
DA:166,0
DA:167,0
DA:168,0
DA:169,0
DA:170,0
DA:171,0
DA:172,0
DA:173,0
DA:174,0
DA:175,0
DA:176,0
DA:177,0
DA:178,0
DA:179,0
DA:180,0
DA:181,0
DA:182,0
DA:183,0
DA:184,0
DA:185,3
DA:186,33
DA:187,36
DA:188,3
DA:189,3
DA:190,3
DA:191,3
DA:192,3
DA:193,1
DA:194,1
DA:195,2
DA:196,2
DA:197,2
DA:198,1
DA:199,1
DA:200,1
DA:201,1
DA:202,1
DA:203,1
DA:204,1
DA:205,1
DA:206,1
DA:207,1
DA:208,1
DA:209,1
DA:210,1
DA:211,1
DA:212,1
DA:213,1
DA:214,1
DA:215,1
DA:216,1
DA:217,1
DA:218,1
DA:219,1
DA:220,1
DA:221,1
DA:222,1
DA:223,1
DA:224,1
DA:225,1
DA:226,1
DA:227,1
DA:228,1
DA:229,1
DA:230,1
DA:231,1
DA:232,1
DA:233,1
DA:234,1
DA:235,1
DA:236,1
DA:237,1
DA:238,1
DA:239,1
DA:240,1
DA:241,1
DA:242,1
DA:243,1
DA:244,1
DA:245,1
DA:246,1
DA:247,1
DA:248,1
DA:249,1
DA:250,1
DA:251,1
DA:252,1
DA:253,1
DA:254,1
DA:255,1
DA:256,1
DA:257,1
DA:258,1
DA:259,1
DA:260,1
DA:261,1
DA:262,1
DA:263,1
DA:264,1
DA:265,1
DA:266,1
DA:267,1
DA:268,1
DA:269,1
DA:270,1
DA:271,1
DA:272,1
DA:273,1
DA:274,1
DA:275,1
DA:276,1
DA:277,1
DA:278,1
DA:279,1
DA:280,1
DA:281,1
DA:282,1
DA:283,1
DA:284,1
DA:285,1
DA:286,1
DA:287,1
DA:288,1
DA:289,1
DA:290,1
DA:291,1
DA:292,1
DA:293,1
DA:294,1
DA:295,1
DA:296,1
DA:297,1
DA:298,1
DA:299,1
DA:300,1
DA:301,1
DA:302,1
DA:303,1
DA:304,1
DA:305,1
DA:306,1
DA:307,1
DA:308,1
DA:309,1
DA:310,1
DA:311,1
DA:312,1
DA:313,1
DA:314,1
DA:315,1
DA:316,1
DA:317,1
DA:318,1
DA:319,1
DA:320,1
DA:321,1
DA:322,1
DA:323,1
DA:324,1
DA:325,1
DA:326,1
DA:327,1
DA:328,1
DA:329,1
DA:330,1
DA:331,1
DA:332,1
DA:333,1
DA:334,1
DA:335,1
DA:336,1
DA:337,1
DA:338,1
DA:339,1
DA:340,1
DA:341,1
DA:342,1
DA:343,1
DA:344,1
DA:345,1
DA:346,1
DA:347,1
DA:348,1
DA:349,1
DA:350,1
DA:351,1
DA:352,1
LH:264
LF:352
end_of_record
SF:src/lib/bundle/index.ts
FN:2,__name
FN:18,anonymous_1
FN:18,anonymous_2
FN:23,preProcessPluginParser
FN:39,bundler
FN:60,anonymous_5
FN:71,anonymous_6
FN:74,anonymous_7
FN:88,bundle
FNDA:4,__name
FNDA:2,anonymous_1
FNDA:3,anonymous_2
FNDA:3,preProcessPluginParser
FNDA:2,bundler
FNDA:3,anonymous_5
FNDA:1,anonymous_6
FNDA:2,anonymous_7
FNDA:2,bundle
FNF:9
FNH:9
BRDA:1,0,0,1
BRDA:2,1,0,4
BRDA:18,2,0,2
BRDA:18,3,0,3
BRDA:23,4,0,2
BRDA:25,5,0,1
BRDA:27,6,0,3
BRDA:29,7,0,0
BRDA:31,8,0,2
BRDA:32,9,0,1
BRDA:39,10,0,2
BRDA:50,11,0,0
BRDA:60,12,0,3
BRDA:71,13,0,1
BRDA:74,14,0,2
BRDA:88,15,0,2
BRF:16
BRH:14
DA:1,1
DA:2,1
DA:3,4
DA:4,4
DA:5,4
DA:6,1
DA:7,1
DA:8,1
DA:9,1
DA:10,1
DA:11,1
DA:12,1
DA:13,1
DA:14,1
DA:15,1
DA:16,1
DA:17,1
DA:18,1
DA:19,3
DA:20,3
DA:21,3
DA:22,1
DA:23,1
DA:24,2
DA:25,2
DA:26,1
DA:27,1
DA:28,3
DA:29,3
DA:30,3
DA:31,3
DA:32,2
DA:33,1
DA:34,1
DA:35,1
DA:36,1
DA:37,1
DA:38,1
DA:39,1
DA:40,2
DA:41,2
DA:42,2
DA:43,2
DA:44,2
DA:45,2
DA:46,2
DA:47,2
DA:48,2
DA:49,2
DA:50,2
DA:51,2
DA:52,2
DA:53,2
DA:54,2
DA:55,2
DA:56,2
DA:57,2
DA:58,2
DA:59,2
DA:60,2
DA:61,3
DA:62,2
DA:63,2
DA:64,2
DA:65,2
DA:66,2
DA:67,2
DA:68,2
DA:69,2
DA:70,2
DA:71,1
DA:72,1
DA:73,1
DA:74,2
DA:75,2
DA:76,2
DA:77,2
DA:78,2
DA:79,2
DA:80,2
DA:81,2
DA:82,2
DA:83,2
DA:84,2
DA:85,2
DA:86,2
DA:87,2
DA:88,1
DA:89,2
DA:90,2
DA:91,2
DA:92,2
DA:93,1
DA:94,1
DA:95,1
DA:96,1
DA:97,1
DA:98,1
DA:99,1
DA:100,1
DA:101,1
DA:102,1
DA:103,1
DA:104,1
DA:105,1
DA:106,1
DA:107,1
DA:108,1
DA:109,1
DA:110,1
DA:111,1
DA:112,1
DA:113,1
DA:114,1
DA:115,1
DA:116,1
DA:117,1
DA:118,1
DA:119,1
DA:120,1
DA:121,1
DA:122,1
DA:123,1
DA:124,1
DA:125,1
DA:126,1
DA:127,1
DA:128,1
DA:129,1
DA:130,1
DA:131,1
DA:132,1
DA:133,1
DA:134,1
DA:135,1
DA:136,1
DA:137,1
DA:138,1
DA:139,1
DA:140,1
DA:141,1
DA:142,1
DA:143,1
DA:144,1
DA:145,1
DA:146,1
LH:146
LF:146
end_of_record
SF:src/lib/bundle/mergeImports.ts
FN:2,__name
FN:3,mergeImportsStatement
FN:24,anonymous_2
FN:25,anonymous_3
FNDA:2,__name
FNDA:11,mergeImportsStatement
FNDA:8,anonymous_2
FNDA:8,anonymous_3
FNF:4
FNH:4
BRDA:1,0,0,2
BRDA:2,1,0,2
BRDA:3,2,0,5
BRDA:5,3,0,11
BRDA:7,4,0,0
BRDA:11,5,0,1
BRDA:18,6,0,10
BRDA:19,7,0,6
BRDA:19,8,0,4
BRDA:19,9,0,2
BRDA:28,10,0,4
BRDA:28,11,0,1
BRDA:33,12,0,3
BRDA:33,13,0,2
BRDA:34,14,0,1
BRDA:41,15,0,2
BRDA:45,16,0,3
BRDA:47,17,0,2
BRDA:51,18,0,4
BRDA:52,19,0,2
BRDA:52,20,0,2
BRDA:56,21,0,1
BRDA:62,22,0,0
BRDA:68,23,0,2
BRDA:70,24,0,1
BRDA:70,25,0,1
BRDA:74,26,0,1
BRDA:24,27,0,8
BRDA:25,28,0,8
BRF:29
BRH:27
DA:1,2
DA:2,2
DA:3,2
DA:4,5
DA:5,5
DA:6,11
DA:7,11
DA:8,11
DA:9,11
DA:10,11
DA:11,11
DA:12,1
DA:13,1
DA:14,1
DA:15,1
DA:16,1
DA:17,1
DA:18,11
DA:19,11
DA:20,6
DA:21,6
DA:22,6
DA:23,6
DA:24,6
DA:25,6
DA:26,8
DA:27,6
DA:28,4
DA:29,1
DA:30,1
DA:31,1
DA:32,1
DA:33,4
DA:34,3
DA:35,3
DA:36,3
DA:37,3
DA:38,3
DA:39,3
DA:40,5
DA:41,5
DA:42,2
DA:43,2
DA:44,2
DA:45,2
DA:46,3
DA:47,3
DA:48,2
DA:49,2
DA:50,5
DA:51,5
DA:52,4
DA:53,2
DA:54,2
DA:55,5
DA:56,5
DA:57,1
DA:58,1
DA:59,1
DA:60,1
DA:61,1
DA:62,1
DA:63,1
DA:64,5
DA:65,5
DA:66,5
DA:67,5
DA:68,5
DA:69,2
DA:70,2
DA:71,1
DA:72,5
DA:73,5
DA:74,5
DA:75,1
DA:76,1
DA:77,5
DA:78,2
DA:79,2
DA:80,2
DA:81,2
DA:82,2
DA:83,2
DA:84,2
DA:85,2
DA:86,2
DA:87,2
DA:88,2
DA:89,2
DA:90,2
DA:91,2
DA:92,2
DA:93,2
DA:94,2
DA:95,2
DA:96,2
DA:97,2
DA:98,2
DA:99,2
DA:100,2
DA:101,2
DA:102,2
DA:103,2
DA:104,2
DA:105,2
DA:106,2
DA:107,2
DA:108,2
DA:109,2
DA:110,2
DA:111,2
DA:112,2
DA:113,2
DA:114,2
DA:115,2
DA:116,2
DA:117,2
DA:118,2
DA:119,2
DA:120,2
DA:121,2
DA:122,2
DA:123,2
DA:124,2
DA:125,2
DA:126,2
DA:127,2
DA:128,2
DA:129,2
DA:130,2
DA:131,2
DA:132,2
DA:133,2
DA:134,2
DA:135,2
LH:135
LF:135
end_of_record
SF:src/lib/bundle/unusedCode.ts
FN:1,__name
FN:6,collectBindingNames
FN:11,anonymous_2
FN:13,unusedCode_default
FN:21,anonymous_4
FN:23,anonymous_5
FN:31,anonymous_6
FN:48,anonymous_7
FN:49,anonymous_8
FN:52,anonymous_9
FN:55,anonymous_10
FN:59,anonymous_11
FN:81,anonymous_12
FN:86,anonymous_13
FN:88,anonymous_14
FN:98,anonymous_15
FN:108,anonymous_16
FN:135,anonymous_17
FN:136,anonymous_18
FN:140,anonymous_19
FNDA:36,__name
FNDA:33,collectBindingNames
FNDA:0,anonymous_2
FNDA:8,unusedCode_default
FNDA:26,anonymous_4
FNDA:178,anonymous_5
FNDA:3,anonymous_6
FNDA:4,anonymous_7
FNDA:11,anonymous_8
FNDA:11,anonymous_9
FNDA:2,anonymous_10
FNDA:0,anonymous_11
FNDA:26,anonymous_12
FNDA:8,anonymous_13
FNDA:56,anonymous_14
FNDA:3,anonymous_15
FNDA:3,anonymous_16
FNDA:11,anonymous_17
FNDA:11,anonymous_18
FNDA:8,anonymous_19
FNF:20
FNH:18
BRDA:1,0,0,2
BRDA:1,1,0,36
BRDA:6,2,0,33
BRDA:9,3,0,0
BRDA:13,4,0,8
BRDA:21,5,0,26
BRDA:22,6,0,0
BRDA:23,7,0,178
BRDA:25,8,0,6
BRDA:25,9,0,6
BRDA:43,10,0,172
BRDA:45,11,0,11
BRDA:48,12,0,4
BRDA:48,13,0,7
BRDA:52,14,0,161
BRDA:62,15,0,51
BRDA:67,16,0,12
BRDA:68,17,0,40
BRDA:69,18,0,36
BRDA:72,19,0,34
BRDA:72,20,0,5
BRDA:73,21,0,29
BRDA:74,22,0,26
BRDA:75,23,0,25
BRDA:76,24,0,25
BRDA:78,25,0,25
BRDA:25,26,0,3
BRDA:26,27,0,3
BRDA:29,28,0,3
BRDA:30,29,0,2
BRDA:35,30,0,1
BRDA:43,31,0,0
BRDA:44,32,0,0
BRDA:53,33,0,4
BRDA:53,34,0,4
BRDA:55,35,0,2
BRDA:56,36,0,2
BRDA:56,37,0,119
BRDA:57,38,0,2
BRDA:58,39,0,2
BRDA:69,40,0,4
BRDA:71,41,0,2
BRDA:74,42,0,3
BRDA:74,43,0,1
BRDA:76,44,0,0
BRDA:77,45,0,0
BRDA:31,46,0,3
BRDA:48,47,0,4
BRDA:49,48,0,11
BRDA:52,49,0,11
BRDA:55,50,0,2
BRDA:81,51,0,26
BRDA:81,52,0,13
BRDA:81,53,0,2
BRDA:84,54,0,4
BRDA:81,55,0,11
BRDA:83,56,0,9
BRDA:84,57,0,9
BRDA:86,58,0,8
BRDA:88,59,0,56
BRDA:89,60,0,6
BRDA:89,61,0,6
BRDA:126,62,0,5
BRDA:133,63,0,44
BRDA:133,64,0,11
BRDA:138,65,0,33
BRDA:91,66,0,3
BRDA:92,67,0,1
BRDA:95,68,0,3
BRDA:97,69,0,2
BRDA:100,70,0,1
BRDA:106,71,0,3
BRDA:107,72,0,1
BRDA:107,73,0,1
BRDA:108,74,0,3
BRDA:109,75,0,3
BRDA:109,76,0,2
BRDA:109,77,0,1
BRDA:110,78,0,3
BRDA:111,79,0,1
BRDA:111,80,0,0
BRDA:112,81,0,0
BRDA:112,82,0,1
BRDA:116,83,0,0
BRDA:126,84,0,45
BRDA:128,85,0,41
BRDA:128,86,0,6
BRDA:129,87,0,6
BRDA:132,88,0,3
BRDA:138,89,0,2
BRDA:138,90,0,6
BRDA:98,91,0,3
BRDA:108,92,0,3
BRDA:135,93,0,11
BRDA:136,94,0,11
BRDA:140,95,0,8
BRF:96
BRH:87
DA:1,2
DA:2,36
DA:3,36
DA:4,2
DA:5,2
DA:6,2
DA:7,33
DA:8,33
DA:9,33
DA:10,0
DA:11,0
DA:12,0
DA:13,2
DA:14,8
DA:15,8
DA:16,8
DA:17,8
DA:18,8
DA:19,8
DA:20,8
DA:21,8
DA:22,26
DA:23,8
DA:24,178
DA:25,178
DA:26,3
DA:27,3
DA:28,6
DA:29,6
DA:30,3
DA:31,2
DA:32,3
DA:33,3
DA:34,3
DA:35,3
DA:36,1
DA:37,1
DA:38,1
DA:39,1
DA:40,1
DA:41,1
DA:42,1
DA:43,178
DA:44,172
DA:45,172
DA:46,11
DA:47,11
DA:48,11
DA:49,11
DA:50,11
DA:51,11
DA:52,11
DA:53,161
DA:54,4
DA:55,4
DA:56,161
DA:57,119
DA:58,119
DA:59,2
DA:60,0
DA:61,2
DA:62,178
DA:63,51
DA:64,51
DA:65,51
DA:66,51
DA:67,51
DA:68,51
DA:69,51
DA:70,36
DA:71,36
DA:72,34
DA:73,51
DA:74,51
DA:75,51
DA:76,51
DA:77,51
DA:78,51
DA:79,178
DA:80,8
DA:81,26
DA:82,11
DA:83,2
DA:84,8
DA:85,8
DA:86,8
DA:87,8
DA:88,8
DA:89,56
DA:90,6
DA:91,6
DA:92,6
DA:93,6
DA:94,6
DA:95,6
DA:96,3
DA:97,3
DA:98,2
DA:99,3
DA:100,3
DA:101,1
DA:102,1
DA:103,1
DA:104,1
DA:105,6
DA:106,6
DA:107,6
DA:108,6
DA:109,6
DA:110,6
DA:111,6
DA:112,6
DA:113,1
DA:114,1
DA:115,1
DA:116,1
DA:117,1
DA:118,1
DA:119,1
DA:120,1
DA:121,1
DA:122,1
DA:123,1
DA:124,1
DA:125,1
DA:126,56
DA:127,45
DA:128,56
DA:129,56
DA:130,6
DA:131,6
DA:132,6
DA:133,56
DA:134,11
DA:135,11
DA:136,11
DA:137,11
DA:138,56
DA:139,8
DA:140,8
DA:141,8
DA:142,8
DA:143,8
DA:144,2
DA:145,2
DA:146,2
DA:147,2
DA:148,2
DA:149,2
DA:150,2
DA:151,2
DA:152,2
DA:153,2
DA:154,2
DA:155,2
DA:156,2
DA:157,2
DA:158,2
DA:159,2
DA:160,2
DA:161,2
DA:162,2
DA:163,2
DA:164,2
DA:165,2
DA:166,2
DA:167,2
DA:168,2
DA:169,2
DA:170,2
DA:171,2
DA:172,2
DA:173,2
DA:174,2
DA:175,2
DA:176,2
DA:177,2
DA:178,2
DA:179,2
DA:180,2
DA:181,2
DA:182,2
DA:183,2
DA:184,2
DA:185,2
DA:186,2
DA:187,2
DA:188,2
DA:189,2
DA:190,2
DA:191,2
DA:192,2
DA:193,2
DA:194,2
DA:195,2
DA:196,2
DA:197,2
DA:198,2
DA:199,2
DA:200,2
DA:201,2
DA:202,2
DA:203,2
DA:204,2
DA:205,2
DA:206,2
DA:207,2
DA:208,2
DA:209,2
DA:210,2
DA:211,2
DA:212,2
DA:213,2
DA:214,2
DA:215,2
DA:216,2
DA:217,2
DA:218,2
DA:219,2
DA:220,2
DA:221,2
DA:222,2
DA:223,2
DA:224,2
DA:225,2
DA:226,2
DA:227,2
DA:228,2
DA:229,2
DA:230,2
DA:231,2
DA:232,2
DA:233,2
DA:234,2
DA:235,2
LH:231
LF:235
end_of_record
SF:src/lib/initialization/compilerOptions.ts
FN:2,__name
FN:7,<instance_members_initializer>
FN:7,<static_initializer>
FN:9,CompilerOptions
FN:13,__init
FN:21,__init2
FN:32,get commonjs
FN:38,get esm
FN:42,get default
FN:43,get browser
FN:53,compilerOptions
FNDA:2,__name
FNDA:4,<instance_members_initializer>
FNDA:1,<static_initializer>
FNDA:4,CompilerOptions
FNDA:14,__init
FNDA:14,__init2
FNDA:7,get commonjs
FNDA:7,get esm
FNDA:0,get default
FNDA:0,get browser
FNDA:4,compilerOptions
FNF:11
FNH:9
BRDA:1,0,0,1
BRDA:2,1,0,2
BRDA:7,2,0,4
BRDA:7,3,0,1
BRDA:9,4,0,4
BRDA:13,5,0,14
BRDA:21,6,0,14
BRDA:25,7,0,0
BRDA:26,8,0,0
BRDA:28,9,0,0
BRDA:32,10,0,7
BRDA:38,11,0,7
BRDA:53,12,0,4
BRF:13
BRH:10
DA:1,1
DA:2,1
DA:3,1
DA:4,1
DA:5,1
DA:6,1
DA:7,1
DA:8,1
DA:9,1
DA:10,4
DA:11,4
DA:12,4
DA:13,1
DA:14,14
DA:15,14
DA:16,14
DA:17,14
DA:18,14
DA:19,14
DA:20,14
DA:21,1
DA:22,14
DA:23,14
DA:24,14
DA:25,14
DA:26,14
DA:27,14
DA:28,14
DA:29,14
DA:30,14
DA:31,14
DA:32,7
DA:33,7
DA:34,7
DA:35,7
DA:36,7
DA:37,7
DA:38,1
DA:39,7
DA:40,7
DA:41,7
DA:42,1
DA:43,1
DA:44,0
DA:45,0
DA:46,0
DA:47,0
DA:48,0
DA:49,0
DA:50,0
DA:51,0
DA:52,0
DA:53,1
DA:54,4
DA:55,4
DA:56,1
DA:57,1
DA:58,1
DA:59,1
DA:60,1
DA:61,1
DA:62,1
DA:63,1
DA:64,1
DA:65,1
DA:66,1
DA:67,1
DA:68,1
DA:69,1
DA:70,1
DA:71,1
DA:72,1
DA:73,1
DA:74,1
DA:75,1
DA:76,1
DA:77,1
DA:78,1
DA:79,1
DA:80,1
DA:81,1
DA:82,1
DA:83,1
DA:84,1
DA:85,1
DA:86,1
DA:87,1
DA:88,1
DA:89,1
DA:90,1
DA:91,1
DA:92,1
DA:93,1
DA:94,1
DA:95,1
DA:96,1
DA:97,1
DA:98,1
LH:89
LF:98
end_of_record
SF:src/lib/initialization/dependencies.ts
FN:2,__name
FN:9,fileSizes
FN:13,anonymous_2
FN:20,isJsxContent
FN:29,visitor
FN:38,generateDependencies
FNDA:8,__name
FNDA:4,fileSizes
FNDA:4,anonymous_2
FNDA:4,isJsxContent
FNDA:30,visitor
FNDA:4,generateDependencies
FNF:6
FNH:6
BRDA:1,0,0,1
BRDA:2,1,0,8
BRDA:9,2,0,4
BRDA:12,3,0,0
BRDA:13,4,0,4
BRDA:18,5,0,3
BRDA:19,6,0,1
BRDA:20,7,0,2
BRDA:20,8,0,4
BRDA:29,9,0,30
BRDA:30,10,0,29
BRDA:32,11,0,1
BRDA:32,12,0,29
BRDA:38,13,0,4
BRDA:64,14,0,1
BRDA:64,15,0,3
BRF:16
BRH:15
DA:1,1
DA:2,1
DA:3,8
DA:4,1
DA:5,1
DA:6,1
DA:7,1
DA:8,1
DA:9,1
DA:10,4
DA:11,4
DA:12,1
DA:13,1
DA:14,4
DA:15,4
DA:16,4
DA:17,4
DA:18,4
DA:19,3
DA:20,1
DA:21,4
DA:22,4
DA:23,4
DA:24,4
DA:25,4
DA:26,4
DA:27,4
DA:28,4
DA:29,4
DA:30,30
DA:31,29
DA:32,30
DA:33,4
DA:34,4
DA:35,4
DA:36,1
DA:37,1
DA:38,1
DA:39,4
DA:40,4
DA:41,4
DA:42,4
DA:43,4
DA:44,4
DA:45,4
DA:46,4
DA:47,4
DA:48,4
DA:49,4
DA:50,4
DA:51,4
DA:52,4
DA:53,4
DA:54,4
DA:55,4
DA:56,4
DA:57,4
DA:58,4
DA:59,4
DA:60,4
DA:61,4
DA:62,4
DA:63,4
DA:64,4
DA:65,4
DA:66,4
DA:67,4
DA:68,1
DA:69,1
DA:70,1
DA:71,1
DA:72,1
DA:73,1
DA:74,1
DA:75,1
DA:76,1
DA:77,1
DA:78,1
DA:79,1
DA:80,1
DA:81,1
DA:82,1
DA:83,1
DA:84,1
DA:85,1
DA:86,1
DA:87,1
DA:88,1
DA:89,1
DA:90,1
DA:91,1
DA:92,1
DA:93,1
DA:94,1
DA:95,1
DA:96,1
DA:97,1
DA:98,1
DA:99,1
DA:100,1
DA:101,1
DA:102,1
DA:103,1
DA:104,1
DA:105,1
DA:106,1
DA:107,1
DA:108,1
DA:109,1
DA:110,1
DA:111,1
DA:112,1
DA:113,1
DA:114,1
DA:115,1
LH:115
LF:115
end_of_record
SF:src/lib/initialization/suseeConfig.ts
FN:2,__name
FN:8,anonymous_1
FN:27,checkEntries
FN:67,finalSuseeConfig
FN:82,anonymous_4
FNDA:18,__name
FNDA:7,anonymous_1
FNDA:8,checkEntries
FNDA:7,finalSuseeConfig
FNDA:6,anonymous_4
FNF:5
FNH:5
BRDA:1,0,0,6
BRDA:2,1,0,18
BRDA:8,2,0,7
BRDA:17,3,0,3
BRDA:27,4,0,6
BRDA:38,5,0,8
BRDA:53,6,0,6
BRDA:55,7,0,1
BRDA:40,8,0,1
BRDA:67,9,0,7
BRDA:92,10,0,4
BRDA:97,11,0,0
BRDA:97,12,0,3
BRDA:98,13,0,2
BRDA:82,14,0,6
BRDA:84,15,0,0
BRF:16
BRH:14
DA:1,6
DA:2,18
DA:3,6
DA:4,6
DA:5,6
DA:6,6
DA:7,6
DA:8,6
DA:9,7
DA:10,7
DA:11,7
DA:12,7
DA:13,7
DA:14,7
DA:15,7
DA:16,7
DA:17,7
DA:18,3
DA:19,3
DA:20,3
DA:21,3
DA:22,3
DA:23,3
DA:24,3
DA:25,7
DA:26,7
DA:27,6
DA:28,6
DA:29,6
DA:30,6
DA:31,6
DA:32,6
DA:33,6
DA:34,6
DA:35,6
DA:36,6
DA:37,6
DA:38,6
DA:39,8
DA:40,8
DA:41,1
DA:42,1
DA:43,1
DA:44,6
DA:45,6
DA:46,6
DA:47,6
DA:48,6
DA:49,6
DA:50,6
DA:51,6
DA:52,6
DA:53,6
DA:54,6
DA:55,6
DA:56,1
DA:57,1
DA:58,1
DA:59,1
DA:60,1
DA:61,1
DA:62,1
DA:63,6
DA:64,6
DA:65,6
DA:66,6
DA:67,6
DA:68,7
DA:69,7
DA:70,7
DA:71,7
DA:72,7
DA:73,7
DA:74,7
DA:75,7
DA:76,7
DA:77,7
DA:78,7
DA:79,7
DA:80,7
DA:81,7
DA:82,7
DA:83,6
DA:84,7
DA:85,7
DA:86,7
DA:87,7
DA:88,7
DA:89,7
DA:90,7
DA:91,7
DA:92,7
DA:93,4
DA:94,4
DA:95,4
DA:96,4
DA:97,4
DA:98,4
DA:99,7
DA:100,7
DA:101,7
DA:102,6
DA:103,6
DA:104,6
DA:105,6
DA:106,6
DA:107,6
DA:108,6
DA:109,6
DA:110,6
DA:111,6
DA:112,6
DA:113,6
DA:114,6
DA:115,6
DA:116,6
DA:117,6
DA:118,6
DA:119,6
DA:120,6
DA:121,6
DA:122,6
DA:123,6
DA:124,6
DA:125,6
DA:126,6
DA:127,6
DA:128,6
DA:129,6
DA:130,6
DA:131,6
DA:132,6
DA:133,6
DA:134,6
DA:135,6
DA:136,6
DA:137,6
DA:138,6
DA:139,6
DA:140,6
DA:141,6
DA:142,6
DA:143,6
DA:144,6
DA:145,6
DA:146,6
DA:147,6
DA:148,6
DA:149,6
DA:150,6
DA:151,6
DA:152,6
DA:153,6
DA:154,6
DA:155,6
DA:156,6
DA:157,6
DA:158,6
DA:159,6
DA:160,6
DA:161,6
DA:162,6
DA:163,6
DA:164,6
DA:165,6
DA:166,6
DA:167,6
DA:168,6
DA:169,6
DA:170,6
DA:171,6
DA:172,6
DA:173,6
DA:174,6
DA:175,6
DA:176,6
DA:177,6
DA:178,6
DA:179,6
DA:180,6
DA:181,6
DA:182,6
DA:183,6
DA:184,6
DA:185,6
DA:186,6
DA:187,6
DA:188,6
DA:189,6
DA:190,6
DA:191,6
DA:192,6
DA:193,6
DA:194,6
DA:195,6
DA:196,6
DA:197,6
LH:197
LF:197
end_of_record
SF:tests/bundle/index.test.ts
FN:2,__name
FN:8,makeDepFile
FN:25,anonymous_2
FN:25,anonymous_3
FN:61,anonymous_4
FN:62,anonymous_5
FN:66,anonymous_6
FN:70,anonymous_7
FNDA:4,__name
FNDA:3,makeDepFile
FNDA:1,anonymous_2
FNDA:1,anonymous_3
FNDA:1,anonymous_4
FNDA:1,anonymous_5
FNDA:1,anonymous_6
FNDA:0,anonymous_7
FNF:8
FNH:7
BRDA:1,0,0,1
BRDA:2,1,0,4
BRDA:8,2,0,3
BRDA:25,3,0,1
BRDA:25,4,0,1
BRDA:50,5,0,0
BRDA:61,6,0,1
BRDA:88,7,0,0
BRDA:62,8,0,1
BRDA:66,9,0,1
BRF:10
BRH:8
DA:1,1
DA:2,1
DA:3,4
DA:4,1
DA:5,1
DA:6,1
DA:7,1
DA:8,3
DA:9,3
DA:10,3
DA:11,3
DA:12,3
DA:13,3
DA:14,3
DA:15,3
DA:16,3
DA:17,3
DA:18,3
DA:19,3
DA:20,1
DA:21,1
DA:22,1
DA:23,1
DA:24,1
DA:25,1
DA:26,1
DA:27,1
DA:28,1
DA:29,1
DA:30,1
DA:31,1
DA:32,1
DA:33,1
DA:34,1
DA:35,1
DA:36,1
DA:37,1
DA:38,1
DA:39,1
DA:40,1
DA:41,1
DA:42,1
DA:43,1
DA:44,1
DA:45,1
DA:46,1
DA:47,1
DA:48,1
DA:49,1
DA:50,1
DA:51,1
DA:52,1
DA:53,1
DA:54,1
DA:55,1
DA:56,1
DA:57,1
DA:58,1
DA:59,1
DA:60,1
DA:61,1
DA:62,1
DA:63,1
DA:64,1
DA:65,1
DA:66,1
DA:67,1
DA:68,1
DA:69,1
DA:70,1
DA:71,1
DA:72,1
DA:73,1
DA:74,1
DA:75,1
DA:76,1
DA:77,1
DA:78,1
DA:79,1
DA:80,1
DA:81,1
DA:82,1
DA:83,1
DA:84,1
DA:85,1
DA:86,1
DA:87,1
DA:88,1
DA:89,1
DA:90,1
DA:91,1
DA:92,1
DA:93,1
DA:94,1
DA:95,1
DA:96,1
DA:97,1
DA:98,1
DA:99,1
DA:100,1
DA:101,1
DA:102,1
DA:103,1
DA:104,1
DA:105,1
DA:106,1
DA:107,1
DA:108,1
DA:109,1
DA:110,1
DA:111,1
DA:112,1
DA:113,1
LH:113
LF:113
end_of_record
SF:tests/bundle/mergeImports.test.ts
FN:5,anonymous_0
FN:6,anonymous_1
FN:21,anonymous_2
FN:31,anonymous_3
FNDA:1,anonymous_0
FNDA:1,anonymous_1
FNDA:1,anonymous_2
FNDA:1,anonymous_3
FNF:4
FNH:4
BRDA:1,0,0,1
BRDA:5,1,0,1
BRDA:6,2,0,1
BRDA:21,3,0,1
BRDA:31,4,0,1
BRF:5
BRH:5
DA:1,1
DA:2,1
DA:3,1
DA:4,1
DA:5,1
DA:6,1
DA:7,1
DA:8,1
DA:9,1
DA:10,1
DA:11,1
DA:12,1
DA:13,1
DA:14,1
DA:15,1
DA:16,1
DA:17,1
DA:18,1
DA:19,1
DA:20,1
DA:21,1
DA:22,1
DA:23,1
DA:24,1
DA:25,1
DA:26,1
DA:27,1
DA:28,1
DA:29,1
DA:30,1
DA:31,1
DA:32,1
DA:33,1
DA:34,1
DA:35,1
DA:36,1
DA:37,1
DA:38,1
DA:39,1
DA:40,1
DA:41,1
DA:42,1
DA:43,1
DA:44,1
DA:45,1
DA:46,1
DA:47,1
DA:48,1
DA:49,1
DA:50,1
DA:51,1
DA:52,1
DA:53,1
LH:53
LF:53
end_of_record
SF:tests/bundle/unusedCode.test.ts
FN:4,anonymous_0
FN:7,anonymous_1
FN:24,anonymous_2
FN:39,anonymous_3
FN:50,anonymous_4
FN:75,anonymous_5
FNDA:1,anonymous_0
FNDA:1,anonymous_1
FNDA:1,anonymous_2
FNDA:1,anonymous_3
FNDA:1,anonymous_4
FNDA:1,anonymous_5
FNF:6
FNH:6
BRDA:1,0,0,1
BRDA:4,1,0,1
BRDA:7,2,0,1
BRDA:24,3,0,1
BRDA:39,4,0,1
BRDA:50,5,0,1
BRDA:75,6,0,1
BRF:7
BRH:7
DA:1,1
DA:2,1
DA:3,1
DA:4,1
DA:5,1
DA:6,1
DA:7,1
DA:8,1
DA:9,1
DA:10,1
DA:11,1
DA:12,1
DA:13,1
DA:14,1
DA:15,1
DA:16,1
DA:17,1
DA:18,1
DA:19,1
DA:20,1
DA:21,1
DA:22,1
DA:23,1
DA:24,1
DA:25,1
DA:26,1
DA:27,1
DA:28,1
DA:29,1
DA:30,1
DA:31,1
DA:32,1
DA:33,1
DA:34,1
DA:35,1
DA:36,1
DA:37,1
DA:38,1
DA:39,1
DA:40,1
DA:41,1
DA:42,1
DA:43,1
DA:44,1
DA:45,1
DA:46,1
DA:47,1
DA:48,1
DA:49,1
DA:50,1
DA:51,1
DA:52,1
DA:53,1
DA:54,1
DA:55,1
DA:56,1
DA:57,1
DA:58,1
DA:59,1
DA:60,1
DA:61,1
DA:62,1
DA:63,1
DA:64,1
DA:65,1
DA:66,1
DA:67,1
DA:68,1
DA:69,1
DA:70,1
DA:71,1
DA:72,1
DA:73,1
DA:74,1
DA:75,1
DA:76,1
DA:77,1
DA:78,1
DA:79,1
DA:80,1
DA:81,1
DA:82,1
DA:83,1
DA:84,1
DA:85,1
DA:86,1
DA:87,1
DA:88,1
DA:89,1
DA:90,1
DA:91,1
DA:92,1
DA:93,1
DA:94,1
DA:95,1
DA:96,1
DA:97,1
DA:98,1
DA:99,1
DA:100,1
DA:101,1
DA:102,1
DA:103,1
DA:104,1
DA:105,1
DA:106,1
DA:107,1
DA:108,1
DA:109,1
DA:110,1
DA:111,1
DA:112,1
DA:113,1
DA:114,1
DA:115,1
DA:116,1
DA:117,1
DA:118,1
DA:119,1
LH:119
LF:119
end_of_record
SF:tests/initialization/compilerOptions.test.ts
FN:10,anonymous_0
FN:10,anonymous_1
FN:28,anonymous_2
FNDA:1,anonymous_0
FNDA:1,anonymous_1
FNDA:1,anonymous_2
FNF:3
FNH:3
BRDA:1,0,0,1
BRDA:10,1,0,1
BRDA:10,2,0,1
BRDA:28,3,0,1
BRF:4
BRH:4
DA:1,1
DA:2,1
DA:3,1
DA:4,1
DA:5,1
DA:6,1
DA:7,1
DA:8,1
DA:9,1
DA:10,1
DA:11,1
DA:12,1
DA:13,1
DA:14,1
DA:15,1
DA:16,1
DA:17,1
DA:18,1
DA:19,1
DA:20,1
DA:21,1
DA:22,1
DA:23,1
DA:24,1
DA:25,1
DA:26,1
DA:27,1
DA:28,1
DA:29,1
DA:30,1
DA:31,1
DA:32,1
DA:33,1
DA:34,1
DA:35,1
DA:36,1
DA:37,1
DA:38,1
DA:39,1
DA:40,1
DA:41,1
DA:42,1
DA:43,1
DA:44,1
DA:45,1
DA:46,1
DA:47,1
DA:48,1
DA:49,1
DA:50,1
DA:51,1
DA:52,1
DA:53,1
DA:54,1
DA:55,1
DA:56,1
DA:57,1
DA:58,1
DA:59,1
DA:60,1
DA:61,1
DA:62,1
DA:63,1
DA:64,1
DA:65,1
LH:65
LF:65
end_of_record
SF:tests/initialization/dependencies.test.ts
FN:8,anonymous_0
FN:9,anonymous_1
FN:29,anonymous_2
FN:47,anonymous_3
FN:62,anonymous_4
FNDA:1,anonymous_0
FNDA:1,anonymous_1
FNDA:1,anonymous_2
FNDA:1,anonymous_3
FNDA:1,anonymous_4
FNF:5
FNH:5
BRDA:1,0,0,1
BRDA:8,1,0,1
BRDA:9,2,0,1
BRDA:29,3,0,1
BRDA:47,4,0,1
BRDA:62,5,0,1
BRF:6
BRH:6
DA:1,1
DA:2,1
DA:3,1
DA:4,1
DA:5,1
DA:6,1
DA:7,1
DA:8,1
DA:9,1
DA:10,1
DA:11,1
DA:12,1
DA:13,1
DA:14,1
DA:15,1
DA:16,1
DA:17,1
DA:18,1
DA:19,1
DA:20,1
DA:21,1
DA:22,1
DA:23,1
DA:24,1
DA:25,1
DA:26,1
DA:27,1
DA:28,1
DA:29,1
DA:30,1
DA:31,1
DA:32,1
DA:33,1
DA:34,1
DA:35,1
DA:36,1
DA:37,1
DA:38,1
DA:39,1
DA:40,1
DA:41,1
DA:42,1
DA:43,1
DA:44,1
DA:45,1
DA:46,1
DA:47,1
DA:48,1
DA:49,1
DA:50,1
DA:51,1
DA:52,1
DA:53,1
DA:54,1
DA:55,1
DA:56,1
DA:57,1
DA:58,1
DA:59,1
DA:60,1
DA:61,1
DA:62,1
DA:63,1
DA:64,1
DA:65,1
DA:66,1
DA:67,1
DA:68,1
DA:69,1
DA:70,1
DA:71,1
DA:72,1
DA:73,1
DA:74,1
DA:75,1
DA:76,1
DA:77,1
DA:78,1
DA:79,1
DA:80,1
DA:81,1
DA:82,1
DA:83,1
DA:84,1
DA:85,1
DA:86,1
DA:87,1
DA:88,1
DA:89,1
DA:90,1
DA:91,1
LH:91
LF:91
end_of_record
SF:tests/initialization/get_config/duplicate/lib/get_config.ts
FNF:0
FNH:0
BRDA:1,0,0,1
BRDA:3,1,0,0
BRF:2
BRH:1
DA:1,1
DA:2,1
DA:3,1
LH:3
LF:3
end_of_record
SF:tests/initialization/get_config/duplicate/susee.config.ts
FNF:0
FNH:0
BRDA:1,0,0,1
BRF:1
BRH:1
DA:1,1
DA:2,1
DA:3,1
DA:4,1
DA:5,1
DA:6,1
DA:7,1
DA:8,1
DA:9,1
DA:10,1
DA:11,1
DA:12,1
DA:13,1
DA:14,1
DA:15,1
DA:16,1
LH:16
LF:16
end_of_record
SF:tests/initialization/get_config/empty_entries/lib/get_config.ts
FNF:0
FNH:0
BRDA:1,0,0,1
BRDA:3,1,0,0
BRF:2
BRH:1
DA:1,1
DA:2,1
DA:3,1
LH:3
LF:3
end_of_record
SF:tests/initialization/get_config/empty_entries/susee.config.ts
FNF:0
FNH:0
BRDA:1,0,0,1
BRF:1
BRH:1
DA:1,1
DA:2,1
DA:3,1
DA:4,1
DA:5,1
LH:5
LF:5
end_of_record
SF:tests/initialization/get_config/entry_not_found/lib/get_config.ts
FNF:0
FNH:0
BRDA:1,0,0,1
BRDA:3,1,0,0
BRF:2
BRH:1
DA:1,1
DA:2,1
DA:3,1
LH:3
LF:3
end_of_record
SF:tests/initialization/get_config/entry_not_found/susee.config.ts
FNF:0
FNH:0
BRDA:1,0,0,1
BRF:1
BRH:1
DA:1,1
DA:2,1
DA:3,1
DA:4,1
DA:5,1
DA:6,1
DA:7,1
DA:8,1
DA:9,1
DA:10,1
DA:11,1
DA:12,1
DA:13,1
DA:14,1
DA:15,1
DA:16,1
LH:16
LF:16
end_of_record
SF:tests/initialization/get_config/not_found/lib/get_config.ts
FNF:0
FNH:0
BRDA:1,0,0,1
BRDA:3,1,0,0
BRF:2
BRH:1
DA:1,1
DA:2,1
DA:3,1
LH:3
LF:3
end_of_record
SF:tests/initialization/get_config/ok/susee.config.ts
FNF:0
FNH:0
BRDA:1,0,0,1
BRF:1
BRH:1
DA:1,1
DA:2,1
DA:3,1
DA:4,1
DA:5,1
DA:6,1
DA:7,1
DA:8,1
DA:9,1
DA:10,1
DA:11,1
LH:11
LF:11
end_of_record
SF:tests/initialization/suseeConfig.test.ts
FN:8,anonymous_0
FN:11,anonymous_1
FN:25,anonymous_2
FN:40,anonymous_3
FN:56,anonymous_4
FN:66,anonymous_5
FNDA:1,anonymous_0
FNDA:1,anonymous_1
FNDA:1,anonymous_2
FNDA:1,anonymous_3
FNDA:1,anonymous_4
FNDA:1,anonymous_5
FNF:6
FNH:6
BRDA:1,0,0,1
BRDA:8,1,0,1
BRDA:11,2,0,1
BRDA:25,3,0,1
BRDA:40,4,0,1
BRDA:56,5,0,1
BRDA:66,6,0,1
BRF:7
BRH:7
DA:1,1
DA:2,1
DA:3,1
DA:4,1
DA:5,1
DA:6,1
DA:7,1
DA:8,1
DA:9,1
DA:10,1
DA:11,1
DA:12,1
DA:13,1
DA:14,1
DA:15,1
DA:16,1
DA:17,1
DA:18,1
DA:19,1
DA:20,1
DA:21,1
DA:22,1
DA:23,1
DA:24,1
DA:25,1
DA:26,1
DA:27,1
DA:28,1
DA:29,1
DA:30,1
DA:31,1
DA:32,1
DA:33,1
DA:34,1
DA:35,1
DA:36,1
DA:37,1
DA:38,1
DA:39,1
DA:40,1
DA:41,1
DA:42,1
DA:43,1
DA:44,1
DA:45,1
DA:46,1
DA:47,1
DA:48,1
DA:49,1
DA:50,1
DA:51,1
DA:52,1
DA:53,1
DA:54,1
DA:55,1
DA:56,1
DA:57,1
DA:58,1
DA:59,1
DA:60,1
DA:61,1
DA:62,1
DA:63,1
DA:64,1
DA:65,1
DA:66,1
DA:67,1
DA:68,1
DA:69,1
DA:70,1
DA:71,1
DA:72,1
DA:73,1
DA:74,1
DA:75,1
DA:76,1
DA:77,1
DA:78,1
DA:79,1
DA:80,1
DA:81,1
DA:82,1
DA:83,1
DA:84,1
DA:85,1
DA:86,1
DA:87,1
DA:88,1
DA:89,1
DA:90,1
DA:91,1
DA:92,1
DA:93,1
DA:94,1
DA:95,1
DA:96,1
DA:97,1
DA:98,1
DA:99,1
DA:100,1
DA:101,1
DA:102,1
DA:103,1
DA:104,1
DA:105,1
DA:106,1
DA:107,1
DA:108,1
DA:109,1
LH:109
LF:109
end_of_record
SF:tests/initialization/ts_config/correct_options/susee.config.ts
FNF:0
FNH:0
BRDA:1,0,0,1
BRF:1
BRH:1
DA:1,1
DA:2,1
DA:3,1
DA:4,1
DA:5,1
DA:6,1
DA:7,1
DA:8,1
DA:9,1
DA:10,1
DA:11,1
DA:12,1
DA:13,1
DA:14,1
DA:15,1
DA:16,1
DA:17,1
DA:18,1
LH:18
LF:18
end_of_record
SF:tests/initialization/ts_config/custom_path/susee.config.ts
FNF:0
FNH:0
BRDA:1,0,0,1
BRF:1
BRH:1
DA:1,1
DA:2,1
DA:3,1
DA:4,1
DA:5,1
DA:6,1
DA:7,1
DA:8,1
DA:9,1
DA:10,1
DA:11,1
DA:12,1
DA:13,1
DA:14,1
DA:15,1
DA:16,1
DA:17,1
DA:18,1
DA:19,1
LH:19
LF:19
end_of_record
SF:tests/lib/test_helpers.ts
FN:2,__name
FN:8,setupTempDir
FN:15,readJson
FN:23,fileExists
FN:28,anonymous_4
FN:29,expect
FN:45,exitWithCodeOneAndMessage
FN:47,anonymous_7
FN:64,exitWithCodeZeroAndMessage
FN:78,sortObject
FN:79,anonymous_10
FNDA:16,__name
FNDA:4,setupTempDir
FNDA:0,readJson
FNDA:0,fileExists
FNDA:0,anonymous_4
FNDA:0,expect
FNDA:4,exitWithCodeOneAndMessage
FNDA:4,anonymous_7
FNDA:0,exitWithCodeZeroAndMessage
FNDA:2,sortObject
FNDA:14,anonymous_10
FNF:11
FNH:6
BRDA:1,0,0,2
BRDA:2,1,0,16
BRDA:8,2,0,4
BRDA:45,3,0,4
BRDA:47,4,0,4
BRDA:61,5,0,0
BRDA:78,6,0,2
BRDA:79,7,0,14
BRF:8
BRH:7
DA:1,2
DA:2,2
DA:3,16
DA:4,2
DA:5,2
DA:6,2
DA:7,2
DA:8,2
DA:9,4
DA:10,4
DA:11,4
DA:12,4
DA:13,4
DA:14,2
DA:15,2
DA:16,0
DA:17,0
DA:18,0
DA:19,0
DA:20,0
DA:21,2
DA:22,2
DA:23,2
DA:24,0
DA:25,0
DA:26,0
DA:27,2
DA:28,2
DA:29,2
DA:30,0
DA:31,0
DA:32,0
DA:33,0
DA:34,0
DA:35,0
DA:36,0
DA:37,0
DA:38,0
DA:39,0
DA:40,0
DA:41,0
DA:42,0
DA:43,0
DA:44,2
DA:45,2
DA:46,4
DA:47,4
DA:48,4
DA:49,4
DA:50,4
DA:51,4
DA:52,4
DA:53,4
DA:54,4
DA:55,4
DA:56,4
DA:57,4
DA:58,4
DA:59,4
DA:60,4
DA:61,4
DA:62,2
DA:63,2
DA:64,2
DA:65,0
DA:66,0
DA:67,0
DA:68,0
DA:69,0
DA:70,0
DA:71,0
DA:72,0
DA:73,0
DA:74,2
DA:75,2
DA:76,2
DA:77,2
DA:78,2
DA:79,2
DA:80,14
DA:81,14
DA:82,2
DA:83,2
DA:84,2
DA:85,2
DA:86,2
DA:87,2
DA:88,2
DA:89,2
DA:90,2
DA:91,2
DA:92,2
DA:93,2
DA:94,2
DA:95,2
DA:96,2
DA:97,2
DA:98,2
DA:99,2
DA:100,2
DA:101,2
DA:102,2
DA:103,2
DA:104,2
DA:105,2
DA:106,2
DA:107,2
DA:108,2
DA:109,2
DA:110,2
DA:111,2
DA:112,2
DA:113,2
DA:114,2
DA:115,2
DA:116,2
DA:117,2
DA:118,2
DA:119,2
DA:120,2
DA:121,2
DA:122,2
DA:123,2
DA:124,2
DA:125,2
DA:126,2
DA:127,2
DA:128,2
DA:129,2
DA:130,2
DA:131,2
DA:132,2
LH:101
LF:132
end_of_record
