TN:
SF:__tests__/test-suites/config/get_config/duplicate/lib/get_config.ts
FNF:0
FNH:0
BRDA:1,0,0,1
BRDA:3,1,0,0
BRF:2
BRH:1
DA:1,1
DA:2,1
DA:3,1
LH:3
LF:3
end_of_record
SF:__tests__/test-suites/config/get_config/duplicate/susee.config.ts
FNF:0
FNH:0
BRDA:1,0,0,1
BRF:1
BRH:1
DA:1,1
DA:2,1
DA:3,1
DA:4,1
DA:5,1
DA:6,1
DA:7,1
DA:8,1
DA:9,1
DA:10,1
DA:11,1
DA:12,1
DA:13,1
DA:14,1
DA:15,1
DA:16,1
LH:16
LF:16
end_of_record
SF:__tests__/test-suites/config/get_config/empty_entries/lib/get_config.ts
FNF:0
FNH:0
BRDA:1,0,0,1
BRDA:3,1,0,0
BRF:2
BRH:1
DA:1,1
DA:2,1
DA:3,1
LH:3
LF:3
end_of_record
SF:__tests__/test-suites/config/get_config/empty_entries/susee.config.ts
FNF:0
FNH:0
BRDA:1,0,0,1
BRF:1
BRH:1
DA:1,1
DA:2,1
DA:3,1
DA:4,1
DA:5,1
LH:5
LF:5
end_of_record
SF:__tests__/test-suites/config/get_config/entry_not_found/lib/get_config.ts
FNF:0
FNH:0
BRDA:1,0,0,1
BRDA:3,1,0,0
BRF:2
BRH:1
DA:1,1
DA:2,1
DA:3,1
LH:3
LF:3
end_of_record
SF:__tests__/test-suites/config/get_config/entry_not_found/susee.config.ts
FNF:0
FNH:0
BRDA:1,0,0,1
BRF:1
BRH:1
DA:1,1
DA:2,1
DA:3,1
DA:4,1
DA:5,1
DA:6,1
DA:7,1
DA:8,1
DA:9,1
DA:10,1
DA:11,1
DA:12,1
DA:13,1
DA:14,1
DA:15,1
DA:16,1
LH:16
LF:16
end_of_record
SF:__tests__/test-suites/config/get_config/ok/susee.config.ts
FNF:0
FNH:0
BRDA:1,0,0,1
BRF:1
BRH:1
DA:1,1
DA:2,1
DA:3,1
DA:4,1
DA:5,1
DA:6,1
DA:7,1
DA:8,1
DA:9,1
DA:10,1
DA:11,1
LH:11
LF:11
end_of_record
SF:__tests__/test-suites/test_helpers.ts
FN:2,__name
FN:8,setupTempDir
FN:15,readJson
FN:23,fileExists
FN:28,anonymous_4
FN:29,expect
FN:45,exitWithCodeOneAndMessage
FN:64,exitWithCodeZeroAndMessage
FN:78,sortObject
FN:47,anonymous_9
FN:79,anonymous_10
FNDA:48,__name
FNDA:30,setupTempDir
FNDA:4,readJson
FNDA:26,fileExists
FNDA:0,anonymous_4
FNDA:0,expect
FNDA:3,exitWithCodeOneAndMessage
FNDA:0,exitWithCodeZeroAndMessage
FNDA:2,sortObject
FNDA:3,anonymous_9
FNDA:21,anonymous_10
FNF:11
FNH:8
BRDA:1,0,0,6
BRDA:2,1,0,48
BRDA:8,2,0,30
BRDA:15,3,0,4
BRDA:23,4,0,26
BRDA:26,5,0,0
BRDA:45,6,0,3
BRDA:78,7,0,2
BRDA:47,8,0,3
BRDA:61,9,0,0
BRDA:79,10,0,21
BRF:11
BRH:9
DA:1,6
DA:2,6
DA:3,48
DA:4,6
DA:5,6
DA:6,6
DA:7,6
DA:8,6
DA:9,30
DA:10,30
DA:11,30
DA:12,30
DA:13,30
DA:14,6
DA:15,6
DA:16,4
DA:17,4
DA:18,4
DA:19,4
DA:20,4
DA:21,6
DA:22,6
DA:23,6
DA:24,26
DA:25,26
DA:26,26
DA:27,6
DA:28,6
DA:29,6
DA:30,0
DA:31,0
DA:32,0
DA:33,0
DA:34,0
DA:35,0
DA:36,0
DA:37,0
DA:38,0
DA:39,0
DA:40,0
DA:41,0
DA:42,0
DA:43,0
DA:44,6
DA:45,6
DA:46,3
DA:47,3
DA:48,3
DA:49,3
DA:50,3
DA:51,3
DA:52,3
DA:53,3
DA:54,3
DA:55,3
DA:56,3
DA:57,3
DA:58,3
DA:59,3
DA:60,3
DA:61,3
DA:62,6
DA:63,6
DA:64,6
DA:65,0
DA:66,0
DA:67,0
DA:68,0
DA:69,0
DA:70,0
DA:71,0
DA:72,0
DA:73,0
DA:74,6
DA:75,6
DA:76,6
DA:77,6
DA:78,6
DA:79,2
DA:80,21
DA:81,21
DA:82,6
DA:83,6
DA:84,6
DA:85,6
DA:86,6
DA:87,6
DA:88,6
DA:89,6
DA:90,6
DA:91,6
DA:92,6
DA:93,6
DA:94,6
DA:95,6
DA:96,6
DA:97,6
DA:98,6
DA:99,6
DA:100,6
DA:101,6
DA:102,6
DA:103,6
DA:104,6
DA:105,6
DA:106,6
DA:107,6
DA:108,6
DA:109,6
DA:110,6
DA:111,6
DA:112,6
DA:113,6
DA:114,6
DA:115,6
DA:116,6
DA:117,6
DA:118,6
DA:119,6
DA:120,6
DA:121,6
DA:122,6
DA:123,6
DA:124,6
DA:125,6
DA:126,6
DA:127,6
DA:128,6
DA:129,6
DA:130,6
DA:131,6
DA:132,6
LH:109
LF:132
end_of_record
SF:package.json
FNF:0
FNH:0
BRDA:1,0,0,15
BRF:1
BRH:1
DA:1,15
DA:2,15
DA:3,15
DA:4,15
DA:5,15
DA:6,15
DA:7,15
DA:8,15
DA:9,15
DA:10,15
DA:11,15
DA:12,15
DA:13,15
DA:14,15
DA:15,15
DA:16,15
DA:17,15
DA:18,15
DA:19,15
DA:20,15
DA:21,15
DA:22,15
DA:23,15
DA:24,15
DA:25,15
DA:26,15
DA:27,15
DA:28,15
DA:29,15
DA:30,15
DA:31,15
DA:32,15
DA:33,15
DA:34,15
DA:35,15
DA:36,15
DA:37,15
DA:38,15
DA:39,15
DA:40,15
DA:41,15
DA:42,15
DA:43,15
DA:44,15
DA:45,15
DA:46,15
DA:47,15
DA:48,15
DA:49,15
DA:50,15
DA:51,15
DA:52,15
DA:53,15
DA:54,15
DA:55,15
DA:56,15
DA:57,15
DA:58,15
DA:59,15
DA:60,15
DA:61,15
DA:62,15
DA:63,15
DA:64,15
DA:65,15
DA:66,15
DA:67,15
DA:68,15
DA:69,15
DA:70,15
DA:71,15
DA:72,15
DA:73,15
DA:74,15
DA:75,15
DA:76,15
DA:77,15
DA:78,15
DA:79,15
DA:80,15
DA:81,15
DA:82,15
DA:83,15
DA:84,15
DA:85,15
DA:86,15
DA:87,15
DA:88,15
DA:89,15
LH:89
LF:89
end_of_record
SF:src/cli/build.ts
FN:2,__name
FN:8,cliBuild
FNDA:15,__name
FNDA:2,cliBuild
FNF:2
FNH:2
BRDA:1,0,0,15
BRDA:2,1,0,15
BRDA:8,2,0,2
BRF:3
BRH:3
DA:1,15
DA:2,15
DA:3,15
DA:4,15
DA:5,15
DA:6,15
DA:7,15
DA:8,15
DA:9,2
DA:10,2
DA:11,2
DA:12,2
DA:13,2
DA:14,2
DA:15,2
DA:16,2
DA:17,2
DA:18,2
DA:19,2
DA:20,2
DA:21,2
DA:22,15
LH:22
LF:22
end_of_record
SF:src/cli/cli.ts
FN:2,__name
FN:10,<static_initializer>
FN:11,<instance_members_initializer>
FN:12,CliCompiler
FN:19,_commonjs
FN:77,_esm
FN:124,compile
FNDA:16,__name
FNDA:16,<static_initializer>
FNDA:16,<instance_members_initializer>
FNDA:16,CliCompiler
FNDA:3,_commonjs
FNDA:1,_esm
FNDA:4,compile
FNF:7
FNH:7
BRDA:1,0,0,16
BRDA:2,1,0,16
BRDA:10,2,0,16
BRDA:11,3,0,16
BRDA:12,4,0,16
BRDA:19,5,0,3
BRDA:50,6,0,1
BRDA:54,7,0,1
BRDA:55,8,0,3
BRDA:55,9,0,1
BRDA:56,10,0,2
BRDA:59,11,0,2
BRDA:60,12,0,1
BRDA:63,13,0,1
BRDA:77,14,0,1
BRDA:96,15,0,0
BRDA:104,16,0,0
BRDA:107,17,0,0
BRDA:124,18,0,4
BRDA:127,19,0,2
BRDA:128,20,0,1
BRDA:130,21,0,1
BRF:22
BRH:19
DA:1,16
DA:2,16
DA:3,16
DA:4,16
DA:5,16
DA:6,16
DA:7,16
DA:8,16
DA:9,16
DA:10,16
DA:11,16
DA:12,16
DA:13,16
DA:14,16
DA:15,16
DA:16,16
DA:17,16
DA:18,16
DA:19,16
DA:20,3
DA:21,3
DA:22,3
DA:23,3
DA:24,3
DA:25,3
DA:26,3
DA:27,3
DA:28,3
DA:29,3
DA:30,3
DA:31,3
DA:32,3
DA:33,3
DA:34,3
DA:35,3
DA:36,3
DA:37,3
DA:38,3
DA:39,3
DA:40,3
DA:41,3
DA:42,3
DA:43,3
DA:44,3
DA:45,3
DA:46,3
DA:47,3
DA:48,3
DA:49,3
DA:50,3
DA:51,1
DA:52,3
DA:53,3
DA:54,3
DA:55,1
DA:56,3
DA:57,3
DA:58,3
DA:59,3
DA:60,2
DA:61,1
DA:62,1
DA:63,3
DA:64,1
DA:65,1
DA:66,1
DA:67,1
DA:68,1
DA:69,3
DA:70,3
DA:71,3
DA:72,3
DA:73,3
DA:74,3
DA:75,3
DA:76,3
DA:77,16
DA:78,1
DA:79,1
DA:80,1
DA:81,1
DA:82,1
DA:83,1
DA:84,1
DA:85,1
DA:86,1
DA:87,1
DA:88,1
DA:89,1
DA:90,1
DA:91,1
DA:92,1
DA:93,1
DA:94,1
DA:95,1
DA:96,1
DA:97,0
DA:98,0
DA:99,0
DA:100,0
DA:101,0
DA:102,1
DA:103,1
DA:104,1
DA:105,1
DA:106,1
DA:107,1
DA:108,0
DA:109,0
DA:110,1
DA:111,1
DA:112,1
DA:113,1
DA:114,1
DA:115,1
DA:116,1
DA:117,1
DA:118,1
DA:119,1
DA:120,1
DA:121,1
DA:122,1
DA:123,1
DA:124,16
DA:125,4
DA:126,4
DA:127,4
DA:128,2
DA:129,1
DA:130,4
DA:131,1
DA:132,1
DA:133,16
DA:134,16
DA:135,16
DA:136,16
DA:137,16
DA:138,16
DA:139,16
DA:140,16
DA:141,16
DA:142,16
DA:143,16
DA:144,16
DA:145,16
DA:146,16
DA:147,16
DA:148,16
DA:149,16
DA:150,16
DA:151,16
DA:152,16
DA:153,16
DA:154,16
DA:155,16
DA:156,16
DA:157,16
DA:158,16
DA:159,16
DA:160,16
DA:161,16
DA:162,16
DA:163,16
DA:164,16
DA:165,16
DA:166,16
DA:167,16
DA:168,16
DA:169,16
DA:170,16
DA:171,16
DA:172,16
DA:173,16
DA:174,16
DA:175,16
DA:176,16
LH:169
LF:176
end_of_record
SF:src/cli/index.ts
FN:2,__name
FN:104,getPackageType
FN:112,cliInit
FN:147,suseeCliBuild
FN:176,anonymous_4
FNDA:45,__name
FNDA:2,getPackageType
FNDA:4,cliInit
FNDA:15,suseeCliBuild
FNDA:0,anonymous_4
FNF:5
FNH:4
BRDA:1,0,0,15
BRDA:2,1,0,45
BRDA:104,2,0,2
BRDA:112,3,0,4
BRDA:147,4,0,15
BRF:5
BRH:5
DA:1,15
DA:2,15
DA:3,45
DA:4,15
DA:5,15
DA:6,15
DA:7,15
DA:8,15
DA:9,15
DA:10,15
DA:11,15
DA:12,15
DA:13,15
DA:14,15
DA:15,15
DA:16,15
DA:17,15
DA:18,15
DA:19,15
DA:20,15
DA:21,15
DA:22,15
DA:23,15
DA:24,15
DA:25,15
DA:26,15
DA:27,15
DA:28,15
DA:29,15
DA:30,15
DA:31,15
DA:32,15
DA:33,15
DA:34,15
DA:35,15
DA:36,15
DA:37,15
DA:38,15
DA:39,15
DA:40,15
DA:41,15
DA:42,15
DA:43,15
DA:44,15
DA:45,15
DA:46,15
DA:47,15
DA:48,15
DA:49,15
DA:50,15
DA:51,15
DA:52,15
DA:53,15
DA:54,15
DA:55,15
DA:56,15
DA:57,15
DA:58,15
DA:59,15
DA:60,15
DA:61,15
DA:62,15
DA:63,15
DA:64,15
DA:65,15
DA:66,15
DA:67,15
DA:68,15
DA:69,15
DA:70,15
DA:71,15
DA:72,15
DA:73,15
DA:74,15
DA:75,15
DA:76,15
DA:77,15
DA:78,15
DA:79,15
DA:80,15
DA:81,15
DA:82,15
DA:83,15
DA:84,15
DA:85,15
DA:86,15
DA:87,15
DA:88,15
DA:89,15
DA:90,15
DA:91,15
DA:92,15
DA:93,15
DA:94,15
DA:95,15
DA:96,15
DA:97,15
DA:98,15
DA:99,15
DA:100,15
DA:101,15
DA:102,15
DA:103,15
DA:104,15
DA:105,2
DA:106,2
DA:107,2
DA:108,2
DA:109,2
DA:110,2
DA:111,15
DA:112,15
DA:113,4
DA:114,4
DA:115,4
DA:116,4
DA:117,4
DA:118,4
DA:119,4
DA:120,4
DA:121,4
DA:122,4
DA:123,4
DA:124,4
DA:125,4
DA:126,4
DA:127,4
DA:128,4
DA:129,4
DA:130,4
DA:131,4
DA:132,4
DA:133,4
DA:134,4
DA:135,4
DA:136,4
DA:137,4
DA:138,4
DA:139,4
DA:140,4
DA:141,4
DA:142,4
DA:143,4
DA:144,4
DA:145,4
DA:146,4
DA:147,15
DA:148,15
DA:149,15
DA:150,15
DA:151,15
DA:152,15
DA:153,15
DA:154,15
DA:155,15
DA:156,15
DA:157,15
DA:158,15
DA:159,15
DA:160,15
DA:161,15
DA:162,15
DA:163,15
DA:164,15
DA:165,15
DA:166,15
DA:167,15
DA:168,15
DA:169,15
DA:170,15
DA:171,15
DA:172,15
DA:173,15
DA:174,15
DA:175,15
DA:176,15
DA:177,15
DA:178,15
DA:179,15
DA:180,15
DA:181,15
DA:182,15
DA:183,15
DA:184,15
DA:185,15
DA:186,15
DA:187,15
LH:187
LF:187
end_of_record
SF:src/cli/lib/fail.ts
FN:3,__name
FN:4,fail
FN:1,anonymous_2
FN:3,anonymous_3
FN:undefined,__name
FN:undefined,__export
FN:undefined,__copyProps
FN:undefined,get
FN:undefined,__toESM
FN:undefined,__toCommonJS
FN:undefined,fail
FN:undefined,fail
FNDA:16,__name
FNDA:0,fail
FNDA:7,anonymous_2
FNDA:7,anonymous_3
FNDA:7,__name
FNDA:7,__export
FNDA:14,__copyProps
FNDA:7,get
FNDA:7,__toESM
FNDA:7,__toCommonJS
FNDA:7,fail
FNDA:7,fail
FNF:12
FNH:11
BRDA:1,0,0,16
BRDA:3,1,0,16
BRDA:1,2,0,7
BRDA:3,3,0,7
BRDA:undefined,4,0,0
BRDA:undefined,5,0,7
BRDA:undefined,6,0,7
BRDA:undefined,7,0,14
BRDA:undefined,8,0,7
BRDA:undefined,9,0,0
BRDA:undefined,10,0,7
BRDA:undefined,11,0,7
BRDA:undefined,12,0,0
BRDA:undefined,13,0,0
BRDA:undefined,14,0,7
BRDA:undefined,15,0,7
BRDA:undefined,16,0,7
BRF:17
BRH:17
DA:1,7
DA:2,7
DA:3,7
DA:4,7
DA:5,7
DA:6,7
LH:6
LF:6
end_of_record
SF:src/cli/lib/parse_argv.ts
FN:2,__name
FN:6,isFile
FN:11,isEmptyObject
FN:17,parseBooleanFlag
FN:21,parseArgs
FN:90,getDefaultOptions
FN:1,anonymous_6
FN:2,anonymous_7
FN:11,__name
FN:16,__export
FN:18,__copyProps
FN:24,get
FN:29,__toESM
FN:35,__toCommonJS
FN:40,getDefaultOptions
FN:41,isEmptyObject
FN:41,isFile
FN:41,parseArgs
FN:42,parseBooleanFlag
FN:47,isFile
FN:51,isEmptyObject
FN:55,parseBooleanFlag
FN:63,parseArgs
FN:141,getDefaultOptions
FNDA:80,__name
FNDA:8,isFile
FNDA:8,isEmptyObject
FNDA:8,parseBooleanFlag
FNDA:20,parseArgs
FNDA:2,getDefaultOptions
FNDA:7,anonymous_6
FNDA:7,anonymous_7
FNDA:35,__name
FNDA:35,__export
FNDA:154,__copyProps
FNDA:7,get
FNDA:7,__toESM
FNDA:7,__toCommonJS
FNDA:0,getDefaultOptions
FNDA:0,isEmptyObject
FNDA:0,isFile
FNDA:7,parseArgs
FNDA:0,parseBooleanFlag
FNDA:6,isFile
FNDA:1,isEmptyObject
FNDA:1,parseBooleanFlag
FNDA:10,parseArgs
FNDA:0,getDefaultOptions
FNF:24
FNH:19
BRDA:1,0,0,16
BRDA:2,1,0,80
BRDA:6,2,0,8
BRDA:11,3,0,8
BRDA:12,4,0,6
BRDA:13,5,0,5
BRDA:17,6,0,8
BRDA:18,7,0,3
BRDA:18,8,0,5
BRDA:20,9,0,0
BRDA:21,10,0,4
BRDA:25,11,0,20
BRDA:29,12,0,1
BRDA:29,13,0,2
BRDA:30,14,0,2
BRDA:41,15,0,3
BRDA:45,16,0,3
BRDA:29,17,0,3
BRDA:29,18,0,1
BRDA:30,19,0,16
BRDA:34,20,0,9
BRDA:34,21,0,2
BRDA:40,22,0,1
BRDA:41,23,0,0
BRDA:45,24,0,1
BRDA:46,25,0,1
BRDA:46,26,0,0
BRDA:48,27,0,1
BRDA:50,28,0,2
BRDA:51,29,0,0
BRDA:52,30,0,1
BRDA:53,31,0,2
BRDA:54,32,0,1
BRDA:61,33,0,0
BRDA:62,34,0,2
BRDA:63,35,0,1
BRDA:68,36,0,0
BRDA:72,37,0,2
BRDA:73,38,0,1
BRDA:76,39,0,0
BRDA:79,40,0,0
BRDA:79,41,0,2
BRDA:81,42,0,1
BRDA:86,43,0,0
BRDA:88,44,0,0
BRDA:90,45,0,2
BRDA:96,46,0,0
BRDA:1,47,0,7
BRDA:2,48,0,7
BRDA:155,49,0,0
BRDA:11,50,0,35
BRDA:16,51,0,7
BRDA:17,52,0,35
BRDA:18,53,0,14
BRDA:21,54,0,154
BRDA:20,55,0,0
BRDA:24,56,0,7
BRDA:29,57,0,7
BRDA:31,58,0,0
BRDA:34,59,0,0
BRDA:35,60,0,7
BRDA:41,61,0,7
BRDA:47,62,0,6
BRDA:51,63,0,1
BRDA:55,64,0,1
BRDA:59,65,0,0
BRDA:60,66,0,0
BRDA:63,67,0,7
BRDA:67,68,0,10
BRDA:68,69,0,5
BRDA:70,70,0,4
BRDA:97,71,0,1
BRDA:86,72,0,1
BRDA:76,73,0,1
BRDA:70,74,0,1
BRDA:99,75,0,1
BRDA:88,76,0,0
BRDA:89,77,0,1
BRDA:98,78,0,0
BRDA:117,79,0,0
BRDA:119,80,0,0
BRDA:124,81,0,0
BRDA:140,82,0,0
BRF:83
BRH:60
DA:1,7
DA:2,7
DA:3,7
DA:4,7
DA:5,7
DA:6,7
DA:7,7
DA:8,7
DA:9,7
DA:10,7
DA:11,7
DA:12,35
DA:13,7
DA:14,7
DA:15,7
DA:16,7
DA:17,7
DA:18,7
DA:19,14
DA:20,14
DA:21,14
DA:22,154
DA:23,154
DA:24,154
DA:25,154
DA:26,154
DA:27,154
DA:28,154
DA:29,7
DA:30,7
DA:31,7
DA:32,7
DA:33,7
DA:34,7
DA:35,7
DA:36,7
DA:37,7
DA:38,7
DA:39,7
DA:40,7
DA:41,7
DA:42,7
DA:43,7
DA:44,7
DA:45,7
DA:46,7
DA:47,7
DA:48,6
DA:49,6
DA:50,7
DA:51,7
DA:52,1
DA:53,1
DA:54,7
DA:55,7
DA:56,1
DA:57,1
DA:58,1
DA:59,1
DA:60,1
DA:61,1
DA:62,7
DA:63,7
DA:64,7
DA:65,7
DA:66,7
DA:67,7
DA:68,10
DA:69,5
DA:70,10
DA:71,1
DA:72,1
DA:73,1
DA:74,4
DA:75,10
DA:76,10
DA:77,1
DA:78,1
DA:79,1
DA:80,1
DA:81,1
DA:82,1
DA:83,1
DA:84,1
DA:85,1
DA:86,10
DA:87,1
DA:88,1
DA:89,10
DA:90,1
DA:91,1
DA:92,1
DA:93,1
DA:94,1
DA:95,1
DA:96,1
DA:97,10
DA:98,1
DA:99,10
DA:100,1
DA:101,1
DA:102,1
DA:103,1
DA:104,1
DA:105,1
DA:106,1
DA:107,1
DA:108,10
DA:109,10
DA:110,10
DA:111,10
DA:112,10
DA:113,10
DA:114,10
DA:115,10
DA:116,10
DA:117,10
DA:118,10
DA:119,10
DA:120,0
DA:121,0
DA:122,10
DA:123,10
DA:124,0
DA:125,0
DA:126,0
DA:127,0
DA:128,0
DA:129,0
DA:130,0
DA:131,0
DA:132,0
DA:133,0
DA:134,0
DA:135,0
DA:136,7
DA:137,7
DA:138,7
DA:139,7
DA:140,7
DA:141,7
DA:142,0
DA:143,0
DA:144,0
DA:145,0
DA:146,0
DA:147,0
DA:148,0
DA:149,0
DA:150,0
DA:151,0
DA:152,7
DA:153,7
DA:154,7
DA:155,7
DA:156,0
DA:157,0
DA:158,0
DA:159,0
DA:160,0
DA:161,0
DA:162,0
DA:163,7
DA:164,7
LH:133
LF:164
end_of_record
SF:src/cli/lib/print_help.ts
FN:2,__name
FN:5,printHelp
FNDA:16,__name
FNDA:6,printHelp
FNF:2
FNH:2
BRDA:1,0,0,16
BRDA:2,1,0,16
BRDA:5,2,0,6
BRF:3
BRH:3
DA:1,16
DA:2,16
DA:3,16
DA:4,16
DA:5,16
DA:6,6
DA:7,6
DA:8,6
DA:9,6
DA:10,6
DA:11,6
DA:12,6
DA:13,6
DA:14,6
DA:15,6
DA:16,6
DA:17,6
DA:18,6
DA:19,6
DA:20,6
DA:21,6
DA:22,6
DA:23,6
DA:24,6
DA:25,6
LH:25
LF:25
end_of_record
SF:src/lib/compiler.ts
FN:2,__name
FN:9,<static_initializer>
FN:10,<instance_members_initializer>
FN:10,Compiler
FN:15,_update
FN:17,_commonjs
FN:73,_esm
FN:116,compile
FNDA:20,__name
FNDA:20,<static_initializer>
FNDA:8,<instance_members_initializer>
FNDA:8,Compiler
FNDA:20,_update
FNDA:4,_commonjs
FNDA:8,_esm
FNDA:9,compile
FNF:8
FNH:8
BRDA:1,0,0,20
BRDA:2,1,0,20
BRDA:9,2,0,20
BRDA:10,3,0,8
BRDA:10,4,0,8
BRDA:15,5,0,20
BRDA:17,6,0,4
BRDA:46,7,0,0
BRDA:59,8,0,0
BRDA:66,9,0,0
BRDA:73,10,0,8
BRDA:96,11,0,1
BRDA:97,12,0,2
BRDA:100,13,0,1
BRDA:103,14,0,0
BRDA:116,15,0,8
BRDA:121,16,0,9
BRDA:121,17,0,3
BRDA:126,18,0,4
BRDA:121,19,0,1
BRF:20
BRH:16
DA:1,20
DA:2,20
DA:3,20
DA:4,20
DA:5,20
DA:6,20
DA:7,20
DA:8,20
DA:9,20
DA:10,20
DA:11,8
DA:12,8
DA:13,8
DA:14,8
DA:15,20
DA:16,20
DA:17,20
DA:18,4
DA:19,4
DA:20,4
DA:21,4
DA:22,4
DA:23,4
DA:24,4
DA:25,4
DA:26,4
DA:27,4
DA:28,4
DA:29,4
DA:30,4
DA:31,4
DA:32,4
DA:33,4
DA:34,4
DA:35,4
DA:36,4
DA:37,4
DA:38,4
DA:39,4
DA:40,4
DA:41,4
DA:42,4
DA:43,4
DA:44,4
DA:45,4
DA:46,4
DA:47,0
DA:48,0
DA:49,0
DA:50,0
DA:51,0
DA:52,0
DA:53,0
DA:54,0
DA:55,0
DA:56,0
DA:57,4
DA:58,4
DA:59,4
DA:60,0
DA:61,4
DA:62,4
DA:63,4
DA:64,4
DA:65,4
DA:66,4
DA:67,4
DA:68,4
DA:69,4
DA:70,4
DA:71,4
DA:72,4
DA:73,20
DA:74,8
DA:75,8
DA:76,8
DA:77,8
DA:78,8
DA:79,8
DA:80,8
DA:81,8
DA:82,8
DA:83,8
DA:84,8
DA:85,8
DA:86,8
DA:87,8
DA:88,8
DA:89,8
DA:90,8
DA:91,8
DA:92,8
DA:93,8
DA:94,8
DA:95,8
DA:96,8
DA:97,1
DA:98,2
DA:99,2
DA:100,2
DA:101,1
DA:102,8
DA:103,8
DA:104,0
DA:105,8
DA:106,8
DA:107,8
DA:108,8
DA:109,8
DA:110,8
DA:111,8
DA:112,8
DA:113,8
DA:114,8
DA:115,8
DA:116,20
DA:117,8
DA:118,8
DA:119,8
DA:120,8
DA:121,8
DA:122,1
DA:123,1
DA:124,1
DA:125,1
DA:126,1
DA:127,1
DA:128,1
DA:129,1
DA:130,9
DA:131,20
DA:132,20
DA:133,20
DA:134,20
DA:135,20
DA:136,20
DA:137,20
DA:138,20
DA:139,20
DA:140,20
DA:141,20
DA:142,20
DA:143,20
DA:144,20
DA:145,20
DA:146,20
DA:147,20
DA:148,20
DA:149,20
DA:150,20
DA:151,20
DA:152,20
DA:153,20
DA:154,20
DA:155,20
DA:156,20
DA:157,20
DA:158,20
DA:159,20
DA:160,20
DA:161,20
DA:162,20
DA:163,20
DA:164,20
DA:165,20
DA:166,20
DA:167,20
DA:168,20
DA:169,20
DA:170,20
DA:171,20
DA:172,20
DA:173,20
DA:174,20
DA:175,20
DA:176,20
DA:177,20
DA:178,20
DA:179,20
DA:180,20
DA:181,20
DA:182,20
DA:183,20
DA:184,20
DA:185,20
DA:186,20
DA:187,20
DA:188,20
LH:176
LF:188
end_of_record
SF:src/lib/suseeConfig.ts
FN:2,__name
FN:6,anonymous_1
FN:25,checkEntries
FN:55,generateBuildOptions
FN:90,finalSuseeConfig
FN:92,anonymous_5
FNDA:76,__name
FNDA:9,anonymous_1
FNDA:5,checkEntries
FNDA:5,generateBuildOptions
FNDA:7,finalSuseeConfig
FNDA:5,anonymous_5
FNF:6
FNH:6
BRDA:1,0,0,19
BRDA:2,1,0,76
BRDA:6,2,0,7
BRDA:15,3,0,9
BRDA:22,4,0,2
BRDA:25,5,0,5
BRDA:36,6,0,4
BRDA:52,7,0,2
BRDA:54,8,0,1
BRDA:39,9,0,1
BRDA:55,10,0,5
BRDA:71,11,0,0
BRDA:83,12,0,0
BRDA:90,13,0,7
BRDA:91,14,0,1
BRDA:92,15,0,5
BRDA:93,16,0,0
BRF:17
BRH:14
DA:1,19
DA:2,19
DA:3,19
DA:4,19
DA:5,19
DA:6,19
DA:7,7
DA:8,7
DA:9,7
DA:10,7
DA:11,7
DA:12,7
DA:13,7
DA:14,7
DA:15,7
DA:16,9
DA:17,9
DA:18,9
DA:19,9
DA:20,9
DA:21,9
DA:22,9
DA:23,7
DA:24,7
DA:25,19
DA:26,5
DA:27,5
DA:28,5
DA:29,5
DA:30,5
DA:31,5
DA:32,5
DA:33,5
DA:34,5
DA:35,5
DA:36,5
DA:37,4
DA:38,4
DA:39,4
DA:40,1
DA:41,1
DA:42,5
DA:43,5
DA:44,5
DA:45,5
DA:46,5
DA:47,5
DA:48,5
DA:49,5
DA:50,5
DA:51,5
DA:52,5
DA:53,2
DA:54,2
DA:55,19
DA:56,5
DA:57,5
DA:58,5
DA:59,5
DA:60,5
DA:61,5
DA:62,5
DA:63,5
DA:64,5
DA:65,5
DA:66,5
DA:67,5
DA:68,5
DA:69,5
DA:70,5
DA:71,5
DA:72,5
DA:73,5
DA:74,5
DA:75,5
DA:76,5
DA:77,5
DA:78,5
DA:79,5
DA:80,5
DA:81,5
DA:82,5
DA:83,5
DA:84,0
DA:85,0
DA:86,0
DA:87,5
DA:88,5
DA:89,19
DA:90,19
DA:91,7
DA:92,1
DA:93,5
DA:94,1
DA:95,7
DA:96,19
DA:97,19
DA:98,19
DA:99,19
DA:100,19
DA:101,19
DA:102,19
DA:103,19
DA:104,19
DA:105,19
DA:106,19
DA:107,19
DA:108,19
DA:109,19
DA:110,19
DA:111,19
DA:112,19
DA:113,19
DA:114,19
DA:115,19
DA:116,19
DA:117,19
DA:118,19
DA:119,19
DA:120,19
DA:121,19
DA:122,19
DA:123,19
DA:124,19
DA:125,19
DA:126,19
DA:127,19
DA:128,19
DA:129,19
DA:130,19
DA:131,19
DA:132,19
DA:133,19
DA:134,19
DA:135,19
DA:136,19
DA:137,19
DA:138,19
DA:139,19
DA:140,19
DA:141,19
DA:142,19
DA:143,19
DA:144,19
DA:145,19
DA:146,19
DA:147,19
DA:148,19
DA:149,19
DA:150,19
DA:151,19
DA:152,19
DA:153,19
DA:154,19
DA:155,19
DA:156,19
DA:157,19
DA:158,19
DA:159,19
DA:160,19
DA:161,19
DA:162,19
DA:163,19
DA:164,19
DA:165,19
DA:166,19
DA:167,19
DA:168,19
DA:169,19
DA:170,19
DA:171,19
DA:172,19
DA:173,19
DA:174,19
DA:175,19
DA:176,19
DA:177,19
DA:178,19
DA:179,19
DA:180,19
DA:181,19
DA:182,19
DA:183,19
DA:184,19
DA:185,19
DA:186,19
DA:187,19
DA:188,19
DA:189,19
DA:190,19
DA:191,19
DA:192,19
DA:193,19
DA:194,19
DA:195,19
DA:196,19
DA:197,19
DA:198,19
DA:199,19
DA:200,19
DA:201,19
DA:202,19
DA:203,19
DA:204,19
DA:205,19
DA:206,19
DA:207,19
DA:208,19
DA:209,19
DA:210,19
DA:211,19
DA:212,19
DA:213,19
DA:214,19
DA:215,19
DA:216,19
DA:217,19
DA:218,19
DA:219,19
DA:220,19
DA:221,19
DA:222,19
DA:223,19
LH:220
LF:223
end_of_record
SF:../../../../../tmp/susee-cli-default-build-zxBU6y/susee.config.js
FNF:0
FNH:0
BRDA:1,0,0,1
BRF:1
BRH:1
DA:1,1
DA:2,1
DA:3,1
DA:4,1
DA:5,1
DA:6,1
DA:7,1
DA:8,1
DA:9,1
LH:9
LF:9
end_of_record
SF:../../../../../tmp/susee-compiler-package-json-njJ8yz/compile.ts
FNF:0
FNH:0
BRDA:1,0,0,1
BRF:1
BRH:1
DA:1,1
DA:2,1
DA:3,1
DA:4,1
DA:5,1
DA:6,1
DA:7,1
DA:8,1
DA:9,1
DA:10,1
DA:11,1
DA:12,1
DA:13,1
DA:14,1
DA:15,1
DA:16,1
DA:17,1
DA:18,1
DA:19,1
DA:20,1
DA:21,1
DA:22,1
DA:23,1
DA:24,1
LH:24
LF:24
end_of_record
SF:../../../../../tmp/susee-jsx-compiler-mismatch-mt60tK/compile.ts
FN:2,__name
FN:11,main
FNDA:1,__name
FNDA:1,main
FNF:2
FNH:2
BRDA:1,0,0,1
BRDA:2,1,0,1
BRDA:11,2,0,1
BRF:3
BRH:3
DA:1,1
DA:2,1
DA:3,1
DA:4,1
DA:5,1
DA:6,1
DA:7,1
DA:8,1
DA:9,1
DA:10,1
DA:11,1
DA:12,1
DA:13,1
DA:14,1
DA:15,1
DA:16,1
DA:17,1
DA:18,1
DA:19,1
DA:20,1
DA:21,1
DA:22,1
DA:23,1
DA:24,1
DA:25,1
DA:26,1
DA:27,1
DA:28,1
LH:28
LF:28
end_of_record
SF:../../../../../tmp/susee-jsx-compiler-missing-import-source-Le1Ix6/compile.ts
FN:2,__name
FN:11,main
FNDA:1,__name
FNDA:1,main
FNF:2
FNH:2
BRDA:1,0,0,1
BRDA:2,1,0,1
BRDA:11,2,0,1
BRF:3
BRH:3
DA:1,1
DA:2,1
DA:3,1
DA:4,1
DA:5,1
DA:6,1
DA:7,1
DA:8,1
DA:9,1
DA:10,1
DA:11,1
DA:12,1
DA:13,1
DA:14,1
DA:15,1
DA:16,1
DA:17,1
DA:18,1
DA:19,1
DA:20,1
DA:21,1
DA:22,1
DA:23,1
DA:24,1
DA:25,1
DA:26,1
DA:27,1
DA:28,1
LH:28
LF:28
end_of_record
SF:../../../../../tmp/susee-jsx-compiler-success-8tQrhM/compile.ts
FN:2,__name
FN:11,main
FNDA:1,__name
FNDA:1,main
FNF:2
FNH:2
BRDA:1,0,0,1
BRDA:2,1,0,1
BRDA:11,2,0,1
BRF:3
BRH:3
DA:1,1
DA:2,1
DA:3,1
DA:4,1
DA:5,1
DA:6,1
DA:7,1
DA:8,1
DA:9,1
DA:10,1
DA:11,1
DA:12,1
DA:13,1
DA:14,1
DA:15,1
DA:16,1
DA:17,1
DA:18,1
DA:19,1
DA:20,1
DA:21,1
DA:22,1
DA:23,1
DA:24,1
DA:25,1
DA:26,1
DA:27,1
DA:28,1
LH:28
LF:28
end_of_record
SF:../../../../../tmp/susee-jsx-compiler-success-8tQrhM/dist/index.mjs
FNF:0
FNH:0
BRDA:1,0,0,1
BRF:1
BRH:1
DA:1,1
DA:2,1
DA:3,1
DA:4,1
LH:4
LF:4
end_of_record
SF:../../../../../tmp/susee-parse-argv-duplicate-entry-RRbFYR/duplicate-entry.ts
FN:1,anonymous_0
FNDA:1,anonymous_0
FNF:1
FNH:1
BRDA:1,0,0,1
BRDA:1,1,0,1
BRF:2
BRH:2
DA:1,1
DA:2,1
LH:2
LF:2
end_of_record
SF:../../../../../tmp/susee-parse-argv-invalid-boolean-OVRVTX/invalid-boolean.ts
FN:1,anonymous_0
FNDA:1,anonymous_0
FNF:1
FNH:1
BRDA:1,0,0,1
BRDA:1,1,0,1
BRF:2
BRH:2
DA:1,1
DA:2,1
LH:2
LF:2
end_of_record
SF:../../../../../tmp/susee-parse-argv-invalid-format-cPEgFh/invalid-format.ts
FN:1,anonymous_0
FNDA:1,anonymous_0
FNF:1
FNH:1
BRDA:1,0,0,1
BRDA:1,1,0,1
BRF:2
BRH:2
DA:1,1
DA:2,1
LH:2
LF:2
end_of_record
SF:../../../../../tmp/susee-parse-argv-missing-entry-a4GQ6t/missing-entry.ts
FN:1,anonymous_0
FNDA:1,anonymous_0
FNF:1
FNH:1
BRDA:1,0,0,1
BRDA:1,1,0,1
BRF:2
BRH:2
DA:1,1
DA:2,1
LH:2
LF:2
end_of_record
SF:../../../../../tmp/susee-parse-argv-missing-entry-value-aLgOXs/missing-entry-value.ts
FN:2,anonymous_0
FNDA:1,anonymous_0
FNF:1
FNH:1
BRDA:1,0,0,1
BRDA:2,1,0,1
BRF:2
BRH:2
DA:1,1
DA:2,1
LH:2
LF:2
end_of_record
SF:../../../../../tmp/susee-parse-argv-missing-outdir-b0g187/missing-outdir.ts
FN:1,anonymous_0
FNDA:1,anonymous_0
FNF:1
FNH:1
BRDA:1,0,0,1
BRDA:1,1,0,1
BRF:2
BRH:2
DA:1,1
DA:2,1
LH:2
LF:2
end_of_record
SF:../../../../../tmp/susee-parse-argv-missing-tsconfig-5enBPW/missing-tsconfig.ts
FN:1,anonymous_0
FNDA:1,anonymous_0
FNF:1
FNH:1
BRDA:1,0,0,1
BRDA:1,1,0,1
BRF:2
BRH:2
DA:1,1
DA:2,1
LH:2
LF:2
end_of_record
